
C:\Users\MightyDubster\Documents\Projects\pygmyos.code\bootv2\main.o:     file format elf32-littlearm
C:\Users\MightyDubster\Documents\Projects\pygmyos.code\bootv2\main.o


Disassembly of section .text.cmd_rmdir:

00000000 <cmd_rmdir>:
cmd_rmdir():
   0:	4770      	bx	lr

Disassembly of section .text.cmdReset:

00000000 <cmdReset>:
cmdReset():
   0:	4a01      	ldr	r2, [pc, #4]	; (8 <cmdReset+0x8>)
   2:	4b02      	ldr	r3, [pc, #8]	; (c <cmdReset+0xc>)
   4:	60da      	str	r2, [r3, #12]
   6:	4770      	bx	lr
   8:	05fa0004 	.word	0x05fa0004
   c:	e000ed00 	.word	0xe000ed00

Disassembly of section .text.cmdMv:

00000000 <cmdMv>:
cmdMv():
   0:	b510      	push	{r4, lr}
   2:	2106      	movs	r1, #6
   4:	f7ff fffe 	bl	0 <getNextSubString>
   8:	2106      	movs	r1, #6
   a:	4604      	mov	r4, r0
   c:	4804      	ldr	r0, [pc, #16]	; (20 <cmdMv+0x20>)
   e:	f7ff fffe 	bl	0 <getNextSubString>
  12:	4601      	mov	r1, r0
  14:	4620      	mov	r0, r4
  16:	e8bd 4010 	ldmia.w	sp!, {r4, lr}
  1a:	f7ff bffe 	b.w	0 <fileRename>
  1e:	bf00      	nop
  20:	00000000 	.word	0x00000000

Disassembly of section .text.cmdLs:

00000000 <cmdLs>:
cmdLs():
   0:	b570      	push	{r4, r5, r6, lr}
   2:	f7ff fffe 	bl	0 <fileGetCurrentMountPoint>
   6:	2001      	movs	r0, #1
   8:	4916      	ldr	r1, [pc, #88]	; (64 <cmdLs+0x64>)
   a:	f7ff fffe 	bl	0 <print>
   e:	f241 7570 	movw	r5, #6000	; 0x1770
  12:	2400      	movs	r4, #0
  14:	4b14      	ldr	r3, [pc, #80]	; (68 <cmdLs+0x68>)
  16:	681b      	ldr	r3, [r3, #0]
  18:	681a      	ldr	r2, [r3, #0]
  1a:	6bd8      	ldr	r0, [r3, #60]	; 0x3c
  1c:	6811      	ldr	r1, [r2, #0]
  1e:	2300      	movs	r3, #0
  20:	4622      	mov	r2, r4
  22:	4788      	blx	r1
  24:	f014 0f0f 	tst.w	r4, #15
  28:	4606      	mov	r6, r0
  2a:	d104      	bne.n	36 <cmdLs+0x36>
  2c:	2001      	movs	r0, #1
  2e:	490f      	ldr	r1, [pc, #60]	; (6c <cmdLs+0x6c>)
  30:	0922      	lsrs	r2, r4, #4
  32:	f7ff fffe 	bl	0 <print>
  36:	4630      	mov	r0, r6
  38:	f7ff fffe 	bl	0 <isPrintable>
  3c:	b110      	cbz	r0, 44 <cmdLs+0x44>
  3e:	2001      	movs	r0, #1
  40:	490b      	ldr	r1, [pc, #44]	; (70 <cmdLs+0x70>)
  42:	e003      	b.n	4c <cmdLs+0x4c>
  44:	2eff      	cmp	r6, #255	; 0xff
  46:	d004      	beq.n	52 <cmdLs+0x52>
  48:	490a      	ldr	r1, [pc, #40]	; (74 <cmdLs+0x74>)
  4a:	2001      	movs	r0, #1
  4c:	4632      	mov	r2, r6
  4e:	f7ff fffe 	bl	0 <print>
  52:	3d01      	subs	r5, #1
  54:	3401      	adds	r4, #1
  56:	b2ad      	uxth	r5, r5
  58:	b2a4      	uxth	r4, r4
  5a:	2d00      	cmp	r5, #0
  5c:	d1da      	bne.n	14 <cmdLs+0x14>
  5e:	2001      	movs	r0, #1
  60:	bd70      	pop	{r4, r5, r6, pc}
  62:	bf00      	nop
  64:	00000001 	.word	0x00000001
  68:	00000000 	.word	0x00000000
  6c:	00000003 	.word	0x00000003
  70:	00000008 	.word	0x00000008
  74:	0000000b 	.word	0x0000000b

Disassembly of section .text.cmd_cd:

00000000 <cmd_cd>:
cmd_cd():
   0:	b510      	push	{r4, lr}
   2:	2104      	movs	r1, #4
   4:	f7ff fffe 	bl	0 <getNextSubString>
   8:	e8bd 4010 	ldmia.w	sp!, {r4, lr}
   c:	f7ff bffe 	b.w	0 <fileChangeCurrentPath>

Disassembly of section .text.cmd_mkdir:

00000000 <cmd_mkdir>:
cmd_mkdir():
   0:	2113      	movs	r1, #19
   2:	2200      	movs	r2, #0
   4:	b508      	push	{r3, lr}
   6:	f7ff fffe 	bl	0 <fileOpen>
   a:	3800      	subs	r0, #0
   c:	bf18      	it	ne
   e:	2001      	movne	r0, #1
  10:	bd08      	pop	{r3, pc}

Disassembly of section .text.cmd_new:

00000000 <cmd_new>:
cmd_new():
   0:	2103      	movs	r1, #3
   2:	2200      	movs	r2, #0
   4:	b508      	push	{r3, lr}
   6:	f7ff fffe 	bl	0 <fileOpen>
   a:	3800      	subs	r0, #0
   c:	bf18      	it	ne
   e:	2001      	movne	r0, #1
  10:	bd08      	pop	{r3, pc}

Disassembly of section .text.cmdRm:

00000000 <cmdRm>:
cmdRm():
   0:	b510      	push	{r4, lr}
   2:	2106      	movs	r1, #6
   4:	f7ff fffe 	bl	0 <getNextSubString>
   8:	e8bd 4010 	ldmia.w	sp!, {r4, lr}
   c:	f7ff bffe 	b.w	0 <fileDelete>

Disassembly of section .text.cmdRead:

00000000 <cmdRead>:
cmdRead():
   0:	b570      	push	{r4, r5, r6, lr}
   2:	2106      	movs	r1, #6
   4:	f7ff fffe 	bl	0 <getNextSubString>
   8:	2800      	cmp	r0, #0
   a:	d02e      	beq.n	6a <cmdRead+0x6a>
   c:	2400      	movs	r4, #0
   e:	e026      	b.n	5e <cmdRead+0x5e>
  10:	4630      	mov	r0, r6
  12:	f7ff fffe 	bl	0 <fileGetChar>
  16:	f996 3024 	ldrsb.w	r3, [r6, #36]	; 0x24
  1a:	4605      	mov	r5, r0
  1c:	2b00      	cmp	r3, #0
  1e:	db1c      	blt.n	5a <cmdRead+0x5a>
  20:	280d      	cmp	r0, #13
  22:	bf08      	it	eq
  24:	2400      	moveq	r4, #0
  26:	2350      	movs	r3, #80	; 0x50
  28:	fbb4 f2f3 	udiv	r2, r4, r3
  2c:	fb03 4312 	mls	r3, r3, r2, r4
  30:	b29b      	uxth	r3, r3
  32:	b91b      	cbnz	r3, 3c <cmdRead+0x3c>
  34:	2001      	movs	r0, #1
  36:	490d      	ldr	r1, [pc, #52]	; (6c <cmdRead+0x6c>)
  38:	f7ff fffe 	bl	0 <print>
  3c:	2d0d      	cmp	r5, #13
  3e:	d007      	beq.n	50 <cmdRead+0x50>
  40:	f1a5 0320 	sub.w	r3, r5, #32
  44:	b2db      	uxtb	r3, r3
  46:	2b5e      	cmp	r3, #94	; 0x5e
  48:	d902      	bls.n	50 <cmdRead+0x50>
  4a:	2001      	movs	r0, #1
  4c:	4908      	ldr	r1, [pc, #32]	; (70 <cmdRead+0x70>)
  4e:	e001      	b.n	54 <cmdRead+0x54>
  50:	4908      	ldr	r1, [pc, #32]	; (74 <cmdRead+0x74>)
  52:	2001      	movs	r0, #1
  54:	462a      	mov	r2, r5
  56:	f7ff fffe 	bl	0 <print>
  5a:	3401      	adds	r4, #1
  5c:	b2a4      	uxth	r4, r4
  5e:	4e06      	ldr	r6, [pc, #24]	; (78 <cmdRead+0x78>)
  60:	f996 3024 	ldrsb.w	r3, [r6, #36]	; 0x24
  64:	2b00      	cmp	r3, #0
  66:	dad3      	bge.n	10 <cmdRead+0x10>
  68:	2001      	movs	r0, #1
  6a:	bd70      	pop	{r4, r5, r6, pc}
  6c:	00000001 	.word	0x00000001
  70:	0000000b 	.word	0x0000000b
  74:	00000008 	.word	0x00000008
  78:	00000000 	.word	0x00000000

Disassembly of section .text.cmdSend:

00000000 <cmdSend>:
cmdSend():
   0:	b5102106 	.word	0xb5102106
   4:	f7ff fffe 	bl	0 <getNextSubString>
   8:	4601      	mov	r1, r0
   a:	4802      	ldr	r0, [pc, #8]	; (14 <cmdSend+0x14>)
   c:	e8bd 4010 	ldmia.w	sp!, {r4, lr}
  10:	f7ff bffe 	b.w	0 <xmodemSend>
  14:	00000000 	.word	0x00000000

Disassembly of section .text.cmdRecv:

00000000 <cmdRecv>:
cmdRecv():
   0:	2106      	movs	r1, #6
   2:	b510      	push	{r4, lr}
   4:	f7ff fffe 	bl	0 <getNextSubString>
   8:	4601      	mov	r1, r0
   a:	4802      	ldr	r0, [pc, #8]	; (14 <cmdRecv+0x14>)
   c:	e8bd 4010 	ldmia.w	sp!, {r4, lr}
  10:	f7ff bffe 	b.w	0 <xmodemRecv>
  14:	00000000 	.word	0x00000000

Disassembly of section .text.cmdRFPut:

00000000 <cmdRFPut>:
cmdRFPut():
   0:	b538      	push	{r3, r4, r5, lr}
   2:	2106      	movs	r1, #6
   4:	f7ff fffe 	bl	0 <getNextSubString>
   8:	2106      	movs	r1, #6
   a:	4604      	mov	r4, r0
   c:	2000      	movs	r0, #0
   e:	f7ff fffe 	bl	0 <getNextSubString>
  12:	4605      	mov	r5, r0
  14:	b144      	cbz	r4, 28 <cmdRFPut+0x28>
  16:	b148      	cbz	r0, 2c <cmdRFPut+0x2c>
  18:	4620      	mov	r0, r4
  1a:	f7ff fffe 	bl	0 <convertStringToInt>
  1e:	4629      	mov	r1, r5
  20:	f7ff fffe 	bl	0 <socketSendFile>
  24:	2001      	movs	r0, #1
  26:	bd38      	pop	{r3, r4, r5, pc}
  28:	4620      	mov	r0, r4
  2a:	bd38      	pop	{r3, r4, r5, pc}
  2c:	bd38      	pop	{r3, r4, r5, pc}

Disassembly of section .text.cmdRFGet:

00000000 <cmdRFGet>:
cmdRFGet():
   0:	b538      	push	{r3, r4, r5, lr}
   2:	2106      	movs	r1, #6
   4:	f7ff fffe 	bl	0 <getNextSubString>
   8:	2106      	movs	r1, #6
   a:	4604      	mov	r4, r0
   c:	2000      	movs	r0, #0
   e:	f7ff fffe 	bl	0 <getNextSubString>
  12:	4605      	mov	r5, r0
  14:	b144      	cbz	r4, 28 <cmdRFGet+0x28>
  16:	b148      	cbz	r0, 2c <cmdRFGet+0x2c>
  18:	4620      	mov	r0, r4
  1a:	f7ff fffe 	bl	0 <convertStringToInt>
  1e:	4629      	mov	r1, r5
  20:	f7ff fffe 	bl	0 <socketRequestFile>
  24:	2001      	movs	r0, #1
  26:	bd38      	pop	{r3, r4, r5, pc}
  28:	4620      	mov	r0, r4
  2a:	bd38      	pop	{r3, r4, r5, pc}
  2c:	bd38      	pop	{r3, r4, r5, pc}

Disassembly of section .text.cmdFormat:

00000000 <cmdFormat>:
cmdFormat():
   0:	b508      	push	{r3, lr}
   2:	4b03      	ldr	r3, [pc, #12]	; (10 <cmdFormat+0x10>)
   4:	4903      	ldr	r1, [pc, #12]	; (14 <cmdFormat+0x14>)
   6:	6818      	ldr	r0, [r3, #0]
   8:	f7ff fffe 	bl	0 <fileFormat>
   c:	2001      	movs	r0, #1
   e:	bd08      	pop	{r3, pc}
  10:	00000000 	.word	0x00000000
  14:	00000010 	.word	0x00000010

Disassembly of section .text.cmdErase:

00000000 <cmdErase>:
cmdErase():
   0:	b508      	push	{r3, lr}
   2:	f7ff fffe 	bl	0 <fpecEraseProgramMemory>
   6:	4b03      	ldr	r3, [pc, #12]	; (14 <cmdErase+0x14>)
   8:	2001      	movs	r0, #1
   a:	781a      	ldrb	r2, [r3, #0]
   c:	f042 0201 	orr.w	r2, r2, #1
  10:	701a      	strb	r2, [r3, #0]
  12:	bd08      	pop	{r3, pc}
  14:	00000000 	.word	0x00000000

Disassembly of section .text.cmd_dump:

00000000 <cmd_dump>:
cmd_dump():
   0:	e92d 41ff 	stmdb	sp!, {r0, r1, r2, r3, r4, r5, r6, r7, r8, lr}
   4:	4604      	mov	r4, r0
   6:	f7ff fffe 	bl	0 <fileGetCurrentMountPoint>
   a:	a901      	add	r1, sp, #4
   c:	4605      	mov	r5, r0
   e:	2203      	movs	r2, #3
  10:	4620      	mov	r0, r4
  12:	2306      	movs	r3, #6
  14:	f7ff fffe 	bl	0 <getAllSubStrings>
  18:	2d00      	cmp	r5, #0
  1a:	d03b      	beq.n	94 <cmd_dump+0x94>
  1c:	b2c0      	uxtb	r0, r0
  1e:	2801      	cmp	r0, #1
  20:	d93a      	bls.n	98 <cmd_dump+0x98>
  22:	9801      	ldr	r0, [sp, #4]
  24:	491e      	ldr	r1, [pc, #120]	; (a0 <cmd_dump+0xa0>)
  26:	f7ff fffe 	bl	0 <isStringSameIgnoreCase>
  2a:	b130      	cbz	r0, 3a <cmd_dump+0x3a>
  2c:	9802      	ldr	r0, [sp, #8]
  2e:	f7ff fffe 	bl	0 <convertStringToInt>
  32:	f44f 5780 	mov.w	r7, #4096	; 0x1000
  36:	4606      	mov	r6, r0
  38:	e007      	b.n	4a <cmd_dump+0x4a>
  3a:	9801      	ldr	r0, [sp, #4]
  3c:	f7ff fffe 	bl	0 <convertStringToInt>
  40:	4606      	mov	r6, r0
  42:	9802      	ldr	r0, [sp, #8]
  44:	f7ff fffe 	bl	0 <convertStringToInt>
  48:	4607      	mov	r7, r0
  4a:	2001      	movs	r0, #1
  4c:	4915      	ldr	r1, [pc, #84]	; (a4 <cmd_dump+0xa4>)
  4e:	f7ff fffe 	bl	0 <print>
  52:	2400      	movs	r4, #0
  54:	e01a      	b.n	8c <cmd_dump+0x8c>
  56:	682b      	ldr	r3, [r5, #0]
  58:	6be8      	ldr	r0, [r5, #60]	; 0x3c
  5a:	6819      	ldr	r1, [r3, #0]
  5c:	19a2      	adds	r2, r4, r6
  5e:	2300      	movs	r3, #0
  60:	4788      	blx	r1
  62:	f014 0f0f 	tst.w	r4, #15
  66:	4680      	mov	r8, r0
  68:	d103      	bne.n	72 <cmd_dump+0x72>
  6a:	2001      	movs	r0, #1
  6c:	490d      	ldr	r1, [pc, #52]	; (a4 <cmd_dump+0xa4>)
  6e:	f7ff fffe 	bl	0 <print>
  72:	4640      	mov	r0, r8
  74:	f7ff fffe 	bl	0 <isPrintable>
  78:	b110      	cbz	r0, 80 <cmd_dump+0x80>
  7a:	2001      	movs	r0, #1
  7c:	490a      	ldr	r1, [pc, #40]	; (a8 <cmd_dump+0xa8>)
  7e:	e001      	b.n	84 <cmd_dump+0x84>
  80:	490a      	ldr	r1, [pc, #40]	; (ac <cmd_dump+0xac>)
  82:	2001      	movs	r0, #1
  84:	4642      	mov	r2, r8
  86:	f7ff fffe 	bl	0 <print>
  8a:	3401      	adds	r4, #1
  8c:	42bc      	cmp	r4, r7
  8e:	d3e2      	bcc.n	56 <cmd_dump+0x56>
  90:	2001      	movs	r0, #1
  92:	e002      	b.n	9a <cmd_dump+0x9a>
  94:	4628      	mov	r0, r5
  96:	e000      	b.n	9a <cmd_dump+0x9a>
  98:	2000      	movs	r0, #0
  9a:	b004      	add	sp, #16
  9c:	e8bd 81f0 	ldmia.w	sp!, {r4, r5, r6, r7, r8, pc}
  a0:	00000017 	.word	0x00000017
  a4:	00000001 	.word	0x00000001
  a8:	0000001e 	.word	0x0000001e
  ac:	00000023 	.word	0x00000023

Disassembly of section .text.main:

00000000 <main>:
main():
   0:	b57f      	push	{r0, r1, r2, r3, r4, r5, r6, lr}
   2:	f7ff fffe 	bl	0 <fpecGetID>
   6:	4d5b      	ldr	r5, [pc, #364]	; (174 <main+0x174>)
   8:	4a5b      	ldr	r2, [pc, #364]	; (178 <main+0x178>)
   a:	4b5c      	ldr	r3, [pc, #368]	; (17c <main+0x17c>)
   c:	6010      	str	r0, [r2, #0]
   e:	602b      	str	r3, [r5, #0]
  10:	6811      	ldr	r1, [r2, #0]
  12:	f240 4316 	movw	r3, #1046	; 0x416
  16:	4299      	cmp	r1, r3
  18:	4c59      	ldr	r4, [pc, #356]	; (180 <main+0x180>)
  1a:	495a      	ldr	r1, [pc, #360]	; (184 <main+0x184>)
  1c:	4b5a      	ldr	r3, [pc, #360]	; (188 <main+0x188>)
  1e:	d10a      	bne.n	36 <main+0x36>
  20:	4a5a      	ldr	r2, [pc, #360]	; (18c <main+0x18c>)
  22:	6022      	str	r2, [r4, #0]
  24:	4a5a      	ldr	r2, [pc, #360]	; (190 <main+0x190>)
  26:	600a      	str	r2, [r1, #0]
  28:	4a5a      	ldr	r2, [pc, #360]	; (194 <main+0x194>)
  2a:	2111      	movs	r1, #17
  2c:	601a      	str	r2, [r3, #0]
  2e:	4a5a      	ldr	r2, [pc, #360]	; (198 <main+0x198>)
  30:	6818      	ldr	r0, [r3, #0]
  32:	6011      	str	r1, [r2, #0]
  34:	e01b      	b.n	6e <main+0x6e>
  36:	6810      	ldr	r0, [r2, #0]
  38:	f5b0 6f84 	cmp.w	r0, #1056	; 0x420
  3c:	d003      	beq.n	46 <main+0x46>
  3e:	6812      	ldr	r2, [r2, #0]
  40:	f5b2 6f85 	cmp.w	r2, #1064	; 0x428
  44:	d107      	bne.n	56 <main+0x56>
  46:	4a55      	ldr	r2, [pc, #340]	; (19c <main+0x19c>)
  48:	6022      	str	r2, [r4, #0]
  4a:	4a55      	ldr	r2, [pc, #340]	; (1a0 <main+0x1a0>)
  4c:	600a      	str	r2, [r1, #0]
  4e:	4a55      	ldr	r2, [pc, #340]	; (1a4 <main+0x1a4>)
  50:	601a      	str	r2, [r3, #0]
  52:	6818      	ldr	r0, [r3, #0]
  54:	e00b      	b.n	6e <main+0x6e>
  56:	4a54      	ldr	r2, [pc, #336]	; (1a8 <main+0x1a8>)
  58:	4854      	ldr	r0, [pc, #336]	; (1ac <main+0x1ac>)
  5a:	6022      	str	r2, [r4, #0]
  5c:	4a54      	ldr	r2, [pc, #336]	; (1b0 <main+0x1b0>)
  5e:	600a      	str	r2, [r1, #0]
  60:	4a54      	ldr	r2, [pc, #336]	; (1b4 <main+0x1b4>)
  62:	2112      	movs	r1, #18
  64:	601a      	str	r2, [r3, #0]
  66:	4a54      	ldr	r2, [pc, #336]	; (1b8 <main+0x1b8>)
  68:	602a      	str	r2, [r5, #0]
  6a:	4a4b      	ldr	r2, [pc, #300]	; (198 <main+0x198>)
  6c:	6011      	str	r1, [r2, #0]
  6e:	4a53      	ldr	r2, [pc, #332]	; (1bc <main+0x1bc>)
  70:	6811      	ldr	r1, [r2, #0]
  72:	f441 3180 	orr.w	r1, r1, #65536	; 0x10000
  76:	6011      	str	r1, [r2, #0]
  78:	4a50      	ldr	r2, [pc, #320]	; (1bc <main+0x1bc>)
  7a:	6811      	ldr	r1, [r2, #0]
  7c:	f411 3f00 	tst.w	r1, #131072	; 0x20000
  80:	d0fa      	beq.n	78 <main+0x78>
  82:	2100      	movs	r1, #0
  84:	6291      	str	r1, [r2, #40]	; 0x28
  86:	6829      	ldr	r1, [r5, #0]
  88:	6051      	str	r1, [r2, #4]
  8a:	6811      	ldr	r1, [r2, #0]
  8c:	f041 7180 	orr.w	r1, r1, #16777216	; 0x1000000
  90:	6011      	str	r1, [r2, #0]
  92:	4a4a      	ldr	r2, [pc, #296]	; (1bc <main+0x1bc>)
  94:	6811      	ldr	r1, [r2, #0]
  96:	f011 7f00 	tst.w	r1, #33554432	; 0x2000000
  9a:	d0fa      	beq.n	92 <main+0x92>
  9c:	4948      	ldr	r1, [pc, #288]	; (1c0 <main+0x1c0>)
  9e:	f245 5555 	movw	r5, #21845	; 0x5555
  a2:	600d      	str	r5, [r1, #0]
  a4:	2505      	movs	r5, #5
  a6:	604d      	str	r5, [r1, #4]
  a8:	f640 75ff 	movw	r5, #4095	; 0xfff
  ac:	608d      	str	r5, [r1, #8]
  ae:	f64c 45cc 	movw	r5, #52428	; 0xcccc
  b2:	600d      	str	r5, [r1, #0]
  b4:	f64a 25aa 	movw	r5, #43690	; 0xaaaa
  b8:	600d      	str	r5, [r1, #0]
  ba:	4942      	ldr	r1, [pc, #264]	; (1c4 <main+0x1c4>)
  bc:	2580      	movs	r5, #128	; 0x80
  be:	604d      	str	r5, [r1, #4]
  c0:	681e      	ldr	r6, [r3, #0]
  c2:	f44f 75fa 	mov.w	r5, #500	; 0x1f4
  c6:	fbb6 f6f5 	udiv	r6, r6, r5
  ca:	f841 6ce8 	str.w	r6, [r1, #-232]
  ce:	681b      	ldr	r3, [r3, #0]
  d0:	fbb3 f5f5 	udiv	r5, r3, r5
  d4:	2307      	movs	r3, #7
  d6:	f841 5cec 	str.w	r5, [r1, #-236]
  da:	f841 3cf0 	str.w	r3, [r1, #-240]
  de:	6993      	ldr	r3, [r2, #24]
  e0:	f043 031c 	orr.w	r3, r3, #28
  e4:	6193      	str	r3, [r2, #24]
  e6:	69d3      	ldr	r3, [r2, #28]
  e8:	f443 2380 	orr.w	r3, r3, #262144	; 0x40000
  ec:	61d3      	str	r3, [r2, #28]
  ee:	4b36      	ldr	r3, [pc, #216]	; (1c8 <main+0x1c8>)
  f0:	685a      	ldr	r2, [r3, #4]
  f2:	f422 427f 	bic.w	r2, r2, #65280	; 0xff00
  f6:	605a      	str	r2, [r3, #4]
  f8:	685a      	ldr	r2, [r3, #4]
  fa:	f442 4296 	orr.w	r2, r2, #19200	; 0x4b00
  fe:	605a      	str	r2, [r3, #4]
 100:	08c2      	lsrs	r2, r0, #3
 102:	f44f 3361 	mov.w	r3, #230400	; 0x38400
 106:	fbb2 f2f3 	udiv	r2, r2, r3
 10a:	fbb0 f3f3 	udiv	r3, r0, r3
 10e:	f003 0307 	and.w	r3, r3, #7
 112:	eb03 1002 	add.w	r0, r3, r2, lsl #4
 116:	4b2d      	ldr	r3, [pc, #180]	; (1cc <main+0x1cc>)
 118:	b280      	uxth	r0, r0
 11a:	f44f 6200 	mov.w	r2, #2048	; 0x800
 11e:	8118      	strh	r0, [r3, #8]
 120:	829a      	strh	r2, [r3, #20]
 122:	f24a 022c 	movw	r2, #41004	; 0xa02c
 126:	819a      	strh	r2, [r3, #12]
 128:	f7ff fffe 	bl	0 <streamInit>
 12c:	4928      	ldr	r1, [pc, #160]	; (1d0 <main+0x1d0>)
 12e:	2001      	movs	r0, #1
 130:	f7ff fffe 	bl	0 <streamSetPut>
 134:	4927      	ldr	r1, [pc, #156]	; (1d4 <main+0x1d4>)
 136:	2001      	movs	r0, #1
 138:	f7ff fffe 	bl	0 <streamSetGet>
 13c:	2001      	movs	r0, #1
 13e:	f7ff fffe 	bl	0 <streamDisableDefaultGet>
 142:	231d      	movs	r3, #29
 144:	9300      	str	r3, [sp, #0]
 146:	3301      	adds	r3, #1
 148:	9301      	str	r3, [sp, #4]
 14a:	3301      	adds	r3, #1
 14c:	4a22      	ldr	r2, [pc, #136]	; (1d8 <main+0x1d8>)
 14e:	9302      	str	r3, [sp, #8]
 150:	2100      	movs	r1, #0
 152:	3b03      	subs	r3, #3
 154:	4821      	ldr	r0, [pc, #132]	; (1dc <main+0x1dc>)
 156:	f7ff fffe 	bl	0 <fileMount>
 15a:	2001      	movs	r0, #1
 15c:	4920      	ldr	r1, [pc, #128]	; (1e0 <main+0x1e0>)
 15e:	f7ff fffe 	bl	0 <print>
 162:	4b20      	ldr	r3, [pc, #128]	; (1e4 <main+0x1e4>)
 164:	2001      	movs	r0, #1
 166:	881b      	ldrh	r3, [r3, #0]
 168:	491f      	ldr	r1, [pc, #124]	; (1e8 <main+0x1e8>)
 16a:	6822      	ldr	r2, [r4, #0]
 16c:	b29b      	uxth	r3, r3
 16e:	f7ff fffe 	bl	0 <print>
 172:	e7fe      	b.n	4 <main+0x4>
	...
 17c:	00010002 	.word	0x00010002
	...
 190:	00f42400 	.word	0x00f42400
 194:	01e84800 	.word	0x01e84800
 198:	40022000 	.word	0x40022000
 19c:	00000005 	.word	0x00000005
 1a0:	00b71b00 	.word	0x00b71b00
 1a4:	016e3600 	.word	0x016e3600
 1a8:	0000000a 	.word	0x0000000a
 1ac:	02255100 	.word	0x02255100
 1b0:	007a1200 	.word	0x007a1200
 1b4:	044aa200 	.word	0x044aa200
 1b8:	001dc002 	.word	0x001dc002
 1bc:	40021000 	.word	0x40021000
 1c0:	40003000 	.word	0x40003000
 1c4:	e000e100 	.word	0xe000e100
 1c8:	40010c00 	.word	0x40010c00
 1cc:	40004800 	.word	0x40004800
	...
 1d8:	00000010 	.word	0x00000010
 1dc:	00000000 	.word	0x00000000
 1e0:	0000002a 	.word	0x0000002a
 1e4:	1ffff7e0 	.word	0x1ffff7e0
 1e8:	00000040 	.word	0x00000040

Disassembly of section .text.bootTest:

00000000 <bootTest>:
bootTest():
   0:	b090b570 	.word	0xb090b570
   4:	e031      	b.n	6a <bootTest+0x6a>
   6:	2500      	movs	r5, #0
   8:	481f      	ldr	r0, [pc, #124]	; (88 <bootTest+0x88>)
   a:	f7ff fffe 	bl	0 <fileGetChar>
   e:	280d      	cmp	r0, #13
  10:	f80d 0005 	strb.w	r0, [sp, r5]
  14:	d105      	bne.n	22 <bootTest+0x22>
  16:	aa10      	add	r2, sp, #64	; 0x40
  18:	1953      	adds	r3, r2, r5
  1a:	2200      	movs	r2, #0
  1c:	f803 2c40 	strb.w	r2, [r3, #-64]
  20:	e002      	b.n	28 <bootTest+0x28>
  22:	3501      	adds	r5, #1
  24:	2d40      	cmp	r5, #64	; 0x40
  26:	d1ef      	bne.n	8 <bootTest+0x8>
  28:	2106      	movs	r1, #6
  2a:	4668      	mov	r0, sp
  2c:	f7ff fffe 	bl	0 <getNextSubString>
  30:	7803      	ldrb	r3, [r0, #0]
  32:	4606      	mov	r6, r0
  34:	2b3a      	cmp	r3, #58	; 0x3a
  36:	d123      	bne.n	80 <bootTest+0x80>
  38:	1c44      	adds	r4, r0, #1
  3a:	4620      	mov	r0, r4
  3c:	4621      	mov	r1, r4
  3e:	f7ff fffe 	bl	0 <convertHexEncodedStringToBuffer>
  42:	7933      	ldrb	r3, [r6, #4]
  44:	2b01      	cmp	r3, #1
  46:	d015      	beq.n	74 <bootTest+0x74>
  48:	7871      	ldrb	r1, [r6, #1]
  4a:	4620      	mov	r0, r4
  4c:	3104      	adds	r1, #4
  4e:	f7ff fffe 	bl	0 <sysCRC8>
  52:	5d63      	ldrb	r3, [r4, r5]
  54:	4283      	cmp	r3, r0
  56:	d113      	bne.n	80 <bootTest+0x80>
  58:	7930      	ldrb	r0, [r6, #4]
  5a:	78b3      	ldrb	r3, [r6, #2]
  5c:	78f2      	ldrb	r2, [r6, #3]
  5e:	b920      	cbnz	r0, 6a <bootTest+0x6a>
  60:	021b      	lsls	r3, r3, #8
  62:	189b      	adds	r3, r3, r2
  64:	f5b3 5f00 	cmp.w	r3, #8192	; 0x2000
  68:	d30b      	bcc.n	82 <bootTest+0x82>
  6a:	4b07      	ldr	r3, [pc, #28]	; (88 <bootTest+0x88>)
  6c:	f993 3024 	ldrsb.w	r3, [r3, #36]	; 0x24
  70:	2b00      	cmp	r3, #0
  72:	dac8      	bge.n	6 <bootTest+0x6>
  74:	2001      	movs	r0, #1
  76:	4905      	ldr	r1, [pc, #20]	; (8c <bootTest+0x8c>)
  78:	f7ff fffe 	bl	0 <print>
  7c:	2001      	movs	r0, #1
  7e:	e000      	b.n	82 <bootTest+0x82>
  80:	2000      	movs	r0, #0
  82:	b010      	add	sp, #64	; 0x40
  84:	bd70      	pop	{r4, r5, r6, pc}
  86:	bf00      	nop
  88:	00000000 	.word	0x00000000
  8c:	0000000f 	.word	0x0000000f

Disassembly of section .text.bootTestAndLoad:

00000000 <bootTestAndLoad>:
bootTestAndLoad():
   0:	4918b530 	.word	0x4918b530
   4:	b091      	sub	sp, #68	; 0x44
   6:	2001      	movs	r0, #1
   8:	f7ff fffe 	bl	0 <print>
   c:	f7ff fffe 	bl	0 <fpecEraseProgramMemory>
  10:	2001      	movs	r0, #1
  12:	4915      	ldr	r1, [pc, #84]	; (68 <bootTestAndLoad+0x68>)
  14:	f7ff fffe 	bl	0 <print>
  18:	2500      	movs	r5, #0
  1a:	e018      	b.n	4e <bootTestAndLoad+0x4e>
  1c:	2400      	movs	r4, #0
  1e:	4813      	ldr	r0, [pc, #76]	; (6c <bootTestAndLoad+0x6c>)
  20:	f7ff fffe 	bl	0 <fileGetChar>
  24:	280d      	cmp	r0, #13
  26:	f80d 0004 	strb.w	r0, [sp, r4]
  2a:	d10d      	bne.n	48 <bootTestAndLoad+0x48>
  2c:	ab10      	add	r3, sp, #64	; 0x40
  2e:	191c      	adds	r4, r3, r4
  30:	2300      	movs	r3, #0
  32:	f804 3c40 	strb.w	r3, [r4, #-64]
  36:	2106      	movs	r1, #6
  38:	4668      	mov	r0, sp
  3a:	f7ff fffe 	bl	0 <getNextSubString>
  3e:	3001      	adds	r0, #1
  40:	f7ff fffe 	bl	0 <fpecProcessIHEX>
  44:	4605      	mov	r5, r0
  46:	e002      	b.n	4e <bootTestAndLoad+0x4e>
  48:	3401      	adds	r4, #1
  4a:	2c40      	cmp	r4, #64	; 0x40
  4c:	d1e7      	bne.n	1e <bootTestAndLoad+0x1e>
  4e:	4b07      	ldr	r3, [pc, #28]	; (6c <bootTestAndLoad+0x6c>)
  50:	f993 3024 	ldrsb.w	r3, [r3, #36]	; 0x24
  54:	2b00      	cmp	r3, #0
  56:	db01      	blt.n	5c <bootTestAndLoad+0x5c>
  58:	2dff      	cmp	r5, #255	; 0xff
  5a:	d1df      	bne.n	1c <bootTestAndLoad+0x1c>
  5c:	2001      	movs	r0, #1
  5e:	b011      	add	sp, #68	; 0x44
  60:	bd30      	pop	{r4, r5, pc}
  62:	bf00      	nop
  64:	0000004d 	.word	0x0000004d
  68:	00000057 	.word	0x00000057
  6c:	00000000 	.word	0x00000000

Disassembly of section .text.cmdBoot:

00000000 <cmdBoot>:
cmdBoot():
   0:	f7ffb508 	.word	0xf7ffb508
   4:	fffe 4a02 	vtbl.8	d20, {d14-d16}, d2
   8:	4b02      	ldr	r3, [pc, #8]	; (14 <cmdBoot+0x14>)
   a:	60da      	str	r2, [r3, #12]
   c:	bd08      	pop	{r3, pc}
   e:	bf00      	nop
  10:	05fa0004 	.word	0x05fa0004
  14:	e000ed00 	.word	0xe000ed00

Disassembly of section .text.bootBootOS:

00000000 <bootBootOS>:
bootBootOS():
   0:	b510      	push	{r4, lr}
   2:	4c0f      	ldr	r4, [pc, #60]	; (40 <bootBootOS+0x40>)
   4:	6823      	ldr	r3, [r4, #0]
   6:	f1b3 3fff 	cmp.w	r3, #4294967295
   a:	d00c      	beq.n	26 <bootBootOS+0x26>
   c:	490d      	ldr	r1, [pc, #52]	; (44 <bootBootOS+0x44>)
   e:	2001      	movs	r0, #1
  10:	f7ff fffe 	bl	0 <print>
  14:	4a0c      	ldr	r2, [pc, #48]	; (48 <bootBootOS+0x48>)
  16:	f44f 011f 	mov.w	r1, #10420224	; 0x9f0000
  1a:	6823      	ldr	r3, [r4, #0]
  1c:	6091      	str	r1, [r2, #8]
  1e:	490b      	ldr	r1, [pc, #44]	; (4c <bootBootOS+0x4c>)
  20:	4a0b      	ldr	r2, [pc, #44]	; (50 <bootBootOS+0x50>)
  22:	6091      	str	r1, [r2, #8]
  24:	4798      	blx	r3
  26:	4b0b      	ldr	r3, [pc, #44]	; (54 <bootBootOS+0x54>)
  28:	2280      	movs	r2, #128	; 0x80
  2a:	705a      	strb	r2, [r3, #1]
  2c:	480a      	ldr	r0, [pc, #40]	; (58 <bootBootOS+0x58>)
  2e:	f7ff fffe 	bl	0 <taskDelete>
  32:	490a      	ldr	r1, [pc, #40]	; (5c <bootBootOS+0x5c>)
  34:	2001      	movs	r0, #1
  36:	e8bd 4010 	ldmia.w	sp!, {r4, lr}
  3a:	f7ff bffe 	b.w	0 <print>
  3e:	bf00      	nop
  40:	08004004 	.word	0x08004004
  44:	0000005b 	.word	0x0000005b
  48:	40021000 	.word	0x40021000
  4c:	08004000 	.word	0x08004000
  50:	e000ed00 	.word	0xe000ed00
  54:	00000000 	.word	0x00000000
  58:	00000067 	.word	0x00000067
  5c:	0000006c 	.word	0x0000006c

Disassembly of section .text.bootTimeout:

00000000 <bootTimeout>:
bootTimeout():
   0:	f7ff bffe 	b.w	0 <bootTimeout>

Disassembly of section .text.putBufferUSART3:

00000000 <putBufferUSART3>:
putBufferUSART3():
   0:	b570      	push	{r4, r5, r6, lr}
   2:	4606      	mov	r6, r0
   4:	460d      	mov	r5, r1
   6:	2400      	movs	r4, #0
   8:	e007      	b.n	1a <putBufferUSART3+0x1a>
   a:	2001      	movs	r0, #1
   c:	4904      	ldr	r1, [pc, #16]	; (20 <putBufferUSART3+0x20>)
   e:	f815 2b01 	ldrb.w	r2, [r5], #1
  12:	f7ff fffe 	bl	0 <print>
  16:	3401      	adds	r4, #1
  18:	b2a4      	uxth	r4, r4
  1a:	42b4      	cmp	r4, r6
  1c:	d3f5      	bcc.n	a <putBufferUSART3+0xa>
  1e:	bd70      	pop	{r4, r5, r6, pc}
  20:	00000008 	.word	0x00000008

Disassembly of section .text.executeCmd:

00000000 <executeCmd>:
executeCmd():
   0:	b5f8      	push	{r3, r4, r5, r6, r7, lr}
   2:	460d      	mov	r5, r1
   4:	2103      	movs	r1, #3
   6:	f7ff fffe 	bl	0 <getNextSubString>
   a:	2400      	movs	r4, #0
   c:	4607      	mov	r7, r0
   e:	480d      	ldr	r0, [pc, #52]	; (44 <executeCmd+0x44>)
  10:	f855 1034 	ldr.w	r1, [r5, r4, lsl #3]
  14:	eb05 06c4 	add.w	r6, r5, r4, lsl #3
  18:	f7ff fffe 	bl	0 <isStringSame>
  1c:	b978      	cbnz	r0, 3e <executeCmd+0x3e>
  1e:	4638      	mov	r0, r7
  20:	f855 1034 	ldr.w	r1, [r5, r4, lsl #3]
  24:	f7ff fffe 	bl	0 <isStringSame>
  28:	b130      	cbz	r0, 38 <executeCmd+0x38>
  2a:	6873      	ldr	r3, [r6, #4]
  2c:	4805      	ldr	r0, [pc, #20]	; (44 <executeCmd+0x44>)
  2e:	4798      	blx	r3
  30:	3800      	subs	r0, #0
  32:	bf18      	it	ne
  34:	2001      	movne	r0, #1
  36:	bdf8      	pop	{r3, r4, r5, r6, r7, pc}
  38:	3401      	adds	r4, #1
  3a:	b2a4      	uxth	r4, r4
  3c:	e7e7      	b.n	e <executeCmd+0xe>
  3e:	2000      	movs	r0, #0
  40:	bdf8      	pop	{r3, r4, r5, r6, r7, pc}
  42:	bf00      	nop
  44:	00000000 	.word	0x00000000

Disassembly of section .text.bootGetUSART3:

00000000 <bootGetUSART3>:
bootGetUSART3():
   0:	b570      	push	{r4, r5, r6, lr}
   2:	4d22      	ldr	r5, [pc, #136]	; (8c <bootGetUSART3+0x8c>)
   4:	882b      	ldrh	r3, [r5, #0]
   6:	f013 0f20 	tst.w	r3, #32
   a:	d03d      	beq.n	88 <bootGetUSART3+0x88>
   c:	882b      	ldrh	r3, [r5, #0]
   e:	4820      	ldr	r0, [pc, #128]	; (90 <bootGetUSART3+0x90>)
  10:	f023 0320 	bic.w	r3, r3, #32
  14:	041b      	lsls	r3, r3, #16
  16:	0c1b      	lsrs	r3, r3, #16
  18:	802b      	strh	r3, [r5, #0]
  1a:	88ac      	ldrh	r4, [r5, #4]
  1c:	b2e4      	uxtb	r4, r4
  1e:	4621      	mov	r1, r4
  20:	f7ff fffe 	bl	0 <xmodemProcess>
  24:	2800      	cmp	r0, #0
  26:	d12f      	bne.n	88 <bootGetUSART3+0x88>
  28:	2c2b      	cmp	r4, #43	; 0x2b
  2a:	4e1a      	ldr	r6, [pc, #104]	; (94 <bootGetUSART3+0x94>)
  2c:	d105      	bne.n	3a <bootGetUSART3+0x3a>
  2e:	481a      	ldr	r0, [pc, #104]	; (98 <bootGetUSART3+0x98>)
  30:	f7ff fffe 	bl	0 <taskDelete>
  34:	2380      	movs	r3, #128	; 0x80
  36:	7073      	strb	r3, [r6, #1]
  38:	e010      	b.n	5c <bootGetUSART3+0x5c>
  3a:	7873      	ldrb	r3, [r6, #1]
  3c:	f013 0f80 	tst.w	r3, #128	; 0x80
  40:	d022      	beq.n	88 <bootGetUSART3+0x88>
  42:	2c0d      	cmp	r4, #13
  44:	f896 3102 	ldrb.w	r3, [r6, #258]	; 0x102
  48:	d111      	bne.n	6e <bootGetUSART3+0x6e>
  4a:	18f3      	adds	r3, r6, r3
  4c:	7098      	strb	r0, [r3, #2]
  4e:	f886 0102 	strb.w	r0, [r6, #258]	; 0x102
  52:	4912      	ldr	r1, [pc, #72]	; (9c <bootGetUSART3+0x9c>)
  54:	1cb0      	adds	r0, r6, #2
  56:	f7ff fffe 	bl	0 <bootGetUSART3>
  5a:	b110      	cbz	r0, 62 <bootGetUSART3+0x62>
  5c:	2001      	movs	r0, #1
  5e:	4910      	ldr	r1, [pc, #64]	; (a0 <bootGetUSART3+0xa0>)
  60:	e001      	b.n	66 <bootGetUSART3+0x66>
  62:	4910      	ldr	r1, [pc, #64]	; (a4 <bootGetUSART3+0xa4>)
  64:	2001      	movs	r0, #1
  66:	e8bd 4070 	ldmia.w	sp!, {r4, r5, r6, lr}
  6a:	f7ff bffe 	b.w	0 <print>
  6e:	2c08      	cmp	r4, #8
  70:	80ac      	strh	r4, [r5, #4]
  72:	d104      	bne.n	7e <bootGetUSART3+0x7e>
  74:	b143      	cbz	r3, 88 <bootGetUSART3+0x88>
  76:	3b01      	subs	r3, #1
  78:	f886 3102 	strb.w	r3, [r6, #258]	; 0x102
  7c:	bd70      	pop	{r4, r5, r6, pc}
  7e:	18f2      	adds	r2, r6, r3
  80:	3301      	adds	r3, #1
  82:	7094      	strb	r4, [r2, #2]
  84:	f886 3102 	strb.w	r3, [r6, #258]	; 0x102
  88:	bd70      	pop	{r4, r5, r6, pc}
  8a:	bf00      	nop
  8c:	40004800 	.word	0x40004800
	...
  98:	00000067 	.word	0x00000067
  9c:	00000018 	.word	0x00000018
  a0:	00000014 	.word	0x00000014
  a4:	000000a8 	.word	0x000000a8
