
C:\Users\MightyDubster\Documents\Projects\pygmyos.code\bootv2\pygmy_sys.o:     file format elf32-littlearm
C:\Users\MightyDubster\Documents\Projects\pygmyos.code\bootv2\pygmy_sys.o


Disassembly of section .text.TaskException_Handler:

00000000 <TaskException_Handler>:
TaskException_Handler():
   0:	4770      	bx	lr

Disassembly of section .text.sysAllocate:

00000000 <sysAllocate>:
sysAllocate():
   0:	f7ff bffe 	b.w	0 <malloc>

Disassembly of section .text.sysReallocate:

00000000 <sysReallocate>:
sysReallocate():
   0:	f7ff bffe 	b.w	0 <realloc>

Disassembly of section .text.sysFree:

00000000 <sysFree>:
sysFree():
   0:	f7ff bffe 	b.w	0 <free>

Disassembly of section .text.sysHeapInit:

00000000 <sysHeapInit>:
sysHeapInit():
   0:	4b03      	ldr	r3, [pc, #12]	; (10 <sysHeapInit+0x10>)
   2:	2200      	movs	r2, #0
   4:	f843 2b04 	str.w	r2, [r3], #4
   8:	4a02      	ldr	r2, [pc, #8]	; (14 <sysHeapInit+0x14>)
   a:	4293      	cmp	r3, r2
   c:	d1f9      	bne.n	2 <sysHeapInit+0x2>
   e:	4770      	bx	lr
  10:	20002000 	.word	0x20002000
  14:	20016000 	.word	0x20016000

Disassembly of section .text.sysGetADCVoltage:

00000000 <sysGetADCVoltage>:
sysGetADCVoltage():
   0:	47704800 	.word	0x47704800
   4:	40533333 	.word	0x40533333

Disassembly of section .text.sysEnableComClock:

00000000 <sysEnableComClock>:
sysEnableComClock():
   0:	4770      	bx	lr

Disassembly of section .text.sysRandom:

00000000 <sysRandom>:
sysRandom():
   0:	e92d 41f0 	stmdb	sp!, {r4, r5, r6, r7, r8, lr}
   4:	4e19      	ldr	r6, [pc, #100]	; (6c <sysRandom+0x6c>)
   6:	460d      	mov	r5, r1
   8:	6937      	ldr	r7, [r6, #16]
   a:	4604      	mov	r4, r0
   c:	f7ff fffe 	bl	0 <timeGet>
  10:	4b17      	ldr	r3, [pc, #92]	; (70 <sysRandom+0x70>)
  12:	4a18      	ldr	r2, [pc, #96]	; (74 <sysRandom+0x74>)
  14:	f8d3 c04c 	ldr.w	ip, [r3, #76]	; 0x4c
  18:	4b17      	ldr	r3, [pc, #92]	; (78 <sysRandom+0x78>)
  1a:	f8d3 8008 	ldr.w	r8, [r3, #8]
  1e:	4b17      	ldr	r3, [pc, #92]	; (7c <sysRandom+0x7c>)
  20:	44c4      	add	ip, r8
  22:	689b      	ldr	r3, [r3, #8]
  24:	6891      	ldr	r1, [r2, #8]
  26:	4a16      	ldr	r2, [pc, #88]	; (80 <sysRandom+0x80>)
  28:	4463      	add	r3, ip
  2a:	6892      	ldr	r2, [r2, #8]
  2c:	185b      	adds	r3, r3, r1
  2e:	189b      	adds	r3, r3, r2
  30:	181b      	adds	r3, r3, r0
  32:	ea83 0347 	eor.w	r3, r3, r7, lsl #1
  36:	19df      	adds	r7, r3, r7
  38:	6137      	str	r7, [r6, #16]
  3a:	4638      	mov	r0, r7
  3c:	2320      	movs	r3, #32
  3e:	0840      	lsrs	r0, r0, #1
  40:	42a0      	cmp	r0, r4
  42:	d301      	bcc.n	48 <sysRandom+0x48>
  44:	42a8      	cmp	r0, r5
  46:	d90f      	bls.n	68 <sysRandom+0x68>
  48:	3b01      	subs	r3, #1
  4a:	d1f8      	bne.n	3e <sysRandom+0x3e>
  4c:	1b2b      	subs	r3, r5, r4
  4e:	fbb7 f0f3 	udiv	r0, r7, r3
  52:	fb03 7710 	mls	r7, r3, r0, r7
  56:	42af      	cmp	r7, r5
  58:	d805      	bhi.n	66 <sysRandom+0x66>
  5a:	42a7      	cmp	r7, r4
  5c:	bf2c      	ite	cs
  5e:	4638      	movcs	r0, r7
  60:	4620      	movcc	r0, r4
  62:	e8bd 81f0 	ldmia.w	sp!, {r4, r5, r6, r7, r8, pc}
  66:	4628      	mov	r0, r5
  68:	e8bd 81f0 	ldmia.w	sp!, {r4, r5, r6, r7, r8, pc}
  6c:	00000000 	.word	0x00000000
  70:	40012400 	.word	0x40012400
  74:	40011400 	.word	0x40011400
  78:	40010800 	.word	0x40010800
  7c:	40010c00 	.word	0x40010c00
  80:	40011000 	.word	0x40011000

Disassembly of section .text.sysDisableComClock:

00000000 <sysDisableComClock>:
sysDisableComClock():
   0:	4770      	bx	lr

Disassembly of section .text.sysEnableTimerClock:

00000000 <sysEnableTimerClock>:
sysEnableTimerClock():
   0:	2801      	cmp	r0, #1
   2:	d104      	bne.n	e <sysEnableTimerClock+0xe>
   4:	4b3b      	ldr	r3, [pc, #236]	; (f4 <sysEnableTimerClock+0xf4>)
   6:	699a      	ldr	r2, [r3, #24]
   8:	f442 6200 	orr.w	r2, r2, #2048	; 0x800
   c:	e068      	b.n	e0 <sysEnableTimerClock+0xe0>
   e:	2802      	cmp	r0, #2
  10:	d104      	bne.n	1c <sysEnableTimerClock+0x1c>
  12:	4b38      	ldr	r3, [pc, #224]	; (f4 <sysEnableTimerClock+0xf4>)
  14:	69da      	ldr	r2, [r3, #28]
  16:	f042 0201 	orr.w	r2, r2, #1
  1a:	e052      	b.n	c2 <sysEnableTimerClock+0xc2>
  1c:	2803      	cmp	r0, #3
  1e:	d104      	bne.n	2a <sysEnableTimerClock+0x2a>
  20:	4b34      	ldr	r3, [pc, #208]	; (f4 <sysEnableTimerClock+0xf4>)
  22:	69da      	ldr	r2, [r3, #28]
  24:	f042 0202 	orr.w	r2, r2, #2
  28:	e04b      	b.n	c2 <sysEnableTimerClock+0xc2>
  2a:	2804      	cmp	r0, #4
  2c:	d104      	bne.n	38 <sysEnableTimerClock+0x38>
  2e:	4b31      	ldr	r3, [pc, #196]	; (f4 <sysEnableTimerClock+0xf4>)
  30:	69da      	ldr	r2, [r3, #28]
  32:	f042 0204 	orr.w	r2, r2, #4
  36:	e044      	b.n	c2 <sysEnableTimerClock+0xc2>
  38:	2805      	cmp	r0, #5
  3a:	d104      	bne.n	46 <sysEnableTimerClock+0x46>
  3c:	4b2d      	ldr	r3, [pc, #180]	; (f4 <sysEnableTimerClock+0xf4>)
  3e:	69da      	ldr	r2, [r3, #28]
  40:	f042 0208 	orr.w	r2, r2, #8
  44:	e03d      	b.n	c2 <sysEnableTimerClock+0xc2>
  46:	2806      	cmp	r0, #6
  48:	d104      	bne.n	54 <sysEnableTimerClock+0x54>
  4a:	4b2a      	ldr	r3, [pc, #168]	; (f4 <sysEnableTimerClock+0xf4>)
  4c:	69da      	ldr	r2, [r3, #28]
  4e:	f042 0210 	orr.w	r2, r2, #16
  52:	e036      	b.n	c2 <sysEnableTimerClock+0xc2>
  54:	2807      	cmp	r0, #7
  56:	d104      	bne.n	62 <sysEnableTimerClock+0x62>
  58:	4b26      	ldr	r3, [pc, #152]	; (f4 <sysEnableTimerClock+0xf4>)
  5a:	69da      	ldr	r2, [r3, #28]
  5c:	f042 0220 	orr.w	r2, r2, #32
  60:	e02f      	b.n	c2 <sysEnableTimerClock+0xc2>
  62:	2808      	cmp	r0, #8
  64:	d104      	bne.n	70 <sysEnableTimerClock+0x70>
  66:	4b23      	ldr	r3, [pc, #140]	; (f4 <sysEnableTimerClock+0xf4>)
  68:	699a      	ldr	r2, [r3, #24]
  6a:	f442 5200 	orr.w	r2, r2, #8192	; 0x2000
  6e:	e037      	b.n	e0 <sysEnableTimerClock+0xe0>
  70:	2809      	cmp	r0, #9
  72:	d104      	bne.n	7e <sysEnableTimerClock+0x7e>
  74:	4b1f      	ldr	r3, [pc, #124]	; (f4 <sysEnableTimerClock+0xf4>)
  76:	699a      	ldr	r2, [r3, #24]
  78:	f442 2200 	orr.w	r2, r2, #524288	; 0x80000
  7c:	e030      	b.n	e0 <sysEnableTimerClock+0xe0>
  7e:	280a      	cmp	r0, #10
  80:	d104      	bne.n	8c <sysEnableTimerClock+0x8c>
  82:	4b1c      	ldr	r3, [pc, #112]	; (f4 <sysEnableTimerClock+0xf4>)
  84:	699a      	ldr	r2, [r3, #24]
  86:	f442 1280 	orr.w	r2, r2, #1048576	; 0x100000
  8a:	e029      	b.n	e0 <sysEnableTimerClock+0xe0>
  8c:	280b      	cmp	r0, #11
  8e:	d104      	bne.n	9a <sysEnableTimerClock+0x9a>
  90:	4b18      	ldr	r3, [pc, #96]	; (f4 <sysEnableTimerClock+0xf4>)
  92:	699a      	ldr	r2, [r3, #24]
  94:	f442 1200 	orr.w	r2, r2, #2097152	; 0x200000
  98:	e022      	b.n	e0 <sysEnableTimerClock+0xe0>
  9a:	280c      	cmp	r0, #12
  9c:	d104      	bne.n	a8 <sysEnableTimerClock+0xa8>
  9e:	4b15      	ldr	r3, [pc, #84]	; (f4 <sysEnableTimerClock+0xf4>)
  a0:	69da      	ldr	r2, [r3, #28]
  a2:	f042 0240 	orr.w	r2, r2, #64	; 0x40
  a6:	e00c      	b.n	c2 <sysEnableTimerClock+0xc2>
  a8:	280d      	cmp	r0, #13
  aa:	d104      	bne.n	b6 <sysEnableTimerClock+0xb6>
  ac:	4b11      	ldr	r3, [pc, #68]	; (f4 <sysEnableTimerClock+0xf4>)
  ae:	69da      	ldr	r2, [r3, #28]
  b0:	f042 0280 	orr.w	r2, r2, #128	; 0x80
  b4:	e005      	b.n	c2 <sysEnableTimerClock+0xc2>
  b6:	280e      	cmp	r0, #14
  b8:	d105      	bne.n	c6 <sysEnableTimerClock+0xc6>
  ba:	4b0e      	ldr	r3, [pc, #56]	; (f4 <sysEnableTimerClock+0xf4>)
  bc:	69da      	ldr	r2, [r3, #28]
  be:	f442 7280 	orr.w	r2, r2, #256	; 0x100
  c2:	61da      	str	r2, [r3, #28]
  c4:	4770      	bx	lr
  c6:	280f      	cmp	r0, #15
  c8:	d104      	bne.n	d4 <sysEnableTimerClock+0xd4>
  ca:	4b0a      	ldr	r3, [pc, #40]	; (f4 <sysEnableTimerClock+0xf4>)
  cc:	699a      	ldr	r2, [r3, #24]
  ce:	f442 3280 	orr.w	r2, r2, #65536	; 0x10000
  d2:	e005      	b.n	e0 <sysEnableTimerClock+0xe0>
  d4:	2810      	cmp	r0, #16
  d6:	d105      	bne.n	e4 <sysEnableTimerClock+0xe4>
  d8:	4b06      	ldr	r3, [pc, #24]	; (f4 <sysEnableTimerClock+0xf4>)
  da:	699a      	ldr	r2, [r3, #24]
  dc:	f442 3200 	orr.w	r2, r2, #131072	; 0x20000
  e0:	619a      	str	r2, [r3, #24]
  e2:	4770      	bx	lr
  e4:	2811      	cmp	r0, #17
  e6:	d104      	bne.n	f2 <sysEnableTimerClock+0xf2>
  e8:	4b02      	ldr	r3, [pc, #8]	; (f4 <sysEnableTimerClock+0xf4>)
  ea:	699a      	ldr	r2, [r3, #24]
  ec:	f442 2280 	orr.w	r2, r2, #262144	; 0x40000
  f0:	619a      	str	r2, [r3, #24]
  f2:	4770      	bx	lr
  f4:	40021000 	.word	0x40021000

Disassembly of section .text.sysDisableTimerClock:

00000000 <sysDisableTimerClock>:
sysDisableTimerClock():
   0:	2801      	cmp	r0, #1
   2:	d104      	bne.n	e <sysDisableTimerClock+0xe>
   4:	4b3b      	ldr	r3, [pc, #236]	; (f4 <sysDisableTimerClock+0xf4>)
   6:	699a      	ldr	r2, [r3, #24]
   8:	f422 6200 	bic.w	r2, r2, #2048	; 0x800
   c:	e068      	b.n	e0 <sysDisableTimerClock+0xe0>
   e:	2802      	cmp	r0, #2
  10:	d104      	bne.n	1c <sysDisableTimerClock+0x1c>
  12:	4b38      	ldr	r3, [pc, #224]	; (f4 <sysDisableTimerClock+0xf4>)
  14:	69da      	ldr	r2, [r3, #28]
  16:	f022 0201 	bic.w	r2, r2, #1
  1a:	e052      	b.n	c2 <sysDisableTimerClock+0xc2>
  1c:	2803      	cmp	r0, #3
  1e:	d104      	bne.n	2a <sysDisableTimerClock+0x2a>
  20:	4b34      	ldr	r3, [pc, #208]	; (f4 <sysDisableTimerClock+0xf4>)
  22:	69da      	ldr	r2, [r3, #28]
  24:	f022 0202 	bic.w	r2, r2, #2
  28:	e04b      	b.n	c2 <sysDisableTimerClock+0xc2>
  2a:	2804      	cmp	r0, #4
  2c:	d104      	bne.n	38 <sysDisableTimerClock+0x38>
  2e:	4b31      	ldr	r3, [pc, #196]	; (f4 <sysDisableTimerClock+0xf4>)
  30:	69da      	ldr	r2, [r3, #28]
  32:	f022 0204 	bic.w	r2, r2, #4
  36:	e044      	b.n	c2 <sysDisableTimerClock+0xc2>
  38:	2805      	cmp	r0, #5
  3a:	d104      	bne.n	46 <sysDisableTimerClock+0x46>
  3c:	4b2d      	ldr	r3, [pc, #180]	; (f4 <sysDisableTimerClock+0xf4>)
  3e:	69da      	ldr	r2, [r3, #28]
  40:	f022 0208 	bic.w	r2, r2, #8
  44:	e03d      	b.n	c2 <sysDisableTimerClock+0xc2>
  46:	2806      	cmp	r0, #6
  48:	d104      	bne.n	54 <sysDisableTimerClock+0x54>
  4a:	4b2a      	ldr	r3, [pc, #168]	; (f4 <sysDisableTimerClock+0xf4>)
  4c:	69da      	ldr	r2, [r3, #28]
  4e:	f022 0210 	bic.w	r2, r2, #16
  52:	e036      	b.n	c2 <sysDisableTimerClock+0xc2>
  54:	2807      	cmp	r0, #7
  56:	d104      	bne.n	62 <sysDisableTimerClock+0x62>
  58:	4b26      	ldr	r3, [pc, #152]	; (f4 <sysDisableTimerClock+0xf4>)
  5a:	69da      	ldr	r2, [r3, #28]
  5c:	f022 0220 	bic.w	r2, r2, #32
  60:	e02f      	b.n	c2 <sysDisableTimerClock+0xc2>
  62:	2808      	cmp	r0, #8
  64:	d104      	bne.n	70 <sysDisableTimerClock+0x70>
  66:	4b23      	ldr	r3, [pc, #140]	; (f4 <sysDisableTimerClock+0xf4>)
  68:	699a      	ldr	r2, [r3, #24]
  6a:	f422 5200 	bic.w	r2, r2, #8192	; 0x2000
  6e:	e037      	b.n	e0 <sysDisableTimerClock+0xe0>
  70:	2809      	cmp	r0, #9
  72:	d104      	bne.n	7e <sysDisableTimerClock+0x7e>
  74:	4b1f      	ldr	r3, [pc, #124]	; (f4 <sysDisableTimerClock+0xf4>)
  76:	699a      	ldr	r2, [r3, #24]
  78:	f422 2200 	bic.w	r2, r2, #524288	; 0x80000
  7c:	e030      	b.n	e0 <sysDisableTimerClock+0xe0>
  7e:	280a      	cmp	r0, #10
  80:	d104      	bne.n	8c <sysDisableTimerClock+0x8c>
  82:	4b1c      	ldr	r3, [pc, #112]	; (f4 <sysDisableTimerClock+0xf4>)
  84:	699a      	ldr	r2, [r3, #24]
  86:	f422 1280 	bic.w	r2, r2, #1048576	; 0x100000
  8a:	e029      	b.n	e0 <sysDisableTimerClock+0xe0>
  8c:	280b      	cmp	r0, #11
  8e:	d104      	bne.n	9a <sysDisableTimerClock+0x9a>
  90:	4b18      	ldr	r3, [pc, #96]	; (f4 <sysDisableTimerClock+0xf4>)
  92:	699a      	ldr	r2, [r3, #24]
  94:	f422 1200 	bic.w	r2, r2, #2097152	; 0x200000
  98:	e022      	b.n	e0 <sysDisableTimerClock+0xe0>
  9a:	280c      	cmp	r0, #12
  9c:	d104      	bne.n	a8 <sysDisableTimerClock+0xa8>
  9e:	4b15      	ldr	r3, [pc, #84]	; (f4 <sysDisableTimerClock+0xf4>)
  a0:	69da      	ldr	r2, [r3, #28]
  a2:	f022 0240 	bic.w	r2, r2, #64	; 0x40
  a6:	e00c      	b.n	c2 <sysDisableTimerClock+0xc2>
  a8:	280d      	cmp	r0, #13
  aa:	d104      	bne.n	b6 <sysDisableTimerClock+0xb6>
  ac:	4b11      	ldr	r3, [pc, #68]	; (f4 <sysDisableTimerClock+0xf4>)
  ae:	69da      	ldr	r2, [r3, #28]
  b0:	f022 0280 	bic.w	r2, r2, #128	; 0x80
  b4:	e005      	b.n	c2 <sysDisableTimerClock+0xc2>
  b6:	280e      	cmp	r0, #14
  b8:	d105      	bne.n	c6 <sysDisableTimerClock+0xc6>
  ba:	4b0e      	ldr	r3, [pc, #56]	; (f4 <sysDisableTimerClock+0xf4>)
  bc:	69da      	ldr	r2, [r3, #28]
  be:	f422 7280 	bic.w	r2, r2, #256	; 0x100
  c2:	61da      	str	r2, [r3, #28]
  c4:	4770      	bx	lr
  c6:	280f      	cmp	r0, #15
  c8:	d104      	bne.n	d4 <sysDisableTimerClock+0xd4>
  ca:	4b0a      	ldr	r3, [pc, #40]	; (f4 <sysDisableTimerClock+0xf4>)
  cc:	699a      	ldr	r2, [r3, #24]
  ce:	f422 3280 	bic.w	r2, r2, #65536	; 0x10000
  d2:	e005      	b.n	e0 <sysDisableTimerClock+0xe0>
  d4:	2810      	cmp	r0, #16
  d6:	d105      	bne.n	e4 <sysDisableTimerClock+0xe4>
  d8:	4b06      	ldr	r3, [pc, #24]	; (f4 <sysDisableTimerClock+0xf4>)
  da:	699a      	ldr	r2, [r3, #24]
  dc:	f422 3200 	bic.w	r2, r2, #131072	; 0x20000
  e0:	619a      	str	r2, [r3, #24]
  e2:	4770      	bx	lr
  e4:	2811      	cmp	r0, #17
  e6:	d104      	bne.n	f2 <sysDisableTimerClock+0xf2>
  e8:	4b02      	ldr	r3, [pc, #8]	; (f4 <sysDisableTimerClock+0xf4>)
  ea:	699a      	ldr	r2, [r3, #24]
  ec:	f422 2280 	bic.w	r2, r2, #262144	; 0x40000
  f0:	619a      	str	r2, [r3, #24]
  f2:	4770      	bx	lr
  f4:	40021000 	.word	0x40021000

Disassembly of section .text.sysEnableTimerInterrupt:

00000000 <sysEnableTimerInterrupt>:
sysEnableTimerInterrupt():
   0:	b508      	push	{r3, lr}
   2:	f7ff fffe 	bl	0 <interruptGetTimerVector>
   6:	b118      	cbz	r0, a <interruptEnable+0xa>
   8:	f7ff fffe 	bl	0 <interruptEnable>
   c:	2001      	movs	r0, #1
   e:	bd08      	pop	{r3, pc}
  10:	bd08      	pop	{r3, pc}

Disassembly of section .text.sysGetDelayTimer:

00000000 <sysGetDelayTimer>:
sysGetDelayTimer():
   0:	4b01      	ldr	r3, [pc, #4]	; (8 <sysGetDelayTimer+0x8>)
   2:	7dd8      	ldrb	r0, [r3, #23]
   4:	4770      	bx	lr
   6:	bf00      	nop
   8:	00000000 	.word	0x00000000

Disassembly of section .text.sysGetPWMTimer:

00000000 <sysGetPWMTimer>:
sysGetPWMTimer():
   0:	4b01      	ldr	r3, [pc, #4]	; (8 <sysGetPWMTimer+0x8>)
   2:	7e18      	ldrb	r0, [r3, #24]
   4:	4770      	bx	lr
   6:	bf00      	nop
   8:	00000000 	.word	0x00000000

Disassembly of section .text.sysGetMainClock:

00000000 <sysGetMainClock>:
sysGetMainClock():
   0:	4b01      	ldr	r3, [pc, #4]	; (8 <sysGetMainClock+0x8>)
   2:	6818      	ldr	r0, [r3, #0]
   4:	4770      	bx	lr
   6:	bf00      	nop
   8:	00000000 	.word	0x00000000

Disassembly of section .text.sysSetMainClock:

00000000 <sysSetMainClock>:
sysSetMainClock():
   0:	4b01      	ldr	r3, [pc, #4]	; (8 <sysSetMainClock+0x8>)
   2:	6018      	str	r0, [r3, #0]
   4:	4770      	bx	lr
   6:	bf00      	nop
   8:	00000000 	.word	0x00000000

Disassembly of section .text.sysGetXTAL:

00000000 <sysGetXTAL>:
sysGetXTAL():
   0:	4b01      	ldr	r3, [pc, #4]	; (8 <sysGetXTAL+0x8>)
   2:	6858      	ldr	r0, [r3, #4]
   4:	4770      	bx	lr
   6:	bf00      	nop
   8:	00000000 	.word	0x00000000

Disassembly of section .text.sysSetXTAL:

00000000 <sysSetXTAL>:
sysSetXTAL():
   0:	4b01      	ldr	r3, [pc, #4]	; (8 <sysSetXTAL+0x8>)
   2:	6058      	str	r0, [r3, #4]
   4:	4770      	bx	lr
   6:	bf00      	nop
   8:	00000000 	.word	0x00000000

Disassembly of section .text.sysFlipBits:

00000000 <sysFlipBits>:
sysFlipBits():
   0:	2200      	movs	r2, #0
   2:	4603      	mov	r3, r0
   4:	b510      	push	{r4, lr}
   6:	4610      	mov	r0, r2
   8:	e007      	b.n	1a <sysFlipBits+0x1a>
   a:	f003 0401 	and.w	r4, r3, #1
   e:	ea44 0000 	orr.w	r0, r4, r0
  12:	3201      	adds	r2, #1
  14:	0040      	lsls	r0, r0, #1
  16:	085b      	lsrs	r3, r3, #1
  18:	b2d2      	uxtb	r2, r2
  1a:	428a      	cmp	r2, r1
  1c:	d3f5      	bcc.n	a <sysFlipBits+0xa>
  1e:	bd10      	pop	{r4, pc}

Disassembly of section .text.sysFlipU32:

00000000 <sysFlipU32>:
sysFlipU32():
   0:	2120      	movs	r1, #32
   2:	f7ff bffe 	b.w	0 <sysFlipU32>

Disassembly of section .text.sysFlipU16:

00000000 <sysFlipU16>:
sysFlipU16():
   0:	b508      	push	{r3, lr}
   2:	2110      	movs	r1, #16
   4:	f7ff fffe 	bl	0 <sysFlipU16>
   8:	b280      	uxth	r0, r0
   a:	bd08      	pop	{r3, pc}

Disassembly of section .text.sysFlipU8:

00000000 <sysFlipU8>:
sysFlipU8():
   0:	b508      	push	{r3, lr}
   2:	2108      	movs	r1, #8
   4:	f7ff fffe 	bl	0 <sysFlipU8>
   8:	b2c0      	uxtb	r0, r0
   a:	bd08      	pop	{r3, pc}

Disassembly of section .text.sysCRC8:

00000000 <sysCRC8>:
sysCRC8():
   0:	2300      	movs	r3, #0
   2:	b510      	push	{r4, lr}
   4:	461a      	mov	r2, r3
   6:	e005      	b.n	14 <sysCRC8+0x14>
   8:	f810 4b01 	ldrb.w	r4, [r0], #1
   c:	3201      	adds	r2, #1
   e:	191b      	adds	r3, r3, r4
  10:	b2db      	uxtb	r3, r3
  12:	b292      	uxth	r2, r2
  14:	428a      	cmp	r2, r1
  16:	d3f7      	bcc.n	8 <sysCRC8+0x8>
  18:	425b      	negs	r3, r3
  1a:	b2d8      	uxtb	r0, r3
  1c:	bd10      	pop	{r4, pc}

Disassembly of section .text.sysCRC16:

00000000 <sysCRC16>:
sysCRC16():
   0:	2300      	movs	r3, #0
   2:	b510      	push	{r4, lr}
   4:	461a      	mov	r2, r3
   6:	e005      	b.n	14 <sysCRC16+0x14>
   8:	f810 4b01 	ldrb.w	r4, [r0], #1
   c:	3201      	adds	r2, #1
   e:	191b      	adds	r3, r3, r4
  10:	b29b      	uxth	r3, r3
  12:	b292      	uxth	r2, r2
  14:	428a      	cmp	r2, r1
  16:	d3f7      	bcc.n	8 <sysCRC16+0x8>
  18:	425b      	negs	r3, r3
  1a:	b298      	uxth	r0, r3
  1c:	bd10      	pop	{r4, pc}

Disassembly of section .text.pdiaEncode:

00000000 <pdiaEncode>:
pdiaEncode():
   0:	2902      	cmp	r1, #2
   2:	b510      	push	{r4, lr}
   4:	4603      	mov	r3, r0
   6:	d00a      	beq.n	1e <pdiaEncode+0x1e>
   8:	2904      	cmp	r1, #4
   a:	d02a      	beq.n	62 <pdiaEncode+0x62>
   c:	2901      	cmp	r1, #1
   e:	f04f 0000 	mov.w	r0, #0
  12:	d12d      	bne.n	70 <pdiaEncode+0x70>
  14:	4b17      	ldr	r3, [pc, #92]	; (74 <pdiaEncode+0x74>)
  16:	6019      	str	r1, [r3, #0]
  18:	6058      	str	r0, [r3, #4]
  1a:	6098      	str	r0, [r3, #8]
  1c:	bd10      	pop	{r4, pc}
  1e:	4915      	ldr	r1, [pc, #84]	; (74 <pdiaEncode+0x74>)
  20:	6888      	ldr	r0, [r1, #8]
  22:	1c44      	adds	r4, r0, #1
  24:	f5b0 4f80 	cmp.w	r0, #16384	; 0x4000
  28:	608c      	str	r4, [r1, #8]
  2a:	d108      	bne.n	3e <pdiaEncode+0x3e>
  2c:	684c      	ldr	r4, [r1, #4]
  2e:	6808      	ldr	r0, [r1, #0]
  30:	ea40 4004 	orr.w	r0, r0, r4, lsl #16
  34:	6010      	str	r0, [r2, #0]
  36:	2200      	movs	r2, #0
  38:	608a      	str	r2, [r1, #8]
  3a:	2001      	movs	r0, #1
  3c:	e000      	b.n	40 <pdiaEncode+0x40>
  3e:	2000      	movs	r0, #0
  40:	680a      	ldr	r2, [r1, #0]
  42:	189b      	adds	r3, r3, r2
  44:	f64f 72f1 	movw	r2, #65521	; 0xfff1
  48:	fbb3 f4f2 	udiv	r4, r3, r2
  4c:	fb02 3314 	mls	r3, r2, r4, r3
  50:	684c      	ldr	r4, [r1, #4]
  52:	600b      	str	r3, [r1, #0]
  54:	191b      	adds	r3, r3, r4
  56:	fbb3 f4f2 	udiv	r4, r3, r2
  5a:	fb02 3214 	mls	r2, r2, r4, r3
  5e:	604a      	str	r2, [r1, #4]
  60:	bd10      	pop	{r4, pc}
  62:	4b04      	ldr	r3, [pc, #16]	; (74 <pdiaEncode+0x74>)
  64:	2001      	movs	r0, #1
  66:	6859      	ldr	r1, [r3, #4]
  68:	681b      	ldr	r3, [r3, #0]
  6a:	ea43 4301 	orr.w	r3, r3, r1, lsl #16
  6e:	6013      	str	r3, [r2, #0]
  70:	bd10      	pop	{r4, pc}
  72:	bf00      	nop
  74:	00000000 	.word	0x00000000

Disassembly of section .text.taskInit:

00000000 <taskInit>:
taskInit():
   0:	f5034b0d 	.word	0xf5034b0d
   4:	71d2      	strb	r2, [r2, #7]
   6:	480d      	ldr	r0, [pc, #52]	; (3c <taskInit+0x3c>)
   8:	2200      	movs	r2, #0
   a:	f843 2c18 	str.w	r2, [r3, #-24]
   e:	f823 2c12 	strh.w	r2, [r3, #-18]
  12:	f843 2c10 	str.w	r2, [r3, #-16]
  16:	f843 2c0c 	str.w	r2, [r3, #-12]
  1a:	f843 0c08 	str.w	r0, [r3, #-8]
  1e:	f843 2c04 	str.w	r2, [r3, #-4]
  22:	f843 2b1c 	str.w	r2, [r3], #28
  26:	428b      	cmp	r3, r1
  28:	d1ed      	bne.n	6 <taskInit+0x6>
  2a:	4b05      	ldr	r3, [pc, #20]	; (40 <taskInit+0x40>)
  2c:	68da      	ldr	r2, [r3, #12]
  2e:	f442 3280 	orr.w	r2, r2, #65536	; 0x10000
  32:	60da      	str	r2, [r3, #12]
  34:	4770      	bx	lr
  36:	bf00      	nop
  38:	00000018 	.word	0x00000018
	...

Disassembly of section .text.sysInit:

00000000 <sysInit>:
sysInit():
   0:	4b0e      	ldr	r3, [pc, #56]	; (3c <sysInit+0x3c>)
   2:	f44f 6286 	mov.w	r2, #1072	; 0x430
   6:	b510      	push	{r4, lr}
   8:	829a      	strh	r2, [r3, #20]
   a:	4a0d      	ldr	r2, [pc, #52]	; (40 <sysInit+0x40>)
   c:	2400      	movs	r4, #0
   e:	605a      	str	r2, [r3, #4]
  10:	4a0c      	ldr	r2, [pc, #48]	; (44 <sysInit+0x44>)
  12:	2009      	movs	r0, #9
  14:	601a      	str	r2, [r3, #0]
  16:	220a      	movs	r2, #10
  18:	60dc      	str	r4, [r3, #12]
  1a:	761a      	strb	r2, [r3, #24]
  1c:	75d8      	strb	r0, [r3, #23]
  1e:	f7ff fffe 	bl	0 <sysInit>
  22:	f7ff fffe 	bl	0 <timeInit>
  26:	f7ff fffe 	bl	0 <fileMountRoot>
  2a:	f7ff fffe 	bl	0 <sysInit>
  2e:	4b06      	ldr	r3, [pc, #24]	; (48 <sysInit+0x48>)
  30:	4620      	mov	r0, r4
  32:	601c      	str	r4, [r3, #0]
  34:	605c      	str	r4, [r3, #4]
  36:	609c      	str	r4, [r3, #8]
  38:	60dc      	str	r4, [r3, #12]
  3a:	bd10      	pop	{r4, pc}
  3c:	00000000 	.word	0x00000000
  40:	00b71b00 	.word	0x00b71b00
  44:	044aa200 	.word	0x044aa200
  48:	00000000 	.word	0x00000000

Disassembly of section .text.taskNew:

00000000 <taskNew>:
taskNew():
   0:	f5b1 5f80 	cmp.w	r1, #4096	; 0x1000
   4:	e92d 41f0 	stmdb	sp!, {r4, r5, r6, r7, r8, lr}
   8:	4605      	mov	r5, r0
   a:	460c      	mov	r4, r1
   c:	4616      	mov	r6, r2
   e:	4698      	mov	r8, r3
  10:	d23c      	bcs.n	8c <taskNew+0x8c>
  12:	2700      	movs	r7, #0
  14:	b154      	cbz	r4, 2c <taskNew+0x2c>
  16:	4b20      	ldr	r3, [pc, #128]	; (98 <taskNew+0x98>)
  18:	18fa      	adds	r2, r7, r3
  1a:	88d2      	ldrh	r2, [r2, #6]
  1c:	42a2      	cmp	r2, r4
  1e:	d035      	beq.n	8c <taskNew+0x8c>
  20:	4628      	mov	r0, r5
  22:	58f9      	ldr	r1, [r7, r3]
  24:	f7ff fffe 	bl	0 <isStringSame>
  28:	2800      	cmp	r0, #0
  2a:	d132      	bne.n	92 <taskNew+0x92>
  2c:	371c      	adds	r7, #28
  2e:	f5b7 7fd2 	cmp.w	r7, #420	; 0x1a4
  32:	d1ef      	bne.n	14 <taskNew+0x14>
  34:	2100      	movs	r1, #0
  36:	460b      	mov	r3, r1
  38:	4a17      	ldr	r2, [pc, #92]	; (98 <taskNew+0x98>)
  3a:	b298      	uxth	r0, r3
  3c:	188f      	adds	r7, r1, r2
  3e:	88ff      	ldrh	r7, [r7, #6]
  40:	bb07      	cbnz	r7, 84 <taskNew+0x84>
  42:	211c      	movs	r1, #28
  44:	b11c      	cbz	r4, 4e <taskNew+0x4e>
  46:	fb01 2103 	mla	r1, r1, r3, r2
  4a:	80cc      	strh	r4, [r1, #6]
  4c:	e004      	b.n	58 <taskNew+0x58>
  4e:	fb01 2103 	mla	r1, r1, r3, r2
  52:	f440 5000 	orr.w	r0, r0, #8192	; 0x2000
  56:	80c8      	strh	r0, [r1, #6]
  58:	211c      	movs	r1, #28
  5a:	434b      	muls	r3, r1
  5c:	391c      	subs	r1, #28
  5e:	18d4      	adds	r4, r2, r3
  60:	7121      	strb	r1, [r4, #4]
  62:	50d5      	str	r5, [r2, r3]
  64:	9b07      	ldr	r3, [sp, #28]
  66:	60a6      	str	r6, [r4, #8]
  68:	428e      	cmp	r6, r1
  6a:	bf14      	ite	ne
  6c:	4646      	movne	r6, r8
  6e:	460e      	moveq	r6, r1
  70:	6123      	str	r3, [r4, #16]
  72:	60e6      	str	r6, [r4, #12]
  74:	f7ff fffe 	bl	0 <timeGet>
  78:	9b06      	ldr	r3, [sp, #24]
  7a:	6160      	str	r0, [r4, #20]
  7c:	61a3      	str	r3, [r4, #24]
  7e:	88e0      	ldrh	r0, [r4, #6]
  80:	e8bd 81f0 	ldmia.w	sp!, {r4, r5, r6, r7, r8, pc}
  84:	3301      	adds	r3, #1
  86:	311c      	adds	r1, #28
  88:	2b0f      	cmp	r3, #15
  8a:	d1d5      	bne.n	38 <taskNew+0x38>
  8c:	2000      	movs	r0, #0
  8e:	e8bd 81f0 	ldmia.w	sp!, {r4, r5, r6, r7, r8, pc}
  92:	2000      	movs	r0, #0
  94:	e8bd 81f0 	ldmia.w	sp!, {r4, r5, r6, r7, r8, pc}
  98:	00000000 	.word	0x00000000

Disassembly of section .text.taskNewSimple:

00000000 <taskNewSimple>:
taskNewSimple():
   0:	b507      	push	{r0, r1, r2, lr}
   2:	460b      	mov	r3, r1
   4:	9201      	str	r2, [sp, #4]
   6:	2100      	movs	r1, #0
   8:	2202      	movs	r2, #2
   a:	9100      	str	r1, [sp, #0]
   c:	f7ff fffe 	bl	0 <taskNewSimple>
  10:	bd0e      	pop	{r1, r2, r3, pc}

Disassembly of section .text.taskIsRunning:

00000000 <taskIsRunning>:
taskIsRunning():
   0:	b570      	push	{r4, r5, r6, lr}
   2:	4606      	mov	r6, r0
   4:	460d      	mov	r5, r1
   6:	2400      	movs	r4, #0
   8:	4b09      	ldr	r3, [pc, #36]	; (30 <taskIsRunning+0x30>)
   a:	b11d      	cbz	r5, 14 <taskIsRunning+0x14>
   c:	191a      	adds	r2, r3, r4
   e:	88d2      	ldrh	r2, [r2, #6]
  10:	42aa      	cmp	r2, r5
  12:	d009      	beq.n	28 <taskIsRunning+0x28>
  14:	5918      	ldr	r0, [r3, r4]
  16:	4631      	mov	r1, r6
  18:	f7ff fffe 	bl	0 <isStringSame>
  1c:	b930      	cbnz	r0, 2c <taskIsRunning+0x2c>
  1e:	341c      	adds	r4, #28
  20:	f5b4 7fd2 	cmp.w	r4, #420	; 0x1a4
  24:	d1f0      	bne.n	8 <taskIsRunning+0x8>
  26:	bd70      	pop	{r4, r5, r6, pc}
  28:	2001      	movs	r0, #1
  2a:	bd70      	pop	{r4, r5, r6, pc}
  2c:	2001      	movs	r0, #1
  2e:	bd70      	pop	{r4, r5, r6, pc}
  30:	00000000 	.word	0x00000000

Disassembly of section .text.taskDelete:

00000000 <taskDelete>:
taskDelete():
   0:	e92d 41f0 	stmdb	sp!, {r4, r5, r6, r7, r8, lr}
   4:	4c11      	ldr	r4, [pc, #68]	; (4c <taskDelete+0x4c>)
   6:	4680      	mov	r8, r0
   8:	460e      	mov	r6, r1
   a:	f504 77d2 	add.w	r7, r4, #420	; 0x1a4
   e:	2500      	movs	r5, #0
  10:	b11e      	cbz	r6, 1a <taskDelete+0x1a>
  12:	f834 3c0a 	ldrh.w	r3, [r4, #-10]
  16:	42b3      	cmp	r3, r6
  18:	d005      	beq.n	26 <taskDelete+0x26>
  1a:	4640      	mov	r0, r8
  1c:	f854 1c10 	ldr.w	r1, [r4, #-16]
  20:	f7ff fffe 	bl	0 <isStringSame>
  24:	b160      	cbz	r0, 40 <taskDelete+0x40>
  26:	4a0a      	ldr	r2, [pc, #40]	; (50 <taskDelete+0x50>)
  28:	2300      	movs	r3, #0
  2a:	f844 3c10 	str.w	r3, [r4, #-16]
  2e:	f824 3c0a 	strh.w	r3, [r4, #-10]
  32:	f844 3c08 	str.w	r3, [r4, #-8]
  36:	f844 3c04 	str.w	r3, [r4, #-4]
  3a:	6022      	str	r2, [r4, #0]
  3c:	6063      	str	r3, [r4, #4]
  3e:	2501      	movs	r5, #1
  40:	341c      	adds	r4, #28
  42:	42bc      	cmp	r4, r7
  44:	d1e4      	bne.n	10 <taskDelete+0x10>
  46:	4628      	mov	r0, r5
  48:	e8bd 81f0 	ldmia.w	sp!, {r4, r5, r6, r7, r8, pc}
  4c:	00000010 	.word	0x00000010
  50:	00000000 	.word	0x00000000

Disassembly of section .text.taskProcess:

00000000 <taskProcess>:
taskProcess():
   0:	b5f8      	push	{r3, r4, r5, r6, r7, lr}
   2:	f7ff fffe 	bl	0 <timeGet>
   6:	4c15      	ldr	r4, [pc, #84]	; (5c <taskProcess+0x5c>)
   8:	4606      	mov	r6, r0
   a:	f504 75d2 	add.w	r5, r4, #420	; 0x1a4
   e:	f834 1c0a 	ldrh.w	r1, [r4, #-10]
  12:	b1e9      	cbz	r1, 50 <taskProcess+0x50>
  14:	68a3      	ldr	r3, [r4, #8]
  16:	b12b      	cbz	r3, 24 <taskProcess+0x24>
  18:	42b3      	cmp	r3, r6
  1a:	d103      	bne.n	24 <taskProcess+0x24>
  1c:	4810      	ldr	r0, [pc, #64]	; (60 <taskProcess+0x60>)
  1e:	f7ff fffe 	bl	0 <taskProcess>
  22:	e015      	b.n	50 <taskProcess+0x50>
  24:	f854 3c08 	ldr.w	r3, [r4, #-8]
  28:	b193      	cbz	r3, 50 <taskProcess+0x50>
  2a:	2b01      	cmp	r3, #1
  2c:	d10d      	bne.n	4a <taskProcess+0x4a>
  2e:	f854 2c04 	ldr.w	r2, [r4, #-4]
  32:	f814 7c0c 	ldrb.w	r7, [r4, #-12]
  36:	f844 2c08 	str.w	r2, [r4, #-8]
  3a:	b94f      	cbnz	r7, 50 <taskProcess+0x50>
  3c:	f804 3c0c 	strb.w	r3, [r4, #-12]
  40:	6823      	ldr	r3, [r4, #0]
  42:	4798      	blx	r3
  44:	f804 7c0c 	strb.w	r7, [r4, #-12]
  48:	e002      	b.n	50 <taskProcess+0x50>
  4a:	3b01      	subs	r3, #1
  4c:	f844 3c08 	str.w	r3, [r4, #-8]
  50:	341c      	adds	r4, #28
  52:	42ac      	cmp	r4, r5
  54:	d1db      	bne.n	e <taskProcess+0xe>
  56:	2001      	movs	r0, #1
  58:	bdf8      	pop	{r3, r4, r5, r6, r7, pc}
  5a:	bf00      	nop
  5c:	00000010 	.word	0x00000010
  60:	00000000 	.word	0x00000000

Disassembly of section .text.taskGet:

00000000 <taskGet>:
taskGet():
   0:	e92d 43f8 	stmdb	sp!, {r3, r4, r5, r6, r7, r8, r9, lr}
   4:	2700      	movs	r7, #0
   6:	4605      	mov	r5, r0
   8:	460c      	mov	r4, r1
   a:	4616      	mov	r6, r2
   c:	46b9      	mov	r9, r7
   e:	f8df 805c 	ldr.w	r8, [pc, #92]	; 6c <taskGet+0x6c>
  12:	b124      	cbz	r4, 1e <taskGet+0x1e>
  14:	eb08 0307 	add.w	r3, r8, r7
  18:	88db      	ldrh	r3, [r3, #6]
  1a:	42a3      	cmp	r3, r4
  1c:	d005      	beq.n	2a <taskGet+0x2a>
  1e:	4628      	mov	r0, r5
  20:	f858 1007 	ldr.w	r1, [r8, r7]
  24:	f7ff fffe 	bl	0 <isStringSame>
  28:	b1b0      	cbz	r0, 58 <taskGet+0x58>
  2a:	231c      	movs	r3, #28
  2c:	fb03 f909 	mul.w	r9, r3, r9
  30:	f858 2009 	ldr.w	r2, [r8, r9]
  34:	eb08 0309 	add.w	r3, r8, r9
  38:	6032      	str	r2, [r6, #0]
  3a:	88da      	ldrh	r2, [r3, #6]
  3c:	2001      	movs	r0, #1
  3e:	80f2      	strh	r2, [r6, #6]
  40:	689a      	ldr	r2, [r3, #8]
  42:	60b2      	str	r2, [r6, #8]
  44:	68da      	ldr	r2, [r3, #12]
  46:	60f2      	str	r2, [r6, #12]
  48:	691a      	ldr	r2, [r3, #16]
  4a:	6132      	str	r2, [r6, #16]
  4c:	695a      	ldr	r2, [r3, #20]
  4e:	699b      	ldr	r3, [r3, #24]
  50:	6172      	str	r2, [r6, #20]
  52:	61b3      	str	r3, [r6, #24]
  54:	e8bd 83f8 	ldmia.w	sp!, {r3, r4, r5, r6, r7, r8, r9, pc}
  58:	f109 0901 	add.w	r9, r9, #1
  5c:	fa1f f989 	uxth.w	r9, r9
  60:	371c      	adds	r7, #28
  62:	f1b9 0f0f 	cmp.w	r9, #15
  66:	d1d2      	bne.n	e <taskGet+0xe>
  68:	e8bd 83f8 	ldmia.w	sp!, {r3, r4, r5, r6, r7, r8, r9, pc}
  6c:	00000000 	.word	0x00000000

Disassembly of section .text.taskList:

00000000 <taskList>:
taskList():
   0:	434a221c 	.word	0x434a221c
   4:	4b08      	ldr	r3, [pc, #32]	; (28 <taskList+0x28>)
   6:	b510      	push	{r4, lr}
   8:	189c      	adds	r4, r3, r2
   a:	589b      	ldr	r3, [r3, r2]
   c:	88e1      	ldrh	r1, [r4, #6]
   e:	6003      	str	r3, [r0, #0]
  10:	68a3      	ldr	r3, [r4, #8]
  12:	80c1      	strh	r1, [r0, #6]
  14:	6083      	str	r3, [r0, #8]
  16:	68e3      	ldr	r3, [r4, #12]
  18:	60c3      	str	r3, [r0, #12]
  1a:	6923      	ldr	r3, [r4, #16]
  1c:	6103      	str	r3, [r0, #16]
  1e:	6963      	ldr	r3, [r4, #20]
  20:	6143      	str	r3, [r0, #20]
  22:	69a3      	ldr	r3, [r4, #24]
  24:	6183      	str	r3, [r0, #24]
  26:	bd10      	pop	{r4, pc}
  28:	00000000 	.word	0x00000000

Disassembly of section .text.sysGetIDString:

00000000 <sysGetIDString>:
sysGetIDString():
   0:	4b09      	ldr	r3, [pc, #36]	; (28 <sysGetIDString+0x28>)
   2:	b570      	push	{r4, r5, r6, lr}
   4:	2500      	movs	r5, #0
   6:	4c09      	ldr	r4, [pc, #36]	; (2c <sysGetIDString+0x2c>)
   8:	731d      	strb	r5, [r3, #12]
   a:	4e09      	ldr	r6, [pc, #36]	; (30 <sysGetIDString+0x30>)
   c:	f814 0d01 	ldrb.w	r0, [r4, #-1]!
  10:	1973      	adds	r3, r6, r5
  12:	2100      	movs	r1, #0
  14:	4a07      	ldr	r2, [pc, #28]	; (34 <sysGetIDString+0x34>)
  16:	f7ff fffe 	bl	0 <convertIntToString>
  1a:	4b07      	ldr	r3, [pc, #28]	; (38 <sysGetIDString+0x38>)
  1c:	3502      	adds	r5, #2
  1e:	429c      	cmp	r4, r3
  20:	d1f3      	bne.n	a <sysGetIDString+0xa>
  22:	4630      	mov	r0, r6
  24:	bd70      	pop	{r4, r5, r6, pc}
  26:	bf00      	nop
  28:	00000000 	.word	0x00000000
  2c:	1ffff7f4 	.word	0x1ffff7f4
  30:	0000000c 	.word	0x0000000c
  34:	00000001 	.word	0x00000001
  38:	1ffff7e8 	.word	0x1ffff7e8

Disassembly of section .text.sysGetID:

00000000 <sysGetID>:
sysGetID():
   0:	47704800 	.word	0x47704800
   4:	1ffff7e8 	.word	0x1ffff7e8

Disassembly of section .text.sysGetFile:

00000000 <sysGetFile>:
sysGetFile():
   0:	4800      	ldr	r0, [pc, #0]	; (4 <sysGetFile+0x4>)
   2:	4770      	bx	lr
   4:	0000001c 	.word	0x0000001c

Disassembly of section .text.descriptorGetMainClock:

00000000 <descriptorGetMainClock>:
descriptorGetMainClock():
   0:	4b03      	ldr	r3, [pc, #12]	; (10 <descriptorGetMainClock+0x10>)
   2:	881a      	ldrh	r2, [r3, #0]
   4:	4b03      	ldr	r3, [pc, #12]	; (14 <descriptorGetMainClock+0x14>)
   6:	b292      	uxth	r2, r2
   8:	18d3      	adds	r3, r2, r3
   a:	029b      	lsls	r3, r3, #10
   c:	6858      	ldr	r0, [r3, #4]
   e:	4770      	bx	lr
  10:	1ffff7e0 	.word	0x1ffff7e0
  14:	0001fffe 	.word	0x0001fffe

Disassembly of section .text.descriptorGetXTAL:

00000000 <descriptorGetXTAL>:
descriptorGetXTAL():
   0:	4b04      	ldr	r3, [pc, #16]	; (14 <descriptorGetXTAL+0x14>)
   2:	881a      	ldrh	r2, [r3, #0]
   4:	4b04      	ldr	r3, [pc, #16]	; (18 <descriptorGetXTAL+0x18>)
   6:	b292      	uxth	r2, r2
   8:	18d3      	adds	r3, r2, r3
   a:	029b      	lsls	r3, r3, #10
   c:	f8d3 0002 	ldr.w	r0, [r3, #2]
  10:	4770      	bx	lr
  12:	bf00      	nop
  14:	1ffff7e0 	.word	0x1ffff7e0
  18:	0001fffe 	.word	0x0001fffe

Disassembly of section .text.descriptorGetID:

00000000 <descriptorGetID>:
descriptorGetID():
   0:	881a4b03 	.word	0x881a4b03
   4:	4b03      	ldr	r3, [pc, #12]	; (14 <descriptorGetID+0x14>)
   6:	b292      	uxth	r2, r2
   8:	18d3      	adds	r3, r2, r3
   a:	029b      	lsls	r3, r3, #10
   c:	6818      	ldr	r0, [r3, #0]
   e:	4770      	bx	lr
  10:	1ffff7e0 	.word	0x1ffff7e0
  14:	0001fffe 	.word	0x0001fffe

Disassembly of section .text.sysGetIDRevision:

00000000 <sysGetIDRevision>:
sysGetIDRevision():
   0:	68184b01 	.word	0x68184b01
   4:	0b00      	lsrs	r0, r0, #12
   6:	4770      	bx	lr
   8:	e0042000 	.word	0xe0042000

Disassembly of section .text.setMainClock:

00000000 <setMainClock>:
setMainClock():
   0:	4b15      	ldr	r3, [pc, #84]	; (58 <setMainClock+0x58>)
   2:	681a      	ldr	r2, [r3, #0]
   4:	f442 3280 	orr.w	r2, r2, #65536	; 0x10000
   8:	601a      	str	r2, [r3, #0]
   a:	4b13      	ldr	r3, [pc, #76]	; (58 <setMainClock+0x58>)
   c:	681a      	ldr	r2, [r3, #0]
   e:	f412 3f00 	tst.w	r2, #131072	; 0x20000
  12:	d0fa      	beq.n	a <setMainClock+0xa>
  14:	2200      	movs	r2, #0
  16:	629a      	str	r2, [r3, #40]	; 0x28
  18:	4a10      	ldr	r2, [pc, #64]	; (5c <setMainClock+0x5c>)
  1a:	605a      	str	r2, [r3, #4]
  1c:	681a      	ldr	r2, [r3, #0]
  1e:	f042 7280 	orr.w	r2, r2, #16777216	; 0x1000000
  22:	601a      	str	r2, [r3, #0]
  24:	4b0c      	ldr	r3, [pc, #48]	; (58 <setMainClock+0x58>)
  26:	681a      	ldr	r2, [r3, #0]
  28:	f012 7f00 	tst.w	r2, #33554432	; 0x2000000
  2c:	d0fa      	beq.n	24 <setMainClock+0x24>
  2e:	685a      	ldr	r2, [r3, #4]
  30:	f042 0201 	orr.w	r2, r2, #1
  34:	605a      	str	r2, [r3, #4]
  36:	699a      	ldr	r2, [r3, #24]
  38:	f442 6200 	orr.w	r2, r2, #2048	; 0x800
  3c:	619a      	str	r2, [r3, #24]
  3e:	4b08      	ldr	r3, [pc, #32]	; (60 <setMainClock+0x60>)
  40:	681a      	ldr	r2, [r3, #0]
  42:	f44f 737a 	mov.w	r3, #1000	; 0x3e8
  46:	0052      	lsls	r2, r2, #1
  48:	fbb2 f2f3 	udiv	r2, r2, r3
  4c:	4b05      	ldr	r3, [pc, #20]	; (64 <setMainClock+0x64>)
  4e:	605a      	str	r2, [r3, #4]
  50:	609a      	str	r2, [r3, #8]
  52:	2207      	movs	r2, #7
  54:	601a      	str	r2, [r3, #0]
  56:	4770      	bx	lr
  58:	40021000 	.word	0x40021000
  5c:	0001c002 	.word	0x0001c002
  60:	00000000 	.word	0x00000000
  64:	e000e010 	.word	0xe000e010

Disassembly of section .text.sysGetTimer:

00000000 <sysGetTimer>:
sysGetTimer():
   0:	b2c03801 	.word	0xb2c03801
   4:	2810      	cmp	r0, #16
   6:	bf9a      	itte	ls
   8:	4b02      	ldrls	r3, [pc, #8]	; (14 <sysGetTimer+0x14>)
   a:	f853 0020 	ldrls.w	r0, [r3, r0, lsl #2]
   e:	2000      	movhi	r0, #0
  10:	4770      	bx	lr
  12:	bf00      	nop
  14:	00000000 	.word	0x00000000

Disassembly of section .text.delay:

00000000 <delay>:
delay():
   0:	b570      	push	{r4, r5, r6, lr}
   2:	4d2b      	ldr	r5, [pc, #172]	; (b0 <delay+0xb0>)
   4:	4606      	mov	r6, r0
   6:	7de8      	ldrb	r0, [r5, #23]
   8:	4c2a      	ldr	r4, [pc, #168]	; (b4 <delay+0xb4>)
   a:	2801      	cmp	r0, #1
   c:	d128      	bne.n	60 <delay+0x60>
   e:	69a3      	ldr	r3, [r4, #24]
  10:	2200      	movs	r2, #0
  12:	f443 6300 	orr.w	r3, r3, #2048	; 0x800
  16:	61a3      	str	r3, [r4, #24]
  18:	4b27      	ldr	r3, [pc, #156]	; (b8 <delay+0xb8>)
  1a:	6829      	ldr	r1, [r5, #0]
  1c:	801a      	strh	r2, [r3, #0]
  1e:	4a27      	ldr	r2, [pc, #156]	; (bc <delay+0xbc>)
  20:	fbb1 f2f2 	udiv	r2, r1, r2
  24:	4356      	muls	r6, r2
  26:	f5b6 3f80 	cmp.w	r6, #65536	; 0x10000
  2a:	d304      	bcc.n	36 <delay+0x36>
  2c:	0c31      	lsrs	r1, r6, #16
  2e:	434a      	muls	r2, r1
  30:	b292      	uxth	r2, r2
  32:	851a      	strh	r2, [r3, #40]	; 0x28
  34:	b2b6      	uxth	r6, r6
  36:	2e3b      	cmp	r6, #59	; 0x3b
  38:	bf98      	it	ls
  3a:	263c      	movls	r6, #60	; 0x3c
  3c:	4b1e      	ldr	r3, [pc, #120]	; (b8 <delay+0xb8>)
  3e:	3e3c      	subs	r6, #60	; 0x3c
  40:	2200      	movs	r2, #0
  42:	b2b6      	uxth	r6, r6
  44:	809a      	strh	r2, [r3, #4]
  46:	811a      	strh	r2, [r3, #8]
  48:	819a      	strh	r2, [r3, #12]
  4a:	849a      	strh	r2, [r3, #36]	; 0x24
  4c:	859e      	strh	r6, [r3, #44]	; 0x2c
  4e:	821a      	strh	r2, [r3, #16]
  50:	2289      	movs	r2, #137	; 0x89
  52:	801a      	strh	r2, [r3, #0]
  54:	4b18      	ldr	r3, [pc, #96]	; (b8 <delay+0xb8>)
  56:	881b      	ldrh	r3, [r3, #0]
  58:	f013 0f01 	tst.w	r3, #1
  5c:	d1fa      	bne.n	54 <delay+0x54>
  5e:	bd70      	pop	{r4, r5, r6, pc}
  60:	f7ff fffe 	bl	0 <delay>
  64:	69a3      	ldr	r3, [r4, #24]
  66:	f443 2300 	orr.w	r3, r3, #524288	; 0x80000
  6a:	61a3      	str	r3, [r4, #24]
  6c:	2300      	movs	r3, #0
  6e:	8003      	strh	r3, [r0, #0]
  70:	682a      	ldr	r2, [r5, #0]
  72:	4b12      	ldr	r3, [pc, #72]	; (bc <delay+0xbc>)
  74:	fbb2 f3f3 	udiv	r3, r2, r3
  78:	435e      	muls	r6, r3
  7a:	f5b6 3f80 	cmp.w	r6, #65536	; 0x10000
  7e:	d304      	bcc.n	8a <delay+0x8a>
  80:	0c32      	lsrs	r2, r6, #16
  82:	4353      	muls	r3, r2
  84:	b29b      	uxth	r3, r3
  86:	8503      	strh	r3, [r0, #40]	; 0x28
  88:	b2b6      	uxth	r6, r6
  8a:	2e3b      	cmp	r6, #59	; 0x3b
  8c:	bf98      	it	ls
  8e:	263c      	movls	r6, #60	; 0x3c
  90:	3e3c      	subs	r6, #60	; 0x3c
  92:	2200      	movs	r2, #0
  94:	b2b6      	uxth	r6, r6
  96:	2389      	movs	r3, #137	; 0x89
  98:	8082      	strh	r2, [r0, #4]
  9a:	8102      	strh	r2, [r0, #8]
  9c:	8182      	strh	r2, [r0, #12]
  9e:	8482      	strh	r2, [r0, #36]	; 0x24
  a0:	8586      	strh	r6, [r0, #44]	; 0x2c
  a2:	8202      	strh	r2, [r0, #16]
  a4:	8003      	strh	r3, [r0, #0]
  a6:	8803      	ldrh	r3, [r0, #0]
  a8:	f013 0f01 	tst.w	r3, #1
  ac:	d1fb      	bne.n	a6 <delay+0xa6>
  ae:	bd70      	pop	{r4, r5, r6, pc}
  b0:	00000000 	.word	0x00000000
  b4:	40021000 	.word	0x40021000
  b8:	40012c00 	.word	0x40012c00
  bc:	000f4240 	.word	0x000f4240

Disassembly of section .text.delayms:

00000000 <delayms>:
delayms():
   0:	f44f 737a 	mov.w	r3, #1000	; 0x3e8
   4:	4358      	muls	r0, r3
   6:	f7ff bffe 	b.w	0 <delayms>

Disassembly of section .text.stopwatchStart:

00000000 <stopwatchStart>:
stopwatchStart():
   0:	4b01      	ldr	r3, [pc, #4]	; (8 <stopwatchStart+0x8>)
   2:	2200      	movs	r2, #0
   4:	609a      	str	r2, [r3, #8]
   6:	4770      	bx	lr
   8:	00000000 	.word	0x00000000

Disassembly of section .text.stopwatchGet:

00000000 <stopwatchGet>:
stopwatchGet():
   0:	4b01      	ldr	r3, [pc, #4]	; (8 <stopwatchGet+0x8>)
   2:	6898      	ldr	r0, [r3, #8]
   4:	4770      	bx	lr
   6:	bf00      	nop
   8:	00000000 	.word	0x00000000

Disassembly of section .text.mcoEnable:

00000000 <mcoEnable>:
mcoEnable():
   0:	b530      	push	{r4, r5, lr}
   2:	4b13      	ldr	r3, [pc, #76]	; (50 <mcoEnable+0x50>)
   4:	4605      	mov	r5, r0
   6:	b085      	sub	sp, #20
   8:	466c      	mov	r4, sp
   a:	2d03      	cmp	r5, #3
   c:	cb0f      	ldmia	r3, {r0, r1, r2, r3}
   e:	e884 000f 	stmia.w	r4, {r0, r1, r2, r3}
  12:	d81a      	bhi.n	4a <mcoEnable+0x4a>
  14:	4b0f      	ldr	r3, [pc, #60]	; (54 <mcoEnable+0x54>)
  16:	699a      	ldr	r2, [r3, #24]
  18:	f042 0204 	orr.w	r2, r2, #4
  1c:	619a      	str	r2, [r3, #24]
  1e:	4a0e      	ldr	r2, [pc, #56]	; (58 <mcoEnable+0x58>)
  20:	6851      	ldr	r1, [r2, #4]
  22:	f021 010f 	bic.w	r1, r1, #15
  26:	6051      	str	r1, [r2, #4]
  28:	6851      	ldr	r1, [r2, #4]
  2a:	f041 010b 	orr.w	r1, r1, #11
  2e:	6051      	str	r1, [r2, #4]
  30:	685a      	ldr	r2, [r3, #4]
  32:	f022 62e0 	bic.w	r2, r2, #117440512	; 0x7000000
  36:	605a      	str	r2, [r3, #4]
  38:	aa04      	add	r2, sp, #16
  3a:	eb02 0585 	add.w	r5, r2, r5, lsl #2
  3e:	6859      	ldr	r1, [r3, #4]
  40:	f855 2c10 	ldr.w	r2, [r5, #-16]
  44:	ea41 0202 	orr.w	r2, r1, r2
  48:	605a      	str	r2, [r3, #4]
  4a:	b005      	add	sp, #20
  4c:	bd30      	pop	{r4, r5, pc}
  4e:	bf00      	nop
  50:	00000044 	.word	0x00000044
  54:	40021000 	.word	0x40021000
  58:	40010800 	.word	0x40010800

Disassembly of section .text.mcoDisable:

00000000 <mcoDisable>:
mcoDisable():
   0:	685a4b02 	.word	0x685a4b02
   4:	f022 62e0 	bic.w	r2, r2, #117440512	; 0x7000000
   8:	605a      	str	r2, [r3, #4]
   a:	4770      	bx	lr
   c:	40021000 	.word	0x40021000

Disassembly of section .text.SysTick_Handler:

00000000 <SysTick_Handler>:
SysTick_Handler():
   0:	4b07      	ldr	r3, [pc, #28]	; (20 <SysTick_Handler+0x20>)
   2:	f64a 22aa 	movw	r2, #43690	; 0xaaaa
   6:	601a      	str	r2, [r3, #0]
   8:	4b06      	ldr	r3, [pc, #24]	; (24 <SysTick_Handler+0x24>)
   a:	689a      	ldr	r2, [r3, #8]
   c:	320a      	adds	r2, #10
   e:	609a      	str	r2, [r3, #8]
  10:	68db      	ldr	r3, [r3, #12]
  12:	f413 3f80 	tst.w	r3, #65536	; 0x10000
  16:	d001      	beq.n	6 <SysTick_Handler+0x6>
  18:	f7ff bffe 	b.w	0 <SysTick_Handler>
  1c:	4770      	bx	lr
  1e:	bf00      	nop
  20:	40003000 	.word	0x40003000
  24:	00000000 	.word	0x00000000
