
C:\Users\MightyDubster\Documents\Projects\pygmyos.code\bootv2\pygmy_socket.o:     file format elf32-littlearm
C:\Users\MightyDubster\Documents\Projects\pygmyos.code\bootv2\pygmy_socket.o


Disassembly of section .text.socketGetID:

00000000 <socketGetID>:
socketGetID():
   0:	4b01      	ldr	r3, [pc, #4]	; (8 <socketGetID+0x8>)
   2:	6818      	ldr	r0, [r3, #0]
   4:	4770      	bx	lr
   6:	bf00      	nop
   8:	00000000 	.word	0x00000000

Disassembly of section .text.putsSOCKET:

00000000 <putsSOCKET>:
putsSOCKET():
   0:	4770      	bx	lr

Disassembly of section .text.socketInit:

00000000 <socketInit>:
socketInit():
   0:	b570      	push	{r4, r5, r6, lr}
   2:	f7ff fffe 	bl	0 <sysGetID>
   6:	2101      	movs	r1, #1
   8:	4605      	mov	r5, r0
   a:	4a11      	ldr	r2, [pc, #68]	; (50 <socketInit+0x50>)
   c:	2000      	movs	r0, #0
   e:	f7ff fffe 	bl	0 <pdiaEncode>
  12:	2400      	movs	r4, #0
  14:	5d28      	ldrb	r0, [r5, r4]
  16:	2102      	movs	r1, #2
  18:	4a0d      	ldr	r2, [pc, #52]	; (50 <socketInit+0x50>)
  1a:	3401      	adds	r4, #1
  1c:	f7ff fffe 	bl	0 <pdiaEncode>
  20:	2c0c      	cmp	r4, #12
  22:	d1f7      	bne.n	14 <socketInit+0x14>
  24:	2104      	movs	r1, #4
  26:	4a0a      	ldr	r2, [pc, #40]	; (50 <socketInit+0x50>)
  28:	2000      	movs	r0, #0
  2a:	f7ff fffe 	bl	0 <pdiaEncode>
  2e:	2054      	movs	r0, #84	; 0x54
  30:	f7ff fffe 	bl	0 <sysAllocate>
  34:	4b07      	ldr	r3, [pc, #28]	; (54 <socketInit+0x54>)
  36:	2200      	movs	r2, #0
  38:	6018      	str	r0, [r3, #0]
  3a:	4b07      	ldr	r3, [pc, #28]	; (58 <socketInit+0x58>)
  3c:	4807      	ldr	r0, [pc, #28]	; (5c <socketInit+0x5c>)
  3e:	701a      	strb	r2, [r3, #0]
  40:	4a07      	ldr	r2, [pc, #28]	; (60 <socketInit+0x60>)
  42:	f241 3188 	movw	r1, #5000	; 0x1388
  46:	e8bd 4070 	ldmia.w	sp!, {r4, r5, r6, lr}
  4a:	f7ff bffe 	b.w	0 <taskNewSimple>
  4e:	bf00      	nop
	...

Disassembly of section .text.socketResend:

00000000 <socketResend>:
socketResend():
   0:	b508      	push	{r3, lr}
   2:	4b05      	ldr	r3, [pc, #20]	; (18 <socketResend+0x18>)
   4:	f64a 22aa 	movw	r2, #43690	; 0xaaaa
   8:	601a      	str	r2, [r3, #0]
   a:	7f81      	ldrb	r1, [r0, #30]
   c:	2920      	cmp	r1, #32
   e:	d802      	bhi.n	16 <socketResend+0x16>
  10:	6d03      	ldr	r3, [r0, #80]	; 0x50
  12:	302c      	adds	r0, #44	; 0x2c
  14:	4798      	blx	r3
  16:	bd08      	pop	{r3, pc}
  18:	40003000 	.word	0x40003000

Disassembly of section .text.socketGet:

00000000 <socketGet>:
socketGet():
   0:	b570      	push	{r4, r5, r6, lr}
   2:	4a0c      	ldr	r2, [pc, #48]	; (34 <socketGet+0x34>)
   4:	4603      	mov	r3, r0
   6:	7816      	ldrb	r6, [r2, #0]
   8:	4a0b      	ldr	r2, [pc, #44]	; (38 <socketGet+0x38>)
   a:	2400      	movs	r4, #0
   c:	6812      	ldr	r2, [r2, #0]
   e:	e00d      	b.n	2c <socketGet+0x2c>
  10:	6915      	ldr	r5, [r2, #16]
  12:	4610      	mov	r0, r2
  14:	429d      	cmp	r5, r3
  16:	d00c      	beq.n	32 <socketGet+0x32>
  18:	428d      	cmp	r5, r1
  1a:	d00a      	beq.n	32 <socketGet+0x32>
  1c:	6955      	ldr	r5, [r2, #20]
  1e:	429d      	cmp	r5, r3
  20:	d007      	beq.n	32 <socketGet+0x32>
  22:	3254      	adds	r2, #84	; 0x54
  24:	428d      	cmp	r5, r1
  26:	d004      	beq.n	32 <socketGet+0x32>
  28:	3401      	adds	r4, #1
  2a:	b2e4      	uxtb	r4, r4
  2c:	42b4      	cmp	r4, r6
  2e:	d3ef      	bcc.n	10 <socketGet+0x10>
  30:	2000      	movs	r0, #0
  32:	bd70      	pop	{r4, r5, r6, pc}
	...

Disassembly of section .text.socketOpenFromPacket:

00000000 <socketOpenFromPacket>:
socketOpenFromPacket():
   0:	4b2b      	ldr	r3, [pc, #172]	; (b0 <socketOpenFromPacket+0xb0>)
   2:	f64a 22aa 	movw	r2, #43690	; 0xaaaa
   6:	e92d 41f0 	stmdb	sp!, {r4, r5, r6, r7, r8, lr}
   a:	601a      	str	r2, [r3, #0]
   c:	4606      	mov	r6, r0
   e:	6871      	ldr	r1, [r6, #4]
  10:	6800      	ldr	r0, [r0, #0]
  12:	f7ff fffe 	bl	0 <socketOpenFromPacket>
  16:	4605      	mov	r5, r0
  18:	2800      	cmp	r0, #0
  1a:	d144      	bne.n	a6 <socketOpenFromPacket+0xa6>
  1c:	4f25      	ldr	r7, [pc, #148]	; (b4 <socketOpenFromPacket+0xb4>)
  1e:	f8df 809c 	ldr.w	r8, [pc, #156]	; bc <socketOpenFromPacket+0xbc>
  22:	783b      	ldrb	r3, [r7, #0]
  24:	2154      	movs	r1, #84	; 0x54
  26:	3301      	adds	r3, #1
  28:	f8d8 0000 	ldr.w	r0, [r8]
  2c:	4359      	muls	r1, r3
  2e:	f7ff fffe 	bl	0 <sysReallocate>
  32:	4604      	mov	r4, r0
  34:	2800      	cmp	r0, #0
  36:	d037      	beq.n	a8 <socketOpenFromPacket+0xa8>
  38:	f8c8 0000 	str.w	r0, [r8]
  3c:	f7ff fffe 	bl	0 <timeGet>
  40:	4a1d      	ldr	r2, [pc, #116]	; (b8 <socketOpenFromPacket+0xb8>)
  42:	6833      	ldr	r3, [r6, #0]
  44:	6812      	ldr	r2, [r2, #0]
  46:	6123      	str	r3, [r4, #16]
  48:	f022 02ff 	bic.w	r2, r2, #255	; 0xff
  4c:	f003 03ff 	and.w	r3, r3, #255	; 0xff
  50:	6060      	str	r0, [r4, #4]
  52:	60a0      	str	r0, [r4, #8]
  54:	4313      	orrs	r3, r2
  56:	300a      	adds	r0, #10
  58:	60e0      	str	r0, [r4, #12]
  5a:	6163      	str	r3, [r4, #20]
  5c:	7ab3      	ldrb	r3, [r6, #10]
  5e:	7623      	strb	r3, [r4, #24]
  60:	7b73      	ldrb	r3, [r6, #13]
  62:	76a5      	strb	r5, [r4, #26]
  64:	7663      	strb	r3, [r4, #25]
  66:	2304      	movs	r3, #4
  68:	7725      	strb	r5, [r4, #28]
  6a:	7763      	strb	r3, [r4, #29]
  6c:	6225      	str	r5, [r4, #32]
  6e:	f884 5024 	strb.w	r5, [r4, #36]	; 0x24
  72:	f884 5025 	strb.w	r5, [r4, #37]	; 0x25
  76:	f884 504c 	strb.w	r5, [r4, #76]	; 0x4c
  7a:	7b73      	ldrb	r3, [r6, #13]
  7c:	2b04      	cmp	r3, #4
  7e:	d10d      	bne.n	9c <socketOpenFromPacket+0x9c>
  80:	360e      	adds	r6, #14
  82:	4630      	mov	r0, r6
  84:	f7ff fffe 	bl	0 <len>
  88:	3001      	adds	r0, #1
  8a:	f7ff fffe 	bl	0 <sysAllocate>
  8e:	4601      	mov	r1, r0
  90:	62a0      	str	r0, [r4, #40]	; 0x28
  92:	b120      	cbz	r0, 9e <socketOpenFromPacket+0x9e>
  94:	4630      	mov	r0, r6
  96:	f7ff fffe 	bl	0 <copyString>
  9a:	e000      	b.n	9e <socketOpenFromPacket+0x9e>
  9c:	62a5      	str	r5, [r4, #40]	; 0x28
  9e:	783b      	ldrb	r3, [r7, #0]
  a0:	3301      	adds	r3, #1
  a2:	703b      	strb	r3, [r7, #0]
  a4:	e000      	b.n	a8 <socketOpenFromPacket+0xa8>
  a6:	2400      	movs	r4, #0
  a8:	4620      	mov	r0, r4
  aa:	e8bd 81f0 	ldmia.w	sp!, {r4, r5, r6, r7, r8, pc}
  ae:	bf00      	nop
  b0:	40003000 	.word	0x40003000
	...

Disassembly of section .text.socketOpen:

00000000 <socketOpen>:
socketOpen():
   0:	b500      	push	{lr}
   2:	b08b      	sub	sp, #44	; 0x2c
   4:	9000      	str	r0, [sp, #0]
   6:	2300      	movs	r3, #0
   8:	4668      	mov	r0, sp
   a:	9301      	str	r3, [sp, #4]
   c:	f88d 100d 	strb.w	r1, [sp, #13]
  10:	f7ff fffe 	bl	0 <socketOpen>
  14:	b00b      	add	sp, #44	; 0x2c
  16:	bd00      	pop	{pc}

Disassembly of section .text.socketCopy:

00000000 <socketCopy>:
socketCopy():
   0:	4b1c      	ldr	r3, [pc, #112]	; (74 <socketCopy+0x74>)
   2:	f64a 22aa 	movw	r2, #43690	; 0xaaaa
   6:	b510      	push	{r4, lr}
   8:	601a      	str	r2, [r3, #0]
   a:	6803      	ldr	r3, [r0, #0]
   c:	600b      	str	r3, [r1, #0]
   e:	6843      	ldr	r3, [r0, #4]
  10:	604b      	str	r3, [r1, #4]
  12:	6883      	ldr	r3, [r0, #8]
  14:	608b      	str	r3, [r1, #8]
  16:	68c3      	ldr	r3, [r0, #12]
  18:	60cb      	str	r3, [r1, #12]
  1a:	6903      	ldr	r3, [r0, #16]
  1c:	610b      	str	r3, [r1, #16]
  1e:	6943      	ldr	r3, [r0, #20]
  20:	614b      	str	r3, [r1, #20]
  22:	7e03      	ldrb	r3, [r0, #24]
  24:	760b      	strb	r3, [r1, #24]
  26:	7e43      	ldrb	r3, [r0, #25]
  28:	764b      	strb	r3, [r1, #25]
  2a:	7e83      	ldrb	r3, [r0, #26]
  2c:	768b      	strb	r3, [r1, #26]
  2e:	7ec3      	ldrb	r3, [r0, #27]
  30:	76cb      	strb	r3, [r1, #27]
  32:	7f03      	ldrb	r3, [r0, #28]
  34:	770b      	strb	r3, [r1, #28]
  36:	7f43      	ldrb	r3, [r0, #29]
  38:	774b      	strb	r3, [r1, #29]
  3a:	7f83      	ldrb	r3, [r0, #30]
  3c:	778b      	strb	r3, [r1, #30]
  3e:	6a03      	ldr	r3, [r0, #32]
  40:	620b      	str	r3, [r1, #32]
  42:	f890 3024 	ldrb.w	r3, [r0, #36]	; 0x24
  46:	f881 3024 	strb.w	r3, [r1, #36]	; 0x24
  4a:	f890 3025 	ldrb.w	r3, [r0, #37]	; 0x25
  4e:	f881 3025 	strb.w	r3, [r1, #37]	; 0x25
  52:	f890 304c 	ldrb.w	r3, [r0, #76]	; 0x4c
  56:	f881 304c 	strb.w	r3, [r1, #76]	; 0x4c
  5a:	6d03      	ldr	r3, [r0, #80]	; 0x50
  5c:	650b      	str	r3, [r1, #80]	; 0x50
  5e:	2300      	movs	r3, #0
  60:	18c4      	adds	r4, r0, r3
  62:	18ca      	adds	r2, r1, r3
  64:	f894 402c 	ldrb.w	r4, [r4, #44]	; 0x2c
  68:	3301      	adds	r3, #1
  6a:	2b20      	cmp	r3, #32
  6c:	f882 402c 	strb.w	r4, [r2, #44]	; 0x2c
  70:	d1f6      	bne.n	60 <socketCopy+0x60>
  72:	bd10      	pop	{r4, pc}
  74:	40003000 	.word	0x40003000

Disassembly of section .text.socketClose:

00000000 <socketClose>:
socketClose():
   0:	b5f8      	push	{r3, r4, r5, r6, r7, lr}
   2:	4b1c      	ldr	r3, [pc, #112]	; (74 <socketClose+0x74>)
   4:	f64a 22aa 	movw	r2, #43690	; 0xaaaa
   8:	601a      	str	r2, [r3, #0]
   a:	7e43      	ldrb	r3, [r0, #25]
   c:	4604      	mov	r4, r0
   e:	f003 037f 	and.w	r3, r3, #127	; 0x7f
  12:	2b02      	cmp	r3, #2
  14:	d101      	bne.n	1a <socketClose+0x1a>
  16:	f7ff fffe 	bl	0 <fileClose>
  1a:	6aa0      	ldr	r0, [r4, #40]	; 0x28
  1c:	2300      	movs	r3, #0
  1e:	6123      	str	r3, [r4, #16]
  20:	6163      	str	r3, [r4, #20]
  22:	b108      	cbz	r0, 28 <socketClose+0x28>
  24:	f7ff fffe 	bl	0 <sysFree>
  28:	6a20      	ldr	r0, [r4, #32]
  2a:	b108      	cbz	r0, 30 <socketClose+0x30>
  2c:	f7ff fffe 	bl	0 <sysFree>
  30:	4e11      	ldr	r6, [pc, #68]	; (78 <socketClose+0x78>)
  32:	7830      	ldrb	r0, [r6, #0]
  34:	b1e0      	cbz	r0, 70 <socketClose+0x70>
  36:	2354      	movs	r3, #84	; 0x54
  38:	3801      	subs	r0, #1
  3a:	4358      	muls	r0, r3
  3c:	f7ff fffe 	bl	0 <sysAllocate>
  40:	4605      	mov	r5, r0
  42:	b1a8      	cbz	r0, 70 <socketClose+0x70>
  44:	7833      	ldrb	r3, [r6, #0]
  46:	2400      	movs	r4, #0
  48:	3b01      	subs	r3, #1
  4a:	7033      	strb	r3, [r6, #0]
  4c:	e008      	b.n	60 <socketClose+0x60>
  4e:	2154      	movs	r1, #84	; 0x54
  50:	4361      	muls	r1, r4
  52:	6838      	ldr	r0, [r7, #0]
  54:	3401      	adds	r4, #1
  56:	1840      	adds	r0, r0, r1
  58:	1869      	adds	r1, r5, r1
  5a:	f7ff fffe 	bl	0 <socketClose>
  5e:	b2e4      	uxtb	r4, r4
  60:	7833      	ldrb	r3, [r6, #0]
  62:	4f06      	ldr	r7, [pc, #24]	; (7c <socketClose+0x7c>)
  64:	42a3      	cmp	r3, r4
  66:	d8f2      	bhi.n	4e <socketClose+0x4e>
  68:	6838      	ldr	r0, [r7, #0]
  6a:	f7ff fffe 	bl	0 <sysFree>
  6e:	603d      	str	r5, [r7, #0]
  70:	bdf8      	pop	{r3, r4, r5, r6, r7, pc}
  72:	bf00      	nop
  74:	40003000 	.word	0x40003000
	...

Disassembly of section .text.threadSocketMonitor:

00000000 <threadSocketMonitor>:
threadSocketMonitor():
   0:	2400b570 	.word	0x2400b570
   4:	e02a      	b.n	5c <threadSocketMonitor+0x5c>
   6:	2554      	movs	r5, #84	; 0x54
   8:	4365      	muls	r5, r4
   a:	4e17      	ldr	r6, [pc, #92]	; (68 <threadSocketMonitor+0x68>)
   c:	6830      	ldr	r0, [r6, #0]
   e:	1940      	adds	r0, r0, r5
  10:	f890 304c 	ldrb.w	r3, [r0, #76]	; 0x4c
  14:	f013 0f01 	tst.w	r3, #1
  18:	d11e      	bne.n	58 <threadSocketMonitor+0x58>
  1a:	8b03      	ldrh	r3, [r0, #24]
  1c:	f5b3 6fb0 	cmp.w	r3, #1408	; 0x580
  20:	d01a      	beq.n	58 <threadSocketMonitor+0x58>
  22:	7f03      	ldrb	r3, [r0, #28]
  24:	2bff      	cmp	r3, #255	; 0xff
  26:	d006      	beq.n	36 <threadSocketMonitor+0x36>
  28:	7f42      	ldrb	r2, [r0, #29]
  2a:	429a      	cmp	r2, r3
  2c:	d903      	bls.n	36 <threadSocketMonitor+0x36>
  2e:	6882      	ldr	r2, [r0, #8]
  30:	68c3      	ldr	r3, [r0, #12]
  32:	429a      	cmp	r2, r3
  34:	d302      	bcc.n	3c <threadSocketMonitor+0x3c>
  36:	f7ff fffe 	bl	0 <threadSocketMonitor>
  3a:	e00d      	b.n	1e <timeGet+0x1e>
  3c:	f7ff fffe 	bl	0 <timeGet>
  40:	6833      	ldr	r3, [r6, #0]
  42:	195b      	adds	r3, r3, r5
  44:	689a      	ldr	r2, [r3, #8]
  46:	3203      	adds	r2, #3
  48:	4290      	cmp	r0, r2
  4a:	d905      	bls.n	58 <threadSocketMonitor+0x58>
  4c:	7f1a      	ldrb	r2, [r3, #28]
  4e:	4618      	mov	r0, r3
  50:	3201      	adds	r2, #1
  52:	771a      	strb	r2, [r3, #28]
  54:	f7ff fffe 	bl	0 <threadSocketMonitor>
  58:	3401      	adds	r4, #1
  5a:	b2e4      	uxtb	r4, r4
  5c:	4b03      	ldr	r3, [pc, #12]	; (6c <threadSocketMonitor+0x6c>)
  5e:	781b      	ldrb	r3, [r3, #0]
  60:	42a3      	cmp	r3, r4
  62:	d8d0      	bhi.n	6 <threadSocketMonitor+0x6>
  64:	bd70      	pop	{r4, r5, r6, pc}
  66:	bf00      	nop
	...

Disassembly of section .text.socketSaveData:

00000000 <socketSaveData>:
socketSaveData():
   0:	4b05      	ldr	r3, [pc, #20]	; (18 <socketSaveData+0x18>)
   2:	460a      	mov	r2, r1
   4:	f64a 21aa 	movw	r1, #43690	; 0xaaaa
   8:	6019      	str	r1, [r3, #0]
   a:	7b13      	ldrb	r3, [r2, #12]
   c:	3301      	adds	r3, #1
   e:	7683      	strb	r3, [r0, #26]
  10:	7ad1      	ldrb	r1, [r2, #11]
  12:	320e      	adds	r2, #14
  14:	f7ff bffe 	b.w	0 <filePutBuffer>
  18:	40003000 	.word	0x40003000

Disassembly of section .text.socketPayload:

00000000 <socketPayload>:
socketPayload():
   0:	b5f8      	push	{r3, r4, r5, r6, r7, lr}
   2:	4616      	mov	r6, r2
   4:	4a1d      	ldr	r2, [pc, #116]	; (7c <socketPayload+0x7c>)
   6:	460d      	mov	r5, r1
   8:	f64a 21aa 	movw	r1, #43690	; 0xaaaa
   c:	6011      	str	r1, [r2, #0]
   e:	76c3      	strb	r3, [r0, #27]
  10:	f890 304c 	ldrb.w	r3, [r0, #76]	; 0x4c
  14:	4604      	mov	r4, r0
  16:	f023 0301 	bic.w	r3, r3, #1
  1a:	f880 304c 	strb.w	r3, [r0, #76]	; 0x4c
  1e:	f7ff fffe 	bl	0 <timeGet>
  22:	7ee3      	ldrb	r3, [r4, #27]
  24:	f104 072c 	add.w	r7, r4, #44	; 0x2c
  28:	3308      	adds	r3, #8
  2a:	60a0      	str	r0, [r4, #8]
  2c:	7625      	strb	r5, [r4, #24]
  2e:	77a3      	strb	r3, [r4, #30]
  30:	4639      	mov	r1, r7
  32:	2201      	movs	r2, #1
  34:	6920      	ldr	r0, [r4, #16]
  36:	f7ff fffe 	bl	0 <convertU32ToBuffer>
  3a:	7ee1      	ldrb	r1, [r4, #27]
  3c:	7ea3      	ldrb	r3, [r4, #26]
  3e:	430d      	orrs	r5, r1
  40:	f884 3031 	strb.w	r3, [r4, #49]	; 0x31
  44:	f884 5030 	strb.w	r5, [r4, #48]	; 0x30
  48:	4622      	mov	r2, r4
  4a:	2300      	movs	r3, #0
  4c:	e003      	b.n	56 <socketPayload+0x56>
  4e:	5cf0      	ldrb	r0, [r6, r3]
  50:	3301      	adds	r3, #1
  52:	f882 0031 	strb.w	r0, [r2, #49]	; 0x31
  56:	b298      	uxth	r0, r3
  58:	3201      	adds	r2, #1
  5a:	4288      	cmp	r0, r1
  5c:	d3f7      	bcc.n	4e <socketPayload+0x4e>
  5e:	3106      	adds	r1, #6
  60:	4638      	mov	r0, r7
  62:	f7ff fffe 	bl	0 <sysCRC16>
  66:	7ee1      	ldrb	r1, [r4, #27]
  68:	2201      	movs	r2, #1
  6a:	1861      	adds	r1, r4, r1
  6c:	3132      	adds	r1, #50	; 0x32
  6e:	f7ff fffe 	bl	0 <convertU16ToBuffer>
  72:	6d23      	ldr	r3, [r4, #80]	; 0x50
  74:	4638      	mov	r0, r7
  76:	7fa1      	ldrb	r1, [r4, #30]
  78:	4798      	blx	r3
  7a:	bdf8      	pop	{r3, r4, r5, r6, r7, pc}
  7c:	40003000 	.word	0x40003000

Disassembly of section .text.socketFile:

00000000 <socketFile>:
socketFile():
   0:	2405b530 	.word	0x2405b530
   4:	b087      	sub	sp, #28
   6:	f044 0320 	orr.w	r3, r4, #32
   a:	f88d 3000 	strb.w	r3, [sp]
   e:	4b0a      	ldr	r3, [pc, #40]	; (38 <socketFile+0x38>)
  10:	4605      	mov	r5, r0
  12:	681b      	ldr	r3, [r3, #0]
  14:	7c00      	ldrb	r0, [r0, #16]
  16:	f023 03ff 	bic.w	r3, r3, #255	; 0xff
  1a:	4318      	orrs	r0, r3
  1c:	f10d 0101 	add.w	r1, sp, #1
  20:	2201      	movs	r2, #1
  22:	f7ff fffe 	bl	0 <convertU32ToBuffer>
  26:	4628      	mov	r0, r5
  28:	2120      	movs	r1, #32
  2a:	466a      	mov	r2, sp
  2c:	4623      	mov	r3, r4
  2e:	f7ff fffe 	bl	0 <socketFile>
  32:	b007      	add	sp, #28
  34:	bd30      	pop	{r4, r5, pc}
  36:	bf00      	nop
  38:	00000000 	.word	0x00000000

Disassembly of section .text.socketRequestFile:

00000000 <socketRequestFile>:
socketRequestFile():
   0:	4b0d      	ldr	r3, [pc, #52]	; (38 <socketRequestFile+0x38>)
   2:	f64a 22aa 	movw	r2, #43690	; 0xaaaa
   6:	b570      	push	{r4, r5, r6, lr}
   8:	601a      	str	r2, [r3, #0]
   a:	4605      	mov	r5, r0
   c:	460c      	mov	r4, r1
   e:	4608      	mov	r0, r1
  10:	2200      	movs	r2, #0
  12:	2102      	movs	r1, #2
  14:	f7ff fffe 	bl	0 <fileOpen>
  18:	4606      	mov	r6, r0
  1a:	b158      	cbz	r0, 34 <socketRequestFile+0x34>
  1c:	4628      	mov	r0, r5
  1e:	2182      	movs	r1, #130	; 0x82
  20:	f7ff fffe 	bl	0 <socketRequestFile>
  24:	b138      	cbz	r0, 36 <socketRequestFile+0x36>
  26:	6006      	str	r6, [r0, #0]
  28:	4621      	mov	r1, r4
  2a:	2280      	movs	r2, #128	; 0x80
  2c:	f7ff fffe 	bl	0 <socketRequestFile>
  30:	2001      	movs	r0, #1
  32:	bd70      	pop	{r4, r5, r6, pc}
  34:	bd70      	pop	{r4, r5, r6, pc}
  36:	bd70      	pop	{r4, r5, r6, pc}
  38:	40003000 	.word	0x40003000

Disassembly of section .text.socketSendFile:

00000000 <socketSendFile>:
socketSendFile():
   0:	4b0d      	ldr	r3, [pc, #52]	; (38 <socketSendFile+0x38>)
   2:	f64a 22aa 	movw	r2, #43690	; 0xaaaa
   6:	b570      	push	{r4, r5, r6, lr}
   8:	601a      	str	r2, [r3, #0]
   a:	4605      	mov	r5, r0
   c:	460c      	mov	r4, r1
   e:	4608      	mov	r0, r1
  10:	2200      	movs	r2, #0
  12:	2101      	movs	r1, #1
  14:	f7ff fffe 	bl	0 <fileOpen>
  18:	4606      	mov	r6, r0
  1a:	b158      	cbz	r0, 34 <socketSendFile+0x34>
  1c:	4628      	mov	r0, r5
  1e:	2102      	movs	r1, #2
  20:	f7ff fffe 	bl	0 <socketSendFile>
  24:	b138      	cbz	r0, 36 <socketSendFile+0x36>
  26:	6006      	str	r6, [r0, #0]
  28:	4621      	mov	r1, r4
  2a:	2200      	movs	r2, #0
  2c:	f7ff fffe 	bl	0 <socketSendFile>
  30:	2001      	movs	r0, #1
  32:	bd70      	pop	{r4, r5, r6, pc}
  34:	bd70      	pop	{r4, r5, r6, pc}
  36:	bd70      	pop	{r4, r5, r6, pc}
  38:	40003000 	.word	0x40003000

Disassembly of section .text.socketSendClose:

00000000 <socketSendClose>:
socketSendClose():
   0:	2200      	movs	r2, #0
   2:	2140      	movs	r1, #64	; 0x40
   4:	4613      	mov	r3, r2
   6:	f7ff bffe 	b.w	0 <socketSendClose>

Disassembly of section .text.socketSendDataFromString:

00000000 <socketSendDataFromString>:
socketSendDataFromString():
   0:	b570      	push	{r4, r5, r6, lr}
   2:	4604      	mov	r4, r0
   4:	4608      	mov	r0, r1
   6:	460d      	mov	r5, r1
   8:	f7ff fffe 	bl	0 <len>
   c:	1c43      	adds	r3, r0, #1
   e:	b2db      	uxtb	r3, r3
  10:	2b16      	cmp	r3, #22
  12:	76e3      	strb	r3, [r4, #27]
  14:	d80c      	bhi.n	30 <socketSendDataFromString+0x30>
  16:	b923      	cbnz	r3, 22 <socketSendDataFromString+0x22>
  18:	4620      	mov	r0, r4
  1a:	e8bd 4070 	ldmia.w	sp!, {r4, r5, r6, lr}
  1e:	f7ff bffe 	b.w	0 <socketSendDataFromString>
  22:	4620      	mov	r0, r4
  24:	2160      	movs	r1, #96	; 0x60
  26:	462a      	mov	r2, r5
  28:	e8bd 4070 	ldmia.w	sp!, {r4, r5, r6, lr}
  2c:	f7ff bffe 	b.w	0 <socketSendDataFromString>
  30:	bd70      	pop	{r4, r5, r6, pc}

Disassembly of section .text.socketSendData:

00000000 <socketSendData>:
socketSendData():
   0:	b510      	push	{r4, lr}
   2:	b086      	sub	sp, #24
   4:	2118      	movs	r1, #24
   6:	466a      	mov	r2, sp
   8:	4604      	mov	r4, r0
   a:	f7ff fffe 	bl	0 <fileGetBuffer>
   e:	4603      	mov	r3, r0
  10:	76e0      	strb	r0, [r4, #27]
  12:	b918      	cbnz	r0, 1c <socketSendData+0x1c>
  14:	4620      	mov	r0, r4
  16:	f7ff fffe 	bl	0 <socketSendData>
  1a:	e004      	b.n	26 <socketSendData+0x26>
  1c:	4620      	mov	r0, r4
  1e:	2160      	movs	r1, #96	; 0x60
  20:	466a      	mov	r2, sp
  22:	f7ff fffe 	bl	0 <socketSendData>
  26:	b006      	add	sp, #24
  28:	bd10      	pop	{r4, pc}

Disassembly of section .text.socketSendAck:

00000000 <socketSendAck>:
socketSendAck():
   0:	2200      	movs	r2, #0
   2:	2180      	movs	r1, #128	; 0x80
   4:	4613      	mov	r3, r2
   6:	f7ff bffe 	b.w	0 <socketSendAck>

Disassembly of section .text.socketHandler:

00000000 <socketHandler>:
socketHandler():
   0:	b530      	push	{r4, r5, lr}
   2:	4b66      	ldr	r3, [pc, #408]	; (19c <socketHandler+0x19c>)
   4:	f64a 22aa 	movw	r2, #43690	; 0xaaaa
   8:	b08b      	sub	sp, #44	; 0x2c
   a:	601a      	str	r2, [r3, #0]
   c:	2101      	movs	r1, #1
   e:	4605      	mov	r5, r0
  10:	f7ff fffe 	bl	0 <convertBufferToU32>
  14:	9000      	str	r0, [sp, #0]
  16:	7928      	ldrb	r0, [r5, #4]
  18:	2101      	movs	r1, #1
  1a:	f020 031f 	bic.w	r3, r0, #31
  1e:	f000 001f 	and.w	r0, r0, #31
  22:	f88d 000b 	strb.w	r0, [sp, #11]
  26:	f88d 300a 	strb.w	r3, [sp, #10]
  2a:	796b      	ldrb	r3, [r5, #5]
  2c:	3006      	adds	r0, #6
  2e:	1828      	adds	r0, r5, r0
  30:	f88d 300c 	strb.w	r3, [sp, #12]
  34:	f7ff fffe 	bl	0 <convertBufferToU16>
  38:	f89d 100b 	ldrb.w	r1, [sp, #11]
  3c:	f8ad 0008 	strh.w	r0, [sp, #8]
  40:	3106      	adds	r1, #6
  42:	4628      	mov	r0, r5
  44:	f7ff fffe 	bl	0 <sysCRC16>
  48:	f8bd 3008 	ldrh.w	r3, [sp, #8]
  4c:	4283      	cmp	r3, r0
  4e:	f040 80a2 	bne.w	196 <socketHandler+0x196>
  52:	f89d 300a 	ldrb.w	r3, [sp, #10]
  56:	1da9      	adds	r1, r5, #6
  58:	2b20      	cmp	r3, #32
  5a:	d109      	bne.n	70 <socketHandler+0x70>
  5c:	79ab      	ldrb	r3, [r5, #6]
  5e:	2101      	movs	r1, #1
  60:	1de8      	adds	r0, r5, #7
  62:	f88d 300d 	strb.w	r3, [sp, #13]
  66:	f7ff fffe 	bl	0 <convertBufferToU32>
  6a:	f105 010b 	add.w	r1, r5, #11
  6e:	9001      	str	r0, [sp, #4]
  70:	f89d 000b 	ldrb.w	r0, [sp, #11]
  74:	f10d 020d 	add.w	r2, sp, #13
  78:	2300      	movs	r3, #0
  7a:	e003      	b.n	84 <socketHandler+0x84>
  7c:	5ccd      	ldrb	r5, [r1, r3]
  7e:	3301      	adds	r3, #1
  80:	f802 5f01 	strb.w	r5, [r2, #1]!
  84:	b29d      	uxth	r5, r3
  86:	4285      	cmp	r5, r0
  88:	d3f8      	bcc.n	7c <socketHandler+0x7c>
  8a:	f89d 300a 	ldrb.w	r3, [sp, #10]
  8e:	f003 03e0 	and.w	r3, r3, #224	; 0xe0
  92:	2b20      	cmp	r3, #32
  94:	d137      	bne.n	106 <socketHandler+0x106>
  96:	9b01      	ldr	r3, [sp, #4]
  98:	a80a      	add	r0, sp, #40	; 0x28
  9a:	9d00      	ldr	r5, [sp, #0]
  9c:	f840 3d28 	str.w	r3, [r0, #-40]!
  a0:	4668      	mov	r0, sp
  a2:	f7ff fffe 	bl	0 <socketHandler>
  a6:	4604      	mov	r4, r0
  a8:	2800      	cmp	r0, #0
  aa:	d072      	beq.n	192 <socketHandler+0x192>
  ac:	6145      	str	r5, [r0, #20]
  ae:	f7ff fffe 	bl	0 <timeGet>
  b2:	60a0      	str	r0, [r4, #8]
  b4:	f89d 300d 	ldrb.w	r3, [sp, #13]
  b8:	f003 027f 	and.w	r2, r3, #127	; 0x7f
  bc:	2a02      	cmp	r2, #2
  be:	7663      	strb	r3, [r4, #25]
  c0:	d121      	bne.n	106 <socketHandler+0x106>
  c2:	f013 0f80 	tst.w	r3, #128	; 0x80
  c6:	d00c      	beq.n	e2 <socketHandler+0xe2>
  c8:	f10d 000e 	add.w	r0, sp, #14
  cc:	2101      	movs	r1, #1
  ce:	3a02      	subs	r2, #2
  d0:	f7ff fffe 	bl	0 <fileOpen>
  d4:	4605      	mov	r5, r0
  d6:	6020      	str	r0, [r4, #0]
  d8:	b180      	cbz	r0, fc <socketHandler+0xfc>
  da:	4620      	mov	r0, r4
  dc:	f7ff fffe 	bl	0 <socketHandler>
  e0:	e011      	b.n	106 <socketHandler+0x106>
  e2:	f10d 000e 	add.w	r0, sp, #14
  e6:	2101      	movs	r1, #1
  e8:	2200      	movs	r2, #0
  ea:	f7ff fffe 	bl	0 <fileOpen>
  ee:	4605      	mov	r5, r0
  f0:	6020      	str	r0, [r4, #0]
  f2:	b118      	cbz	r0, fc <socketHandler+0xfc>
  f4:	4620      	mov	r0, r4
  f6:	f7ff fffe 	bl	0 <socketHandler>
  fa:	e004      	b.n	106 <socketHandler+0x106>
  fc:	4620      	mov	r0, r4
  fe:	f7ff fffe 	bl	0 <socketHandler>
 102:	462c      	mov	r4, r5
 104:	e045      	b.n	192 <socketHandler+0x192>
 106:	6961      	ldr	r1, [r4, #20]
 108:	9800      	ldr	r0, [sp, #0]
 10a:	f7ff fffe 	bl	0 <socketHandler>
 10e:	4604      	mov	r4, r0
 110:	2800      	cmp	r0, #0
 112:	d03e      	beq.n	192 <socketHandler+0x192>
 114:	f89d 300a 	ldrb.w	r3, [sp, #10]
 118:	f003 03e0 	and.w	r3, r3, #224	; 0xe0
 11c:	2b40      	cmp	r3, #64	; 0x40
 11e:	d105      	bne.n	12c <socketHandler+0x12c>
 120:	f7ff fffe 	bl	0 <socketHandler>
 124:	4620      	mov	r0, r4
 126:	f7ff fffe 	bl	0 <socketHandler>
 12a:	e031      	b.n	190 <socketHandler+0x190>
 12c:	2b60      	cmp	r3, #96	; 0x60
 12e:	d110      	bne.n	152 <socketHandler+0x152>
 130:	7e43      	ldrb	r3, [r0, #25]
 132:	f003 037f 	and.w	r3, r3, #127	; 0x7f
 136:	2b02      	cmp	r3, #2
 138:	d12a      	bne.n	190 <socketHandler+0x190>
 13a:	4669      	mov	r1, sp
 13c:	f7ff fffe 	bl	0 <socketHandler>
 140:	b918      	cbnz	r0, 14a <socketHandler+0x14a>
 142:	4620      	mov	r0, r4
 144:	f7ff fffe 	bl	0 <socketHandler>
 148:	e022      	b.n	190 <socketHandler+0x190>
 14a:	4620      	mov	r0, r4
 14c:	f7ff fffe 	bl	0 <socketHandler>
 150:	e01e      	b.n	190 <socketHandler+0x190>
 152:	2b80      	cmp	r3, #128	; 0x80
 154:	7e03      	ldrb	r3, [r0, #24]
 156:	d115      	bne.n	184 <socketHandler+0x184>
 158:	f890 204c 	ldrb.w	r2, [r0, #76]	; 0x4c
 15c:	f003 03e0 	and.w	r3, r3, #224	; 0xe0
 160:	f042 0201 	orr.w	r2, r2, #1
 164:	2b40      	cmp	r3, #64	; 0x40
 166:	f880 204c 	strb.w	r2, [r0, #76]	; 0x4c
 16a:	d103      	bne.n	a <socketHandler+0xa>
 16c:	f7ff fffe 	bl	0 <socketHandler>
 170:	2400      	movs	r4, #0
 172:	e00e      	b.n	192 <socketHandler+0x192>
 174:	7e43      	ldrb	r3, [r0, #25]
 176:	f003 037f 	and.w	r3, r3, #127	; 0x7f
 17a:	2b02      	cmp	r3, #2
 17c:	d108      	bne.n	190 <socketHandler+0x190>
 17e:	f7ff fffe 	bl	0 <socketHandler>
 182:	e005      	b.n	190 <socketHandler+0x190>
 184:	f003 03e0 	and.w	r3, r3, #224	; 0xe0
 188:	2ba0      	cmp	r3, #160	; 0xa0
 18a:	d101      	bne.n	190 <socketHandler+0x190>
 18c:	f7ff fffe 	bl	0 <socketHandler>
 190:	2401      	movs	r4, #1
 192:	4620      	mov	r0, r4
 194:	e7ff      	b.n	196 <socketHandler+0x196>
 196:	b00b      	add	sp, #44	; 0x2c
 198:	bd30      	pop	{r4, r5, pc}
 19a:	bf00      	nop
 19c:	40003000 	.word	0x40003000

Disassembly of section .text.socketSendNack:

00000000 <socketSendNack>:
socketSendNack():
   0:	2200      	movs	r2, #0
   2:	21a0      	movs	r1, #160	; 0xa0
   4:	4613      	mov	r3, r2
   6:	f7ff bffe 	b.w	0 <socketSendNack>
