
C:\Users\MightyDubster\Documents\Projects\pygmyos.projects\Tutorial1\pygmy_sys.o:     file format elf32-littlearm
C:\Users\MightyDubster\Documents\Projects\pygmyos.projects\Tutorial1\pygmy_sys.o


Disassembly of section .text.putsFILE:

00000000 <putsFILE>:
putsFILE():
   0:	4b02      	ldr	r3, [pc, #8]	; (c <putsFILE+0xc>)
   2:	4601      	mov	r1, r0
   4:	6998      	ldr	r0, [r3, #24]
   6:	f7ff bffe 	b.w	0 <filePutString>
   a:	bf00      	nop
   c:	00000000 	.word	0x00000000

Disassembly of section .text.sysEnableComClock:

00000000 <sysEnableComClock>:
sysEnableComClock():
   0:	2801      	cmp	r0, #1
   2:	d105      	bne.n	10 <sysEnableComClock+0x10>
   4:	4b06      	ldr	r3, [pc, #24]	; (20 <sysEnableComClock+0x20>)
   6:	69da      	ldr	r2, [r3, #28]
   8:	f442 3200 	orr.w	r2, r2, #131072	; 0x20000
   c:	61da      	str	r2, [r3, #28]
   e:	4770      	bx	lr
  10:	2802      	cmp	r0, #2
  12:	d104      	bne.n	1e <sysEnableComClock+0x1e>
  14:	4b02      	ldr	r3, [pc, #8]	; (20 <sysEnableComClock+0x20>)
  16:	69da      	ldr	r2, [r3, #28]
  18:	f442 2280 	orr.w	r2, r2, #262144	; 0x40000
  1c:	61da      	str	r2, [r3, #28]
  1e:	4770      	bx	lr
  20:	40021000 	.word	0x40021000

Disassembly of section .text.sysDisableComClock:

00000000 <sysDisableComClock>:
sysDisableComClock():
   0:	2801      	cmp	r0, #1
   2:	d105      	bne.n	10 <sysDisableComClock+0x10>
   4:	4b06      	ldr	r3, [pc, #24]	; (20 <sysDisableComClock+0x20>)
   6:	69da      	ldr	r2, [r3, #28]
   8:	f442 3200 	orr.w	r2, r2, #131072	; 0x20000
   c:	61da      	str	r2, [r3, #28]
   e:	4770      	bx	lr
  10:	2802      	cmp	r0, #2
  12:	d104      	bne.n	1e <sysDisableComClock+0x1e>
  14:	4b02      	ldr	r3, [pc, #8]	; (20 <sysDisableComClock+0x20>)
  16:	69da      	ldr	r2, [r3, #28]
  18:	f442 2280 	orr.w	r2, r2, #262144	; 0x40000
  1c:	61da      	str	r2, [r3, #28]
  1e:	4770      	bx	lr
  20:	40021000 	.word	0x40021000

Disassembly of section .text.sysEnableTimerClock:

00000000 <sysEnableTimerClock>:
sysEnableTimerClock():
   0:	2801      	cmp	r0, #1
   2:	d104      	bne.n	e <sysEnableTimerClock+0xe>
   4:	4b3b      	ldr	r3, [pc, #236]	; (f4 <sysEnableTimerClock+0xf4>)
   6:	699a      	ldr	r2, [r3, #24]
   8:	f442 6200 	orr.w	r2, r2, #2048	; 0x800
   c:	e068      	b.n	e0 <sysEnableTimerClock+0xe0>
   e:	2802      	cmp	r0, #2
  10:	d104      	bne.n	1c <sysEnableTimerClock+0x1c>
  12:	4b38      	ldr	r3, [pc, #224]	; (f4 <sysEnableTimerClock+0xf4>)
  14:	69da      	ldr	r2, [r3, #28]
  16:	f042 0201 	orr.w	r2, r2, #1
  1a:	e052      	b.n	c2 <sysEnableTimerClock+0xc2>
  1c:	2803      	cmp	r0, #3
  1e:	d104      	bne.n	2a <sysEnableTimerClock+0x2a>
  20:	4b34      	ldr	r3, [pc, #208]	; (f4 <sysEnableTimerClock+0xf4>)
  22:	69da      	ldr	r2, [r3, #28]
  24:	f042 0202 	orr.w	r2, r2, #2
  28:	e04b      	b.n	c2 <sysEnableTimerClock+0xc2>
  2a:	2804      	cmp	r0, #4
  2c:	d104      	bne.n	38 <sysEnableTimerClock+0x38>
  2e:	4b31      	ldr	r3, [pc, #196]	; (f4 <sysEnableTimerClock+0xf4>)
  30:	69da      	ldr	r2, [r3, #28]
  32:	f042 0204 	orr.w	r2, r2, #4
  36:	e044      	b.n	c2 <sysEnableTimerClock+0xc2>
  38:	2805      	cmp	r0, #5
  3a:	d104      	bne.n	46 <sysEnableTimerClock+0x46>
  3c:	4b2d      	ldr	r3, [pc, #180]	; (f4 <sysEnableTimerClock+0xf4>)
  3e:	69da      	ldr	r2, [r3, #28]
  40:	f042 0208 	orr.w	r2, r2, #8
  44:	e03d      	b.n	c2 <sysEnableTimerClock+0xc2>
  46:	2806      	cmp	r0, #6
  48:	d104      	bne.n	54 <sysEnableTimerClock+0x54>
  4a:	4b2a      	ldr	r3, [pc, #168]	; (f4 <sysEnableTimerClock+0xf4>)
  4c:	69da      	ldr	r2, [r3, #28]
  4e:	f042 0210 	orr.w	r2, r2, #16
  52:	e036      	b.n	c2 <sysEnableTimerClock+0xc2>
  54:	2807      	cmp	r0, #7
  56:	d104      	bne.n	62 <sysEnableTimerClock+0x62>
  58:	4b26      	ldr	r3, [pc, #152]	; (f4 <sysEnableTimerClock+0xf4>)
  5a:	69da      	ldr	r2, [r3, #28]
  5c:	f042 0220 	orr.w	r2, r2, #32
  60:	e02f      	b.n	c2 <sysEnableTimerClock+0xc2>
  62:	2808      	cmp	r0, #8
  64:	d104      	bne.n	70 <sysEnableTimerClock+0x70>
  66:	4b23      	ldr	r3, [pc, #140]	; (f4 <sysEnableTimerClock+0xf4>)
  68:	699a      	ldr	r2, [r3, #24]
  6a:	f442 5200 	orr.w	r2, r2, #8192	; 0x2000
  6e:	e037      	b.n	e0 <sysEnableTimerClock+0xe0>
  70:	2809      	cmp	r0, #9
  72:	d104      	bne.n	7e <sysEnableTimerClock+0x7e>
  74:	4b1f      	ldr	r3, [pc, #124]	; (f4 <sysEnableTimerClock+0xf4>)
  76:	699a      	ldr	r2, [r3, #24]
  78:	f442 2200 	orr.w	r2, r2, #524288	; 0x80000
  7c:	e030      	b.n	e0 <sysEnableTimerClock+0xe0>
  7e:	280a      	cmp	r0, #10
  80:	d104      	bne.n	8c <sysEnableTimerClock+0x8c>
  82:	4b1c      	ldr	r3, [pc, #112]	; (f4 <sysEnableTimerClock+0xf4>)
  84:	699a      	ldr	r2, [r3, #24]
  86:	f442 1280 	orr.w	r2, r2, #1048576	; 0x100000
  8a:	e029      	b.n	e0 <sysEnableTimerClock+0xe0>
  8c:	280b      	cmp	r0, #11
  8e:	d104      	bne.n	9a <sysEnableTimerClock+0x9a>
  90:	4b18      	ldr	r3, [pc, #96]	; (f4 <sysEnableTimerClock+0xf4>)
  92:	699a      	ldr	r2, [r3, #24]
  94:	f442 1200 	orr.w	r2, r2, #2097152	; 0x200000
  98:	e022      	b.n	e0 <sysEnableTimerClock+0xe0>
  9a:	280c      	cmp	r0, #12
  9c:	d104      	bne.n	a8 <sysEnableTimerClock+0xa8>
  9e:	4b15      	ldr	r3, [pc, #84]	; (f4 <sysEnableTimerClock+0xf4>)
  a0:	69da      	ldr	r2, [r3, #28]
  a2:	f042 0240 	orr.w	r2, r2, #64	; 0x40
  a6:	e00c      	b.n	c2 <sysEnableTimerClock+0xc2>
  a8:	280d      	cmp	r0, #13
  aa:	d104      	bne.n	b6 <sysEnableTimerClock+0xb6>
  ac:	4b11      	ldr	r3, [pc, #68]	; (f4 <sysEnableTimerClock+0xf4>)
  ae:	69da      	ldr	r2, [r3, #28]
  b0:	f042 0280 	orr.w	r2, r2, #128	; 0x80
  b4:	e005      	b.n	c2 <sysEnableTimerClock+0xc2>
  b6:	280e      	cmp	r0, #14
  b8:	d105      	bne.n	c6 <sysEnableTimerClock+0xc6>
  ba:	4b0e      	ldr	r3, [pc, #56]	; (f4 <sysEnableTimerClock+0xf4>)
  bc:	69da      	ldr	r2, [r3, #28]
  be:	f442 7280 	orr.w	r2, r2, #256	; 0x100
  c2:	61da      	str	r2, [r3, #28]
  c4:	4770      	bx	lr
  c6:	280f      	cmp	r0, #15
  c8:	d104      	bne.n	d4 <sysEnableTimerClock+0xd4>
  ca:	4b0a      	ldr	r3, [pc, #40]	; (f4 <sysEnableTimerClock+0xf4>)
  cc:	699a      	ldr	r2, [r3, #24]
  ce:	f442 3280 	orr.w	r2, r2, #65536	; 0x10000
  d2:	e005      	b.n	e0 <sysEnableTimerClock+0xe0>
  d4:	2810      	cmp	r0, #16
  d6:	d105      	bne.n	e4 <sysEnableTimerClock+0xe4>
  d8:	4b06      	ldr	r3, [pc, #24]	; (f4 <sysEnableTimerClock+0xf4>)
  da:	699a      	ldr	r2, [r3, #24]
  dc:	f442 3200 	orr.w	r2, r2, #131072	; 0x20000
  e0:	619a      	str	r2, [r3, #24]
  e2:	4770      	bx	lr
  e4:	2811      	cmp	r0, #17
  e6:	d104      	bne.n	f2 <sysEnableTimerClock+0xf2>
  e8:	4b02      	ldr	r3, [pc, #8]	; (f4 <sysEnableTimerClock+0xf4>)
  ea:	699a      	ldr	r2, [r3, #24]
  ec:	f442 2280 	orr.w	r2, r2, #262144	; 0x40000
  f0:	619a      	str	r2, [r3, #24]
  f2:	4770      	bx	lr
  f4:	40021000 	.word	0x40021000

Disassembly of section .text.sysDisableTimerClock:

00000000 <sysDisableTimerClock>:
sysDisableTimerClock():
   0:	2801      	cmp	r0, #1
   2:	d104      	bne.n	e <sysDisableTimerClock+0xe>
   4:	4b3b      	ldr	r3, [pc, #236]	; (f4 <sysDisableTimerClock+0xf4>)
   6:	699a      	ldr	r2, [r3, #24]
   8:	f422 6200 	bic.w	r2, r2, #2048	; 0x800
   c:	e068      	b.n	e0 <sysDisableTimerClock+0xe0>
   e:	2802      	cmp	r0, #2
  10:	d104      	bne.n	1c <sysDisableTimerClock+0x1c>
  12:	4b38      	ldr	r3, [pc, #224]	; (f4 <sysDisableTimerClock+0xf4>)
  14:	69da      	ldr	r2, [r3, #28]
  16:	f022 0201 	bic.w	r2, r2, #1
  1a:	e052      	b.n	c2 <sysDisableTimerClock+0xc2>
  1c:	2803      	cmp	r0, #3
  1e:	d104      	bne.n	2a <sysDisableTimerClock+0x2a>
  20:	4b34      	ldr	r3, [pc, #208]	; (f4 <sysDisableTimerClock+0xf4>)
  22:	69da      	ldr	r2, [r3, #28]
  24:	f022 0202 	bic.w	r2, r2, #2
  28:	e04b      	b.n	c2 <sysDisableTimerClock+0xc2>
  2a:	2804      	cmp	r0, #4
  2c:	d104      	bne.n	38 <sysDisableTimerClock+0x38>
  2e:	4b31      	ldr	r3, [pc, #196]	; (f4 <sysDisableTimerClock+0xf4>)
  30:	69da      	ldr	r2, [r3, #28]
  32:	f022 0204 	bic.w	r2, r2, #4
  36:	e044      	b.n	c2 <sysDisableTimerClock+0xc2>
  38:	2805      	cmp	r0, #5
  3a:	d104      	bne.n	46 <sysDisableTimerClock+0x46>
  3c:	4b2d      	ldr	r3, [pc, #180]	; (f4 <sysDisableTimerClock+0xf4>)
  3e:	69da      	ldr	r2, [r3, #28]
  40:	f022 0208 	bic.w	r2, r2, #8
  44:	e03d      	b.n	c2 <sysDisableTimerClock+0xc2>
  46:	2806      	cmp	r0, #6
  48:	d104      	bne.n	54 <sysDisableTimerClock+0x54>
  4a:	4b2a      	ldr	r3, [pc, #168]	; (f4 <sysDisableTimerClock+0xf4>)
  4c:	69da      	ldr	r2, [r3, #28]
  4e:	f022 0210 	bic.w	r2, r2, #16
  52:	e036      	b.n	c2 <sysDisableTimerClock+0xc2>
  54:	2807      	cmp	r0, #7
  56:	d104      	bne.n	62 <sysDisableTimerClock+0x62>
  58:	4b26      	ldr	r3, [pc, #152]	; (f4 <sysDisableTimerClock+0xf4>)
  5a:	69da      	ldr	r2, [r3, #28]
  5c:	f022 0220 	bic.w	r2, r2, #32
  60:	e02f      	b.n	c2 <sysDisableTimerClock+0xc2>
  62:	2808      	cmp	r0, #8
  64:	d104      	bne.n	70 <sysDisableTimerClock+0x70>
  66:	4b23      	ldr	r3, [pc, #140]	; (f4 <sysDisableTimerClock+0xf4>)
  68:	699a      	ldr	r2, [r3, #24]
  6a:	f422 5200 	bic.w	r2, r2, #8192	; 0x2000
  6e:	e037      	b.n	e0 <sysDisableTimerClock+0xe0>
  70:	2809      	cmp	r0, #9
  72:	d104      	bne.n	7e <sysDisableTimerClock+0x7e>
  74:	4b1f      	ldr	r3, [pc, #124]	; (f4 <sysDisableTimerClock+0xf4>)
  76:	699a      	ldr	r2, [r3, #24]
  78:	f422 2200 	bic.w	r2, r2, #524288	; 0x80000
  7c:	e030      	b.n	e0 <sysDisableTimerClock+0xe0>
  7e:	280a      	cmp	r0, #10
  80:	d104      	bne.n	8c <sysDisableTimerClock+0x8c>
  82:	4b1c      	ldr	r3, [pc, #112]	; (f4 <sysDisableTimerClock+0xf4>)
  84:	699a      	ldr	r2, [r3, #24]
  86:	f422 1280 	bic.w	r2, r2, #1048576	; 0x100000
  8a:	e029      	b.n	e0 <sysDisableTimerClock+0xe0>
  8c:	280b      	cmp	r0, #11
  8e:	d104      	bne.n	9a <sysDisableTimerClock+0x9a>
  90:	4b18      	ldr	r3, [pc, #96]	; (f4 <sysDisableTimerClock+0xf4>)
  92:	699a      	ldr	r2, [r3, #24]
  94:	f422 1200 	bic.w	r2, r2, #2097152	; 0x200000
  98:	e022      	b.n	e0 <sysDisableTimerClock+0xe0>
  9a:	280c      	cmp	r0, #12
  9c:	d104      	bne.n	a8 <sysDisableTimerClock+0xa8>
  9e:	4b15      	ldr	r3, [pc, #84]	; (f4 <sysDisableTimerClock+0xf4>)
  a0:	69da      	ldr	r2, [r3, #28]
  a2:	f022 0240 	bic.w	r2, r2, #64	; 0x40
  a6:	e00c      	b.n	c2 <sysDisableTimerClock+0xc2>
  a8:	280d      	cmp	r0, #13
  aa:	d104      	bne.n	b6 <sysDisableTimerClock+0xb6>
  ac:	4b11      	ldr	r3, [pc, #68]	; (f4 <sysDisableTimerClock+0xf4>)
  ae:	69da      	ldr	r2, [r3, #28]
  b0:	f022 0280 	bic.w	r2, r2, #128	; 0x80
  b4:	e005      	b.n	c2 <sysDisableTimerClock+0xc2>
  b6:	280e      	cmp	r0, #14
  b8:	d105      	bne.n	c6 <sysDisableTimerClock+0xc6>
  ba:	4b0e      	ldr	r3, [pc, #56]	; (f4 <sysDisableTimerClock+0xf4>)
  bc:	69da      	ldr	r2, [r3, #28]
  be:	f422 7280 	bic.w	r2, r2, #256	; 0x100
  c2:	61da      	str	r2, [r3, #28]
  c4:	4770      	bx	lr
  c6:	280f      	cmp	r0, #15
  c8:	d104      	bne.n	d4 <sysDisableTimerClock+0xd4>
  ca:	4b0a      	ldr	r3, [pc, #40]	; (f4 <sysDisableTimerClock+0xf4>)
  cc:	699a      	ldr	r2, [r3, #24]
  ce:	f422 3280 	bic.w	r2, r2, #65536	; 0x10000
  d2:	e005      	b.n	e0 <sysDisableTimerClock+0xe0>
  d4:	2810      	cmp	r0, #16
  d6:	d105      	bne.n	e4 <sysDisableTimerClock+0xe4>
  d8:	4b06      	ldr	r3, [pc, #24]	; (f4 <sysDisableTimerClock+0xf4>)
  da:	699a      	ldr	r2, [r3, #24]
  dc:	f422 3200 	bic.w	r2, r2, #131072	; 0x20000
  e0:	619a      	str	r2, [r3, #24]
  e2:	4770      	bx	lr
  e4:	2811      	cmp	r0, #17
  e6:	d104      	bne.n	f2 <sysDisableTimerClock+0xf2>
  e8:	4b02      	ldr	r3, [pc, #8]	; (f4 <sysDisableTimerClock+0xf4>)
  ea:	699a      	ldr	r2, [r3, #24]
  ec:	f422 2280 	bic.w	r2, r2, #262144	; 0x40000
  f0:	619a      	str	r2, [r3, #24]
  f2:	4770      	bx	lr
  f4:	40021000 	.word	0x40021000

Disassembly of section .text.sysEnableTimerInterrupt:

00000000 <sysEnableTimerInterrupt>:
sysEnableTimerInterrupt():
   0:	b508      	push	{r3, lr}
   2:	f7ff fffe 	bl	0 <interruptGetTimerVector>
   6:	b118      	cbz	r0, a <interruptEnable+0xa>
   8:	f7ff fffe 	bl	0 <interruptEnable>
   c:	2001      	movs	r0, #1
   e:	bd08      	pop	{r3, pc}
  10:	bd08      	pop	{r3, pc}

Disassembly of section .text.sysGetDelayTimer:

00000000 <sysGetDelayTimer>:
sysGetDelayTimer():
   0:	4b01      	ldr	r3, [pc, #4]	; (8 <sysGetDelayTimer+0x8>)
   2:	7cd8      	ldrb	r0, [r3, #19]
   4:	4770      	bx	lr
   6:	bf00      	nop
   8:	00000000 	.word	0x00000000

Disassembly of section .text.sysGetPWMTimer:

00000000 <sysGetPWMTimer>:
sysGetPWMTimer():
   0:	4b01      	ldr	r3, [pc, #4]	; (8 <sysGetPWMTimer+0x8>)
   2:	7d18      	ldrb	r0, [r3, #20]
   4:	4770      	bx	lr
   6:	bf00      	nop
   8:	00000000 	.word	0x00000000

Disassembly of section .text.sysGetMainClock:

00000000 <sysGetMainClock>:
sysGetMainClock():
   0:	4b01      	ldr	r3, [pc, #4]	; (8 <sysGetMainClock+0x8>)
   2:	6818      	ldr	r0, [r3, #0]
   4:	4770      	bx	lr
   6:	bf00      	nop
   8:	00000000 	.word	0x00000000

Disassembly of section .text.sysSetMainClock:

00000000 <sysSetMainClock>:
sysSetMainClock():
   0:	4b01      	ldr	r3, [pc, #4]	; (8 <sysSetMainClock+0x8>)
   2:	6018      	str	r0, [r3, #0]
   4:	4770      	bx	lr
   6:	bf00      	nop
   8:	00000000 	.word	0x00000000

Disassembly of section .text.sysGetXTAL:

00000000 <sysGetXTAL>:
sysGetXTAL():
   0:	4b01      	ldr	r3, [pc, #4]	; (8 <sysGetXTAL+0x8>)
   2:	6858      	ldr	r0, [r3, #4]
   4:	4770      	bx	lr
   6:	bf00      	nop
   8:	00000000 	.word	0x00000000

Disassembly of section .text.sysSetXTAL:

00000000 <sysSetXTAL>:
sysSetXTAL():
   0:	4b01      	ldr	r3, [pc, #4]	; (8 <sysSetXTAL+0x8>)
   2:	6058      	str	r0, [r3, #4]
   4:	4770      	bx	lr
   6:	bf00      	nop
   8:	00000000 	.word	0x00000000

Disassembly of section .text.sysCRC8:

00000000 <sysCRC8>:
sysCRC8():
   0:	2300      	movs	r3, #0
   2:	b510      	push	{r4, lr}
   4:	461a      	mov	r2, r3
   6:	e004      	b.n	12 <sysCRC8+0x12>
   8:	5c84      	ldrb	r4, [r0, r2]
   a:	3201      	adds	r2, #1
   c:	191b      	adds	r3, r3, r4
   e:	b2db      	uxtb	r3, r3
  10:	b292      	uxth	r2, r2
  12:	1e4c      	subs	r4, r1, #1
  14:	42a2      	cmp	r2, r4
  16:	dbf7      	blt.n	8 <sysCRC8+0x8>
  18:	425b      	negs	r3, r3
  1a:	b2d8      	uxtb	r0, r3
  1c:	bd10      	pop	{r4, pc}

Disassembly of section .text.sysCRC16:

00000000 <sysCRC16>:
sysCRC16():
   0:	2300      	movs	r3, #0
   2:	b510      	push	{r4, lr}
   4:	461a      	mov	r2, r3
   6:	e004      	b.n	12 <sysCRC16+0x12>
   8:	5c84      	ldrb	r4, [r0, r2]
   a:	3201      	adds	r2, #1
   c:	191b      	adds	r3, r3, r4
   e:	b29b      	uxth	r3, r3
  10:	b292      	uxth	r2, r2
  12:	1e4c      	subs	r4, r1, #1
  14:	42a2      	cmp	r2, r4
  16:	dbf7      	blt.n	8 <sysCRC16+0x8>
  18:	425b      	negs	r3, r3
  1a:	b298      	uxth	r0, r3
  1c:	bd10      	pop	{r4, pc}

Disassembly of section .text.pdiaEncode:

00000000 <pdiaEncode>:
pdiaEncode():
   0:	2902      	cmp	r1, #2
   2:	b510      	push	{r4, lr}
   4:	4603      	mov	r3, r0
   6:	d00a      	beq.n	1e <pdiaEncode+0x1e>
   8:	2904      	cmp	r1, #4
   a:	d02a      	beq.n	62 <pdiaEncode+0x62>
   c:	2901      	cmp	r1, #1
   e:	f04f 0000 	mov.w	r0, #0
  12:	d12d      	bne.n	70 <pdiaEncode+0x70>
  14:	4b17      	ldr	r3, [pc, #92]	; (74 <pdiaEncode+0x74>)
  16:	6019      	str	r1, [r3, #0]
  18:	6058      	str	r0, [r3, #4]
  1a:	6098      	str	r0, [r3, #8]
  1c:	bd10      	pop	{r4, pc}
  1e:	4915      	ldr	r1, [pc, #84]	; (74 <pdiaEncode+0x74>)
  20:	6888      	ldr	r0, [r1, #8]
  22:	1c44      	adds	r4, r0, #1
  24:	f5b0 4f80 	cmp.w	r0, #16384	; 0x4000
  28:	608c      	str	r4, [r1, #8]
  2a:	d108      	bne.n	3e <pdiaEncode+0x3e>
  2c:	684c      	ldr	r4, [r1, #4]
  2e:	6808      	ldr	r0, [r1, #0]
  30:	ea40 4004 	orr.w	r0, r0, r4, lsl #16
  34:	6010      	str	r0, [r2, #0]
  36:	2200      	movs	r2, #0
  38:	608a      	str	r2, [r1, #8]
  3a:	2001      	movs	r0, #1
  3c:	e000      	b.n	40 <pdiaEncode+0x40>
  3e:	2000      	movs	r0, #0
  40:	680a      	ldr	r2, [r1, #0]
  42:	189b      	adds	r3, r3, r2
  44:	f64f 72f1 	movw	r2, #65521	; 0xfff1
  48:	fbb3 f4f2 	udiv	r4, r3, r2
  4c:	fb02 3314 	mls	r3, r2, r4, r3
  50:	684c      	ldr	r4, [r1, #4]
  52:	600b      	str	r3, [r1, #0]
  54:	191b      	adds	r3, r3, r4
  56:	fbb3 f4f2 	udiv	r4, r3, r2
  5a:	fb02 3214 	mls	r2, r2, r4, r3
  5e:	604a      	str	r2, [r1, #4]
  60:	bd10      	pop	{r4, pc}
  62:	4b04      	ldr	r3, [pc, #16]	; (74 <pdiaEncode+0x74>)
  64:	2001      	movs	r0, #1
  66:	6859      	ldr	r1, [r3, #4]
  68:	681b      	ldr	r3, [r3, #0]
  6a:	ea43 4301 	orr.w	r3, r3, r1, lsl #16
  6e:	6013      	str	r3, [r2, #0]
  70:	bd10      	pop	{r4, pc}
  72:	bf00      	nop
  74:	00000000 	.word	0x00000000

Disassembly of section .text.pdiaPrintString:

00000000 <pdiaPrintString>:
pdiaPrintString():
   0:	e92d2a03 	.word	0xe92d2a03
   4:	41f0      	rors	r0, r6
   6:	4604      	mov	r4, r0
   8:	460d      	mov	r5, r1
   a:	4616      	mov	r6, r2
   c:	4698      	mov	r8, r3
   e:	d81f      	bhi.n	50 <pdiaPrintString+0x50>
  10:	2801      	cmp	r0, #1
  12:	d104      	bne.n	1e <pdiaPrintString+0x1e>
  14:	2000      	movs	r0, #0
  16:	4621      	mov	r1, r4
  18:	462a      	mov	r2, r5
  1a:	f7ff fffe 	bl	0 <pdiaPrintString>
  1e:	2700      	movs	r7, #0
  20:	e005      	b.n	2e <pdiaPrintString+0x2e>
  22:	2102      	movs	r1, #2
  24:	462a      	mov	r2, r5
  26:	f7ff fffe 	bl	0 <pdiaPrintString>
  2a:	3701      	adds	r7, #1
  2c:	b2bf      	uxth	r7, r7
  2e:	f818 0007 	ldrb.w	r0, [r8, r7]
  32:	2800      	cmp	r0, #0
  34:	d1f5      	bne.n	22 <pdiaPrintString+0x22>
  36:	2c04      	cmp	r4, #4
  38:	d103      	bne.n	42 <pdiaPrintString+0x42>
  3a:	4621      	mov	r1, r4
  3c:	462a      	mov	r2, r5
  3e:	f7ff fffe 	bl	0 <pdiaPrintString>
  42:	4b04      	ldr	r3, [pc, #16]	; (54 <pdiaPrintString+0x54>)
  44:	2224      	movs	r2, #36	; 0x24
  46:	fb02 3606 	mla	r6, r2, r6, r3
  4a:	4640      	mov	r0, r8
  4c:	68f3      	ldr	r3, [r6, #12]
  4e:	4798      	blx	r3
  50:	e8bd 81f0 	ldmia.w	sp!, {r4, r5, r6, r7, r8, pc}
  54:	00000000 	.word	0x00000000

Disassembly of section .text.pdiaPrintInteger:

00000000 <pdiaPrintInteger>:
pdiaPrintInteger():
   0:	b570      	push	{r4, r5, r6, lr}
   2:	b086      	sub	sp, #24
   4:	4606      	mov	r6, r0
   6:	460d      	mov	r5, r1
   8:	4614      	mov	r4, r2
   a:	2100      	movs	r1, #0
   c:	461a      	mov	r2, r3
   e:	980a      	ldr	r0, [sp, #40]	; 0x28
  10:	ab01      	add	r3, sp, #4
  12:	f7ff fffe 	bl	0 <convertIntToString>
  16:	4630      	mov	r0, r6
  18:	4629      	mov	r1, r5
  1a:	4622      	mov	r2, r4
  1c:	ab01      	add	r3, sp, #4
  1e:	f7ff fffe 	bl	0 <pdiaPrintInteger>
  22:	b006      	add	sp, #24
  24:	bd70      	pop	{r4, r5, r6, pc}

Disassembly of section .text.TaskException_Handler:

00000000 <TaskException_Handler>:
TaskException_Handler():
   0:	4770      	bx	lr

Disassembly of section .text.sysGetIDString:

00000000 <sysGetIDString>:
sysGetIDString():
   0:	4b09      	ldr	r3, [pc, #36]	; (28 <sysGetIDString+0x28>)
   2:	b570      	push	{r4, r5, r6, lr}
   4:	2500      	movs	r5, #0
   6:	4c09      	ldr	r4, [pc, #36]	; (2c <sysGetIDString+0x2c>)
   8:	731d      	strb	r5, [r3, #12]
   a:	4e09      	ldr	r6, [pc, #36]	; (30 <sysGetIDString+0x30>)
   c:	f814 0d01 	ldrb.w	r0, [r4, #-1]!
  10:	1973      	adds	r3, r6, r5
  12:	2100      	movs	r1, #0
  14:	4a07      	ldr	r2, [pc, #28]	; (34 <sysGetIDString+0x34>)
  16:	f7ff fffe 	bl	0 <convertIntToString>
  1a:	4b07      	ldr	r3, [pc, #28]	; (38 <sysGetIDString+0x38>)
  1c:	3502      	adds	r5, #2
  1e:	429c      	cmp	r4, r3
  20:	d1f3      	bne.n	a <sysGetIDString+0xa>
  22:	4630      	mov	r0, r6
  24:	bd70      	pop	{r4, r5, r6, pc}
  26:	bf00      	nop
  28:	00000000 	.word	0x00000000
  2c:	1ffff7f4 	.word	0x1ffff7f4
  30:	0000000c 	.word	0x0000000c
  34:	00000000 	.word	0x00000000
  38:	1ffff7e8 	.word	0x1ffff7e8

Disassembly of section .text.sysGetID:

00000000 <sysGetID>:
sysGetID():
   0:	47704800 	.word	0x47704800
   4:	1ffff7e8 	.word	0x1ffff7e8

Disassembly of section .text.sysGetFile:

00000000 <sysGetFile>:
sysGetFile():
   0:	4800      	ldr	r0, [pc, #0]	; (4 <sysGetFile+0x4>)
   2:	4770      	bx	lr
   4:	00000018 	.word	0x00000018

Disassembly of section .text.descriptorGetMainClock:

00000000 <descriptorGetMainClock>:
descriptorGetMainClock():
   0:	4b03      	ldr	r3, [pc, #12]	; (10 <descriptorGetMainClock+0x10>)
   2:	881a      	ldrh	r2, [r3, #0]
   4:	4b03      	ldr	r3, [pc, #12]	; (14 <descriptorGetMainClock+0x14>)
   6:	b292      	uxth	r2, r2
   8:	18d3      	adds	r3, r2, r3
   a:	029b      	lsls	r3, r3, #10
   c:	6858      	ldr	r0, [r3, #4]
   e:	4770      	bx	lr
  10:	1ffff7e0 	.word	0x1ffff7e0
  14:	0001fffe 	.word	0x0001fffe

Disassembly of section .text.descriptorGetXTAL:

00000000 <descriptorGetXTAL>:
descriptorGetXTAL():
   0:	4b04      	ldr	r3, [pc, #16]	; (14 <descriptorGetXTAL+0x14>)
   2:	881a      	ldrh	r2, [r3, #0]
   4:	4b04      	ldr	r3, [pc, #16]	; (18 <descriptorGetXTAL+0x18>)
   6:	b292      	uxth	r2, r2
   8:	18d3      	adds	r3, r2, r3
   a:	029b      	lsls	r3, r3, #10
   c:	f8d3 0002 	ldr.w	r0, [r3, #2]
  10:	4770      	bx	lr
  12:	bf00      	nop
  14:	1ffff7e0 	.word	0x1ffff7e0
  18:	0001fffe 	.word	0x0001fffe

Disassembly of section .text.descriptorGetID:

00000000 <descriptorGetID>:
descriptorGetID():
   0:	881a4b03 	.word	0x881a4b03
   4:	4b03      	ldr	r3, [pc, #12]	; (14 <descriptorGetID+0x14>)
   6:	b292      	uxth	r2, r2
   8:	18d3      	adds	r3, r2, r3
   a:	029b      	lsls	r3, r3, #10
   c:	6818      	ldr	r0, [r3, #0]
   e:	4770      	bx	lr
  10:	1ffff7e0 	.word	0x1ffff7e0
  14:	0001fffe 	.word	0x0001fffe

Disassembly of section .text.sysInit:

00000000 <sysInit>:
sysInit():
   0:	b508      	push	{r3, lr}
   2:	f7ff fffe 	bl	0 <sysInit>
   6:	4b2f      	ldr	r3, [pc, #188]	; (c4 <sysInit+0xc4>)
   8:	4a2f      	ldr	r2, [pc, #188]	; (c8 <sysInit+0xc8>)
   a:	b280      	uxth	r0, r0
   c:	605a      	str	r2, [r3, #4]
   e:	f240 4216 	movw	r2, #1046	; 0x416
  12:	4290      	cmp	r0, r2
  14:	8218      	strh	r0, [r3, #16]
  16:	d107      	bne.n	28 <sysInit+0x28>
  18:	4a2c      	ldr	r2, [pc, #176]	; (cc <sysInit+0xcc>)
  1a:	605a      	str	r2, [r3, #4]
  1c:	4a2c      	ldr	r2, [pc, #176]	; (d0 <sysInit+0xd0>)
  1e:	601a      	str	r2, [r3, #0]
  20:	220b      	movs	r2, #11
  22:	74da      	strb	r2, [r3, #19]
  24:	3a02      	subs	r2, #2
  26:	e01f      	b.n	68 <sysInit+0x68>
  28:	f5b0 6f84 	cmp.w	r0, #1056	; 0x420
  2c:	d002      	beq.n	34 <sysInit+0x34>
  2e:	f5b0 6f85 	cmp.w	r0, #1064	; 0x428
  32:	d103      	bne.n	3c <sysInit+0x3c>
  34:	4a27      	ldr	r2, [pc, #156]	; (d4 <sysInit+0xd4>)
  36:	601a      	str	r2, [r3, #0]
  38:	220f      	movs	r2, #15
  3a:	e005      	b.n	48 <sysInit+0x48>
  3c:	f5b0 6f86 	cmp.w	r0, #1072	; 0x430
  40:	4a25      	ldr	r2, [pc, #148]	; (d8 <sysInit+0xd8>)
  42:	d104      	bne.n	4e <sysInit+0x4e>
  44:	601a      	str	r2, [r3, #0]
  46:	2209      	movs	r2, #9
  48:	74da      	strb	r2, [r3, #19]
  4a:	3201      	adds	r2, #1
  4c:	e00c      	b.n	68 <sysInit+0x68>
  4e:	f240 4114 	movw	r1, #1044	; 0x414
  52:	4288      	cmp	r0, r1
  54:	f04f 0101 	mov.w	r1, #1
  58:	d103      	bne.n	62 <sysInit+0x62>
  5a:	601a      	str	r2, [r3, #0]
  5c:	74d9      	strb	r1, [r3, #19]
  5e:	2208      	movs	r2, #8
  60:	e002      	b.n	68 <sysInit+0x68>
  62:	601a      	str	r2, [r3, #0]
  64:	74d9      	strb	r1, [r3, #19]
  66:	2200      	movs	r2, #0
  68:	751a      	strb	r2, [r3, #20]
  6a:	7cd8      	ldrb	r0, [r3, #19]
  6c:	f7ff fffe 	bl	0 <sysInit>
  70:	f7ff fffe 	bl	0 <streamInit>
  74:	2001      	movs	r0, #1
  76:	4919      	ldr	r1, [pc, #100]	; (dc <sysInit+0xdc>)
  78:	f7ff fffe 	bl	0 <streamSetGet>
  7c:	2280      	movs	r2, #128	; 0x80
  7e:	2001      	movs	r0, #1
  80:	4917      	ldr	r1, [pc, #92]	; (e0 <sysInit+0xe0>)
  82:	f7ff fffe 	bl	0 <streamSetRXBuffer>
  86:	2001      	movs	r0, #1
  88:	4916      	ldr	r1, [pc, #88]	; (e4 <sysInit+0xe4>)
  8a:	f7ff fffe 	bl	0 <streamSetPut>
  8e:	2002      	movs	r0, #2
  90:	4915      	ldr	r1, [pc, #84]	; (e8 <sysInit+0xe8>)
  92:	f7ff fffe 	bl	0 <streamSetGet>
  96:	2280      	movs	r2, #128	; 0x80
  98:	2002      	movs	r0, #2
  9a:	4914      	ldr	r1, [pc, #80]	; (ec <sysInit+0xec>)
  9c:	f7ff fffe 	bl	0 <streamSetRXBuffer>
  a0:	2002      	movs	r0, #2
  a2:	4913      	ldr	r1, [pc, #76]	; (f0 <sysInit+0xf0>)
  a4:	f7ff fffe 	bl	0 <streamSetPut>
  a8:	4912      	ldr	r1, [pc, #72]	; (f4 <sysInit+0xf4>)
  aa:	2003      	movs	r0, #3
  ac:	f7ff fffe 	bl	0 <streamSetPut>
  b0:	2002      	movs	r0, #2
  b2:	f7ff fffe 	bl	0 <streamSetSTDIO>
  b6:	f7ff fffe 	bl	0 <cmdInit>
  ba:	f7ff fffe 	bl	0 <fileMountRoot>
  be:	2000      	movs	r0, #0
  c0:	bd08      	pop	{r3, pc}
  c2:	bf00      	nop
  c4:	00000000 	.word	0x00000000
  c8:	00b71b00 	.word	0x00b71b00
  cc:	00f42400 	.word	0x00f42400
  d0:	01e84800 	.word	0x01e84800
  d4:	016e3600 	.word	0x016e3600
  d8:	044aa200 	.word	0x044aa200
	...

Disassembly of section .text.sysGetIDRevision:

00000000 <sysGetIDRevision>:
sysGetIDRevision():
   0:	68184b01 	.word	0x68184b01
   4:	0b00      	lsrs	r0, r0, #12
   6:	4770      	bx	lr
   8:	e0042000 	.word	0xe0042000

Disassembly of section .text.print:

00000000 <print>:
print():
   0:	b40e      	push	{r1, r2, r3}
   2:	e92d 43f0 	stmdb	sp!, {r4, r5, r6, r7, r8, r9, lr}
   6:	b092      	sub	sp, #72	; 0x48
   8:	ab19      	add	r3, sp, #100	; 0x64
   a:	f853 5b04 	ldr.w	r5, [r3], #4
   e:	2200      	movs	r2, #0
  10:	4604      	mov	r4, r0
  12:	f88d 2046 	strb.w	r2, [sp, #70]	; 0x46
  16:	9310      	str	r3, [sp, #64]	; 0x40
  18:	e0d5      	b.n	1c6 <print+0x1c6>
  1a:	2b25      	cmp	r3, #37	; 0x25
  1c:	f04f 0600 	mov.w	r6, #0
  20:	f040 80c5 	bne.w	1ae <print+0x1ae>
  24:	462f      	mov	r7, r5
  26:	f10d 0827 	add.w	r8, sp, #39	; 0x27
  2a:	e007      	b.n	3c <print+0x3c>
  2c:	3601      	adds	r6, #1
  2e:	787b      	ldrb	r3, [r7, #1]
  30:	b2f6      	uxtb	r6, r6
  32:	2e0c      	cmp	r6, #12
  34:	f808 3f01 	strb.w	r3, [r8, #1]!
  38:	d00b      	beq.n	52 <print+0x52>
  3a:	462f      	mov	r7, r5
  3c:	7878      	ldrb	r0, [r7, #1]
  3e:	3501      	adds	r5, #1
  40:	f7ff fffe 	bl	0 <isNumeric>
  44:	2800      	cmp	r0, #0
  46:	d1f1      	bne.n	2c <print+0x2c>
  48:	787b      	ldrb	r3, [r7, #1]
  4a:	2b2d      	cmp	r3, #45	; 0x2d
  4c:	d0ee      	beq.n	2c <print+0x2c>
  4e:	2b2b      	cmp	r3, #43	; 0x2b
  50:	d0ec      	beq.n	2c <print+0x2c>
  52:	a912      	add	r1, sp, #72	; 0x48
  54:	198b      	adds	r3, r1, r6
  56:	f04f 0900 	mov.w	r9, #0
  5a:	f803 9c20 	strb.w	r9, [r3, #-32]
  5e:	782b      	ldrb	r3, [r5, #0]
  60:	2b25      	cmp	r3, #37	; 0x25
  62:	d101      	bne.n	68 <print+0x68>
  64:	4608      	mov	r0, r1
  66:	e006      	b.n	76 <print+0x76>
  68:	2b63      	cmp	r3, #99	; 0x63
  6a:	d10c      	bne.n	86 <print+0x86>
  6c:	9b10      	ldr	r3, [sp, #64]	; 0x40
  6e:	a812      	add	r0, sp, #72	; 0x48
  70:	1d1a      	adds	r2, r3, #4
  72:	681b      	ldr	r3, [r3, #0]
  74:	9210      	str	r2, [sp, #64]	; 0x40
  76:	f800 3d04 	strb.w	r3, [r0, #-4]!
  7a:	4b57      	ldr	r3, [pc, #348]	; (1d8 <print+0x1d8>)
  7c:	2224      	movs	r2, #36	; 0x24
  7e:	fb02 3304 	mla	r3, r2, r4, r3
  82:	68db      	ldr	r3, [r3, #12]
  84:	e09d      	b.n	1c2 <print+0x1c2>
  86:	2b73      	cmp	r3, #115	; 0x73
  88:	d150      	bne.n	12c <print+0x12c>
  8a:	9b10      	ldr	r3, [sp, #64]	; 0x40
  8c:	4e52      	ldr	r6, [pc, #328]	; (1d8 <print+0x1d8>)
  8e:	f8d3 8000 	ldr.w	r8, [r3]
  92:	1d1a      	adds	r2, r3, #4
  94:	4640      	mov	r0, r8
  96:	9210      	str	r2, [sp, #64]	; 0x40
  98:	f7ff fffe 	bl	0 <len>
  9c:	2320      	movs	r3, #32
  9e:	f88d 3044 	strb.w	r3, [sp, #68]	; 0x44
  a2:	f89d 3028 	ldrb.w	r3, [sp, #40]	; 0x28
  a6:	4607      	mov	r7, r0
  a8:	2b2d      	cmp	r3, #45	; 0x2d
  aa:	d120      	bne.n	ee <print+0xee>
  ac:	3b09      	subs	r3, #9
  ae:	fb03 6304 	mla	r3, r3, r4, r6
  b2:	4640      	mov	r0, r8
  b4:	68db      	ldr	r3, [r3, #12]
  b6:	4798      	blx	r3
  b8:	f10d 0029 	add.w	r0, sp, #41	; 0x29
  bc:	f7ff fffe 	bl	0 <convertStringToInt>
  c0:	b2c0      	uxtb	r0, r0
  c2:	42b8      	cmp	r0, r7
  c4:	bf84      	itt	hi
  c6:	ebc7 0900 	rsbhi	r9, r7, r0
  ca:	fa5f f989 	uxtbhi.w	r9, r9
  ce:	f04f 0800 	mov.w	r8, #0
  d2:	e009      	b.n	e8 <print+0xe8>
  d4:	2324      	movs	r3, #36	; 0x24
  d6:	fb03 6304 	mla	r3, r3, r4, r6
  da:	a811      	add	r0, sp, #68	; 0x44
  dc:	68db      	ldr	r3, [r3, #12]
  de:	4798      	blx	r3
  e0:	f108 0801 	add.w	r8, r8, #1
  e4:	fa5f f888 	uxtb.w	r8, r8
  e8:	45c8      	cmp	r8, r9
  ea:	d3f3      	bcc.n	d4 <print+0xd4>
  ec:	e06a      	b.n	1c4 <print+0x1c4>
  ee:	a80a      	add	r0, sp, #40	; 0x28
  f0:	f7ff fffe 	bl	0 <convertStringToInt>
  f4:	b2c0      	uxtb	r0, r0
  f6:	42b8      	cmp	r0, r7
  f8:	bf8a      	itet	hi
  fa:	ebc7 0700 	rsbhi	r7, r7, r0
  fe:	464f      	movls	r7, r9
 100:	b2ff      	uxtbhi	r7, r7
 102:	f04f 0900 	mov.w	r9, #0
 106:	e008      	b.n	11a <print+0x11a>
 108:	fb03 6304 	mla	r3, r3, r4, r6
 10c:	a811      	add	r0, sp, #68	; 0x44
 10e:	68db      	ldr	r3, [r3, #12]
 110:	4798      	blx	r3
 112:	f109 0901 	add.w	r9, r9, #1
 116:	fa5f f989 	uxtb.w	r9, r9
 11a:	45b9      	cmp	r9, r7
 11c:	f04f 0324 	mov.w	r3, #36	; 0x24
 120:	d3f2      	bcc.n	108 <print+0x108>
 122:	fb03 6604 	mla	r6, r3, r4, r6
 126:	4640      	mov	r0, r8
 128:	68f3      	ldr	r3, [r6, #12]
 12a:	e04a      	b.n	1c2 <print+0x1c2>
 12c:	2b69      	cmp	r3, #105	; 0x69
 12e:	d007      	beq.n	140 <print+0x140>
 130:	2b64      	cmp	r3, #100	; 0x64
 132:	d005      	beq.n	140 <print+0x140>
 134:	2b78      	cmp	r3, #120	; 0x78
 136:	d003      	beq.n	140 <print+0x140>
 138:	2b58      	cmp	r3, #88	; 0x58
 13a:	d001      	beq.n	140 <print+0x140>
 13c:	2b6f      	cmp	r3, #111	; 0x6f
 13e:	d118      	bne.n	172 <print+0x172>
 140:	a912      	add	r1, sp, #72	; 0x48
 142:	198a      	adds	r2, r1, r6
 144:	3601      	adds	r6, #1
 146:	f802 3c20 	strb.w	r3, [r2, #-32]
 14a:	b2f6      	uxtb	r6, r6
 14c:	9b10      	ldr	r3, [sp, #64]	; 0x40
 14e:	198e      	adds	r6, r1, r6
 150:	2100      	movs	r1, #0
 152:	1d1a      	adds	r2, r3, #4
 154:	f806 1c20 	strb.w	r1, [r6, #-32]
 158:	9210      	str	r2, [sp, #64]	; 0x40
 15a:	6818      	ldr	r0, [r3, #0]
 15c:	aa0a      	add	r2, sp, #40	; 0x28
 15e:	ab05      	add	r3, sp, #20
 160:	f7ff fffe 	bl	0 <convertIntToString>
 164:	4b1c      	ldr	r3, [pc, #112]	; (1d8 <print+0x1d8>)
 166:	2224      	movs	r2, #36	; 0x24
 168:	fb02 3304 	mla	r3, r2, r4, r3
 16c:	a805      	add	r0, sp, #20
 16e:	68db      	ldr	r3, [r3, #12]
 170:	e027      	b.n	1c2 <print+0x1c2>
 172:	2b74      	cmp	r3, #116	; 0x74
 174:	d126      	bne.n	1c4 <print+0x1c4>
 176:	9b10      	ldr	r3, [sp, #64]	; 0x40
 178:	a90e      	add	r1, sp, #56	; 0x38
 17a:	1d1a      	adds	r2, r3, #4
 17c:	6818      	ldr	r0, [r3, #0]
 17e:	9210      	str	r2, [sp, #64]	; 0x40
 180:	f7ff fffe 	bl	0 <convertSecondsToSystemTime>
 184:	f89d 103b 	ldrb.w	r1, [sp, #59]	; 0x3b
 188:	f8bd 2038 	ldrh.w	r2, [sp, #56]	; 0x38
 18c:	9100      	str	r1, [sp, #0]
 18e:	f89d 103c 	ldrb.w	r1, [sp, #60]	; 0x3c
 192:	f89d 303a 	ldrb.w	r3, [sp, #58]	; 0x3a
 196:	9101      	str	r1, [sp, #4]
 198:	f89d 103d 	ldrb.w	r1, [sp, #61]	; 0x3d
 19c:	4620      	mov	r0, r4
 19e:	9102      	str	r1, [sp, #8]
 1a0:	f89d 103e 	ldrb.w	r1, [sp, #62]	; 0x3e
 1a4:	9103      	str	r1, [sp, #12]
 1a6:	490d      	ldr	r1, [pc, #52]	; (1dc <print+0x1dc>)
 1a8:	f7ff fffe 	bl	0 <print>
 1ac:	e00a      	b.n	1c4 <print+0x1c4>
 1ae:	f88d 3044 	strb.w	r3, [sp, #68]	; 0x44
 1b2:	4b09      	ldr	r3, [pc, #36]	; (1d8 <print+0x1d8>)
 1b4:	2224      	movs	r2, #36	; 0x24
 1b6:	fb02 3304 	mla	r3, r2, r4, r3
 1ba:	f88d 6045 	strb.w	r6, [sp, #69]	; 0x45
 1be:	68db      	ldr	r3, [r3, #12]
 1c0:	a811      	add	r0, sp, #68	; 0x44
 1c2:	4798      	blx	r3
 1c4:	3501      	adds	r5, #1
 1c6:	782b      	ldrb	r3, [r5, #0]
 1c8:	2b00      	cmp	r3, #0
 1ca:	f47f af26 	bne.w	1a <print+0x1a>
 1ce:	b012      	add	sp, #72	; 0x48
 1d0:	e8bd 43f0 	ldmia.w	sp!, {r4, r5, r6, r7, r8, r9, lr}
 1d4:	b003      	add	sp, #12
 1d6:	4770      	bx	lr
 1d8:	00000000 	.word	0x00000000
 1dc:	00000003 	.word	0x00000003

Disassembly of section .text.println:

00000000 <println>:
println():
   0:	b518b40e 	.word	0xb518b40e
   4:	9903      	ldr	r1, [sp, #12]
   6:	4604      	mov	r4, r0
   8:	f7ff fffe 	bl	0 <println>
   c:	4620      	mov	r0, r4
   e:	4903      	ldr	r1, [pc, #12]	; (1c <println+0x1c>)
  10:	f7ff fffe 	bl	0 <println>
  14:	e8bd 4018 	ldmia.w	sp!, {r3, r4, lr}
  18:	b003      	add	sp, #12
  1a:	4770      	bx	lr
  1c:	0000001b 	.word	0x0000001b

Disassembly of section .text.streamSetPrintFile:

00000000 <streamSetPrintFile>:
streamSetPrintFile():
   0:	61984b01 	.word	0x61984b01
   4:	4770      	bx	lr
   6:	bf00      	nop
   8:	00000000 	.word	0x00000000

Disassembly of section .text.setMainClock:

00000000 <setMainClock>:
setMainClock():
   0:	4b15      	ldr	r3, [pc, #84]	; (58 <setMainClock+0x58>)
   2:	681a      	ldr	r2, [r3, #0]
   4:	f442 3280 	orr.w	r2, r2, #65536	; 0x10000
   8:	601a      	str	r2, [r3, #0]
   a:	4b13      	ldr	r3, [pc, #76]	; (58 <setMainClock+0x58>)
   c:	681a      	ldr	r2, [r3, #0]
   e:	f412 3f00 	tst.w	r2, #131072	; 0x20000
  12:	d0fa      	beq.n	a <setMainClock+0xa>
  14:	2200      	movs	r2, #0
  16:	629a      	str	r2, [r3, #40]	; 0x28
  18:	4a10      	ldr	r2, [pc, #64]	; (5c <setMainClock+0x5c>)
  1a:	605a      	str	r2, [r3, #4]
  1c:	681a      	ldr	r2, [r3, #0]
  1e:	f042 7280 	orr.w	r2, r2, #16777216	; 0x1000000
  22:	601a      	str	r2, [r3, #0]
  24:	4b0c      	ldr	r3, [pc, #48]	; (58 <setMainClock+0x58>)
  26:	681a      	ldr	r2, [r3, #0]
  28:	f012 7f00 	tst.w	r2, #33554432	; 0x2000000
  2c:	d0fa      	beq.n	24 <setMainClock+0x24>
  2e:	685a      	ldr	r2, [r3, #4]
  30:	f042 0201 	orr.w	r2, r2, #1
  34:	605a      	str	r2, [r3, #4]
  36:	699a      	ldr	r2, [r3, #24]
  38:	f442 6200 	orr.w	r2, r2, #2048	; 0x800
  3c:	619a      	str	r2, [r3, #24]
  3e:	4b08      	ldr	r3, [pc, #32]	; (60 <setMainClock+0x60>)
  40:	681a      	ldr	r2, [r3, #0]
  42:	f44f 737a 	mov.w	r3, #1000	; 0x3e8
  46:	0052      	lsls	r2, r2, #1
  48:	fbb2 f2f3 	udiv	r2, r2, r3
  4c:	4b05      	ldr	r3, [pc, #20]	; (64 <setMainClock+0x64>)
  4e:	605a      	str	r2, [r3, #4]
  50:	609a      	str	r2, [r3, #8]
  52:	2207      	movs	r2, #7
  54:	601a      	str	r2, [r3, #0]
  56:	4770      	bx	lr
  58:	40021000 	.word	0x40021000
  5c:	0001c002 	.word	0x0001c002
  60:	00000000 	.word	0x00000000
  64:	e000e010 	.word	0xe000e010

Disassembly of section .text.sysGetTimer:

00000000 <sysGetTimer>:
sysGetTimer():
   0:	b2c03801 	.word	0xb2c03801
   4:	2810      	cmp	r0, #16
   6:	bf9a      	itte	ls
   8:	4b02      	ldrls	r3, [pc, #8]	; (14 <sysGetTimer+0x14>)
   a:	f853 0020 	ldrls.w	r0, [r3, r0, lsl #2]
   e:	2000      	movhi	r0, #0
  10:	4770      	bx	lr
  12:	bf00      	nop
  14:	00000000 	.word	0x00000000

Disassembly of section .text.delay:

00000000 <delay>:
delay():
   0:	b538      	push	{r3, r4, r5, lr}
   2:	4d2b      	ldr	r5, [pc, #172]	; (b0 <delay+0xb0>)
   4:	4604      	mov	r4, r0
   6:	7ce8      	ldrb	r0, [r5, #19]
   8:	2801      	cmp	r0, #1
   a:	d128      	bne.n	5e <delay+0x5e>
   c:	4b29      	ldr	r3, [pc, #164]	; (b4 <delay+0xb4>)
   e:	2200      	movs	r2, #0
  10:	f5b4 3f80 	cmp.w	r4, #65536	; 0x10000
  14:	801a      	strh	r2, [r3, #0]
  16:	d308      	bcc.n	2a <delay+0x2a>
  18:	6828      	ldr	r0, [r5, #0]
  1a:	4a27      	ldr	r2, [pc, #156]	; (b8 <delay+0xb8>)
  1c:	0c21      	lsrs	r1, r4, #16
  1e:	fbb0 f2f2 	udiv	r2, r0, r2
  22:	434a      	muls	r2, r1
  24:	b292      	uxth	r2, r2
  26:	851a      	strh	r2, [r3, #40]	; 0x28
  28:	b2a4      	uxth	r4, r4
  2a:	682a      	ldr	r2, [r5, #0]
  2c:	4b22      	ldr	r3, [pc, #136]	; (b8 <delay+0xb8>)
  2e:	fbb2 f3f3 	udiv	r3, r2, r3
  32:	435c      	muls	r4, r3
  34:	2c3b      	cmp	r4, #59	; 0x3b
  36:	bf98      	it	ls
  38:	243c      	movls	r4, #60	; 0x3c
  3a:	4b1e      	ldr	r3, [pc, #120]	; (b4 <delay+0xb4>)
  3c:	3c3c      	subs	r4, #60	; 0x3c
  3e:	2200      	movs	r2, #0
  40:	b2a4      	uxth	r4, r4
  42:	809a      	strh	r2, [r3, #4]
  44:	811a      	strh	r2, [r3, #8]
  46:	819a      	strh	r2, [r3, #12]
  48:	849a      	strh	r2, [r3, #36]	; 0x24
  4a:	859c      	strh	r4, [r3, #44]	; 0x2c
  4c:	821a      	strh	r2, [r3, #16]
  4e:	2289      	movs	r2, #137	; 0x89
  50:	801a      	strh	r2, [r3, #0]
  52:	4b18      	ldr	r3, [pc, #96]	; (b4 <delay+0xb4>)
  54:	881b      	ldrh	r3, [r3, #0]
  56:	f013 0f01 	tst.w	r3, #1
  5a:	d1fa      	bne.n	52 <delay+0x52>
  5c:	bd38      	pop	{r3, r4, r5, pc}
  5e:	f7ff fffe 	bl	0 <delay>
  62:	2300      	movs	r3, #0
  64:	f5b4 3f80 	cmp.w	r4, #65536	; 0x10000
  68:	8003      	strh	r3, [r0, #0]
  6a:	d308      	bcc.n	7e <delay+0x7e>
  6c:	6829      	ldr	r1, [r5, #0]
  6e:	4b12      	ldr	r3, [pc, #72]	; (b8 <delay+0xb8>)
  70:	0c22      	lsrs	r2, r4, #16
  72:	fbb1 f3f3 	udiv	r3, r1, r3
  76:	4353      	muls	r3, r2
  78:	b29b      	uxth	r3, r3
  7a:	8503      	strh	r3, [r0, #40]	; 0x28
  7c:	b2a4      	uxth	r4, r4
  7e:	682a      	ldr	r2, [r5, #0]
  80:	4b0d      	ldr	r3, [pc, #52]	; (b8 <delay+0xb8>)
  82:	fbb2 f3f3 	udiv	r3, r2, r3
  86:	435c      	muls	r4, r3
  88:	2c3b      	cmp	r4, #59	; 0x3b
  8a:	bf98      	it	ls
  8c:	243c      	movls	r4, #60	; 0x3c
  8e:	3c3c      	subs	r4, #60	; 0x3c
  90:	2200      	movs	r2, #0
  92:	b2a4      	uxth	r4, r4
  94:	2389      	movs	r3, #137	; 0x89
  96:	8082      	strh	r2, [r0, #4]
  98:	8102      	strh	r2, [r0, #8]
  9a:	8182      	strh	r2, [r0, #12]
  9c:	8482      	strh	r2, [r0, #36]	; 0x24
  9e:	8584      	strh	r4, [r0, #44]	; 0x2c
  a0:	8202      	strh	r2, [r0, #16]
  a2:	8003      	strh	r3, [r0, #0]
  a4:	8803      	ldrh	r3, [r0, #0]
  a6:	f013 0f01 	tst.w	r3, #1
  aa:	d1fb      	bne.n	a4 <delay+0xa4>
  ac:	bd38      	pop	{r3, r4, r5, pc}
  ae:	bf00      	nop
  b0:	00000000 	.word	0x00000000
  b4:	40012c00 	.word	0x40012c00
  b8:	000f4240 	.word	0x000f4240

Disassembly of section .text.stopwatchStart:

00000000 <stopwatchStart>:
stopwatchStart():
   0:	68994b03 	.word	0x68994b03
   4:	4b03      	ldr	r3, [pc, #12]	; (14 <stopwatchStart+0x14>)
   6:	681a      	ldr	r2, [r3, #0]
   8:	0052      	lsls	r2, r2, #1
   a:	1a52      	subs	r2, r2, r1
   c:	609a      	str	r2, [r3, #8]
   e:	4770      	bx	lr
  10:	e000e010 	.word	0xe000e010
  14:	00000000 	.word	0x00000000

Disassembly of section .text.stopwatchGet:

00000000 <stopwatchGet>:
stopwatchGet():
   0:	4b04      	ldr	r3, [pc, #16]	; (14 <stopwatchGet+0x14>)
   2:	689a      	ldr	r2, [r3, #8]
   4:	4b04      	ldr	r3, [pc, #16]	; (18 <stopwatchGet+0x18>)
   6:	6818      	ldr	r0, [r3, #0]
   8:	0040      	lsls	r0, r0, #1
   a:	1a80      	subs	r0, r0, r2
   c:	689a      	ldr	r2, [r3, #8]
   e:	1880      	adds	r0, r0, r2
  10:	6098      	str	r0, [r3, #8]
  12:	4770      	bx	lr
  14:	e000e010 	.word	0xe000e010
  18:	00000000 	.word	0x00000000

Disassembly of section .text.mcoEnable:

00000000 <mcoEnable>:
mcoEnable():
   0:	b530      	push	{r4, r5, lr}
   2:	4b13      	ldr	r3, [pc, #76]	; (50 <mcoEnable+0x50>)
   4:	4605      	mov	r5, r0
   6:	b085      	sub	sp, #20
   8:	466c      	mov	r4, sp
   a:	2d03      	cmp	r5, #3
   c:	cb0f      	ldmia	r3, {r0, r1, r2, r3}
   e:	e884 000f 	stmia.w	r4, {r0, r1, r2, r3}
  12:	d81a      	bhi.n	4a <mcoEnable+0x4a>
  14:	4b0f      	ldr	r3, [pc, #60]	; (54 <mcoEnable+0x54>)
  16:	699a      	ldr	r2, [r3, #24]
  18:	f042 0204 	orr.w	r2, r2, #4
  1c:	619a      	str	r2, [r3, #24]
  1e:	4a0e      	ldr	r2, [pc, #56]	; (58 <mcoEnable+0x58>)
  20:	6851      	ldr	r1, [r2, #4]
  22:	f021 010f 	bic.w	r1, r1, #15
  26:	6051      	str	r1, [r2, #4]
  28:	6851      	ldr	r1, [r2, #4]
  2a:	f041 010b 	orr.w	r1, r1, #11
  2e:	6051      	str	r1, [r2, #4]
  30:	685a      	ldr	r2, [r3, #4]
  32:	f022 62e0 	bic.w	r2, r2, #117440512	; 0x7000000
  36:	605a      	str	r2, [r3, #4]
  38:	aa04      	add	r2, sp, #16
  3a:	eb02 0585 	add.w	r5, r2, r5, lsl #2
  3e:	6859      	ldr	r1, [r3, #4]
  40:	f855 2c10 	ldr.w	r2, [r5, #-16]
  44:	ea41 0202 	orr.w	r2, r1, r2
  48:	605a      	str	r2, [r3, #4]
  4a:	b005      	add	sp, #20
  4c:	bd30      	pop	{r4, r5, pc}
  4e:	bf00      	nop
  50:	00000044 	.word	0x00000044
  54:	40021000 	.word	0x40021000
  58:	40010800 	.word	0x40010800

Disassembly of section .text.mcoDisable:

00000000 <mcoDisable>:
mcoDisable():
   0:	685a4b02 	.word	0x685a4b02
   4:	f022 62e0 	bic.w	r2, r2, #117440512	; 0x7000000
   8:	605a      	str	r2, [r3, #4]
   a:	4770      	bx	lr
   c:	40021000 	.word	0x40021000

Disassembly of section .text.SysTick_Handler:

00000000 <SysTick_Handler>:
SysTick_Handler():
   0:	4b04      	ldr	r3, [pc, #16]	; (14 <SysTick_Handler+0x14>)
   2:	f64a 22aa 	movw	r2, #43690	; 0xaaaa
   6:	601a      	str	r2, [r3, #0]
   8:	4b03      	ldr	r3, [pc, #12]	; (18 <SysTick_Handler+0x18>)
   a:	689a      	ldr	r2, [r3, #8]
   c:	3264      	adds	r2, #100	; 0x64
   e:	609a      	str	r2, [r3, #8]
  10:	4770      	bx	lr
  12:	bf00      	nop
  14:	40003000 	.word	0x40003000
  18:	00000000 	.word	0x00000000
