
C:\Users\MightyDubster\Documents\Projects\pygmyos.projects\Tutorial1\pygmy_com.o:     file format elf32-littlearm
C:\Users\MightyDubster\Documents\Projects\pygmyos.projects\Tutorial1\pygmy_com.o


Disassembly of section .text.i2cSetAddress:

00000000 <i2cSetAddress>:
i2cSetAddress():
   0:	4770      	bx	lr

Disassembly of section .text.comDisable:

00000000 <comDisable>:
comDisable():
   0:	2801      	cmp	r0, #1
   2:	d101      	bne.n	8 <comDisable+0x8>
   4:	4a0f      	ldr	r2, [pc, #60]	; (44 <comDisable+0x44>)
   6:	e002      	b.n	e <comDisable+0xe>
   8:	2802      	cmp	r0, #2
   a:	d10c      	bne.n	26 <comDisable+0x26>
   c:	4a0e      	ldr	r2, [pc, #56]	; (48 <comDisable+0x48>)
   e:	8993      	ldrh	r3, [r2, #12]
  10:	f423 5300 	bic.w	r3, r3, #8192	; 0x2000
  14:	041b      	lsls	r3, r3, #16
  16:	0c1b      	lsrs	r3, r3, #16
  18:	8193      	strh	r3, [r2, #12]
  1a:	4b0c      	ldr	r3, [pc, #48]	; (4c <comDisable+0x4c>)
  1c:	699a      	ldr	r2, [r3, #24]
  1e:	f422 4280 	bic.w	r2, r2, #16384	; 0x4000
  22:	619a      	str	r2, [r3, #24]
  24:	4770      	bx	lr
  26:	2803      	cmp	r0, #3
  28:	d10b      	bne.n	42 <comDisable+0x42>
  2a:	4a09      	ldr	r2, [pc, #36]	; (50 <comDisable+0x50>)
  2c:	8993      	ldrh	r3, [r2, #12]
  2e:	f423 5300 	bic.w	r3, r3, #8192	; 0x2000
  32:	041b      	lsls	r3, r3, #16
  34:	0c1b      	lsrs	r3, r3, #16
  36:	8193      	strh	r3, [r2, #12]
  38:	4b04      	ldr	r3, [pc, #16]	; (4c <comDisable+0x4c>)
  3a:	699a      	ldr	r2, [r3, #24]
  3c:	f422 4280 	bic.w	r2, r2, #16384	; 0x4000
  40:	619a      	str	r2, [r3, #24]
  42:	4770      	bx	lr
  44:	40013800 	.word	0x40013800
  48:	40004400 	.word	0x40004400
  4c:	40021000 	.word	0x40021000
  50:	40004800 	.word	0x40004800

Disassembly of section .text.comEnable:

00000000 <comEnable>:
comEnable():
   0:	2801      	cmp	r0, #1
   2:	d106      	bne.n	12 <comEnable+0x12>
   4:	4b11      	ldr	r3, [pc, #68]	; (4c <comEnable+0x4c>)
   6:	699a      	ldr	r2, [r3, #24]
   8:	f442 4280 	orr.w	r2, r2, #16384	; 0x4000
   c:	619a      	str	r2, [r3, #24]
   e:	4b10      	ldr	r3, [pc, #64]	; (50 <comEnable+0x50>)
  10:	e007      	b.n	22 <comEnable+0x22>
  12:	2802      	cmp	r0, #2
  14:	d10b      	bne.n	2e <comEnable+0x2e>
  16:	4b0d      	ldr	r3, [pc, #52]	; (4c <comEnable+0x4c>)
  18:	699a      	ldr	r2, [r3, #24]
  1a:	f442 4280 	orr.w	r2, r2, #16384	; 0x4000
  1e:	619a      	str	r2, [r3, #24]
  20:	4b0c      	ldr	r3, [pc, #48]	; (54 <comEnable+0x54>)
  22:	899a      	ldrh	r2, [r3, #12]
  24:	b292      	uxth	r2, r2
  26:	f442 5200 	orr.w	r2, r2, #8192	; 0x2000
  2a:	819a      	strh	r2, [r3, #12]
  2c:	4770      	bx	lr
  2e:	2803      	cmp	r0, #3
  30:	d10a      	bne.n	48 <comEnable+0x48>
  32:	4b06      	ldr	r3, [pc, #24]	; (4c <comEnable+0x4c>)
  34:	699a      	ldr	r2, [r3, #24]
  36:	f442 4280 	orr.w	r2, r2, #16384	; 0x4000
  3a:	619a      	str	r2, [r3, #24]
  3c:	4b06      	ldr	r3, [pc, #24]	; (58 <comEnable+0x58>)
  3e:	899a      	ldrh	r2, [r3, #12]
  40:	b292      	uxth	r2, r2
  42:	f442 5200 	orr.w	r2, r2, #8192	; 0x2000
  46:	819a      	strh	r2, [r3, #12]
  48:	4770      	bx	lr
  4a:	bf00      	nop
  4c:	40021000 	.word	0x40021000
  50:	40013800 	.word	0x40013800
  54:	40004400 	.word	0x40004400
  58:	40004800 	.word	0x40004800

Disassembly of section .text.generateBaud:

00000000 <generateBaud>:
generateBaud():
   0:	42984b08 	.word	0x42984b08
   4:	d002      	beq.n	c <generateBaud+0xc>
   6:	4b08      	ldr	r3, [pc, #32]	; (28 <generateBaud+0x28>)
   8:	4298      	cmp	r0, r3
   a:	d100      	bne.n	e <generateBaud+0xe>
   c:	0880      	lsrs	r0, r0, #2
   e:	08c3      	lsrs	r3, r0, #3
  10:	fbb0 f0f1 	udiv	r0, r0, r1
  14:	fbb3 f3f1 	udiv	r3, r3, r1
  18:	f000 0007 	and.w	r0, r0, #7
  1c:	eb00 1003 	add.w	r0, r0, r3, lsl #4
  20:	b280      	uxth	r0, r0
  22:	4770      	bx	lr
  24:	044aa200 	.word	0x044aa200
  28:	02dc6c00 	.word	0x02dc6c00

Disassembly of section .text.comConfig:

00000000 <comConfig>:
comConfig():
   0:	2801      	cmp	r0, #1
   2:	b570      	push	{r4, r5, r6, lr}
   4:	4614      	mov	r4, r2
   6:	461e      	mov	r6, r3
   8:	d135      	bne.n	76 <comConfig+0x76>
   a:	4b48      	ldr	r3, [pc, #288]	; (12c <comConfig+0x12c>)
   c:	3025      	adds	r0, #37	; 0x25
   e:	69da      	ldr	r2, [r3, #28]
  10:	2102      	movs	r1, #2
  12:	f442 3200 	orr.w	r2, r2, #131072	; 0x20000
  16:	61da      	str	r2, [r3, #28]
  18:	f7ff fffe 	bl	0 <interruptSetPriority>
  1c:	2026      	movs	r0, #38	; 0x26
  1e:	f7ff fffe 	bl	0 <interruptEnable>
  22:	f014 0f01 	tst.w	r4, #1
  26:	d008      	beq.n	3a <comConfig+0x3a>
  28:	4b41      	ldr	r3, [pc, #260]	; (130 <comConfig+0x130>)
  2a:	681a      	ldr	r2, [r3, #0]
  2c:	f022 02f0 	bic.w	r2, r2, #240	; 0xf0
  30:	601a      	str	r2, [r3, #0]
  32:	681a      	ldr	r2, [r3, #0]
  34:	f042 02b0 	orr.w	r2, r2, #176	; 0xb0
  38:	601a      	str	r2, [r3, #0]
  3a:	f014 0f02 	tst.w	r4, #2
  3e:	d008      	beq.n	52 <comConfig+0x52>
  40:	4b3b      	ldr	r3, [pc, #236]	; (130 <comConfig+0x130>)
  42:	681a      	ldr	r2, [r3, #0]
  44:	f022 020f 	bic.w	r2, r2, #15
  48:	601a      	str	r2, [r3, #0]
  4a:	681a      	ldr	r2, [r3, #0]
  4c:	f042 0204 	orr.w	r2, r2, #4
  50:	601a      	str	r2, [r3, #0]
  52:	4b37      	ldr	r3, [pc, #220]	; (130 <comConfig+0x130>)
  54:	681a      	ldr	r2, [r3, #0]
  56:	f422 6270 	bic.w	r2, r2, #3840	; 0xf00
  5a:	601a      	str	r2, [r3, #0]
  5c:	681a      	ldr	r2, [r3, #0]
  5e:	f442 6230 	orr.w	r2, r2, #2816	; 0xb00
  62:	601a      	str	r2, [r3, #0]
  64:	681a      	ldr	r2, [r3, #0]
  66:	f422 4270 	bic.w	r2, r2, #61440	; 0xf000
  6a:	601a      	str	r2, [r3, #0]
  6c:	681a      	ldr	r2, [r3, #0]
  6e:	f442 4280 	orr.w	r2, r2, #16384	; 0x4000
  72:	601a      	str	r2, [r3, #0]
  74:	e038      	b.n	e8 <comConfig+0xe8>
  76:	2802      	cmp	r0, #2
  78:	d136      	bne.n	e8 <comConfig+0xe8>
  7a:	4b2c      	ldr	r3, [pc, #176]	; (12c <comConfig+0x12c>)
  7c:	3025      	adds	r0, #37	; 0x25
  7e:	69da      	ldr	r2, [r3, #28]
  80:	2103      	movs	r1, #3
  82:	f442 2280 	orr.w	r2, r2, #262144	; 0x40000
  86:	61da      	str	r2, [r3, #28]
  88:	f7ff fffe 	bl	0 <interruptSetPriority>
  8c:	2027      	movs	r0, #39	; 0x27
  8e:	f7ff fffe 	bl	0 <interruptEnable>
  92:	f014 0f01 	tst.w	r4, #1
  96:	d008      	beq.n	aa <comConfig+0xaa>
  98:	4b26      	ldr	r3, [pc, #152]	; (134 <comConfig+0x134>)
  9a:	685a      	ldr	r2, [r3, #4]
  9c:	f022 6270 	bic.w	r2, r2, #251658240	; 0xf000000
  a0:	605a      	str	r2, [r3, #4]
  a2:	685a      	ldr	r2, [r3, #4]
  a4:	f042 6230 	orr.w	r2, r2, #184549376	; 0xb000000
  a8:	605a      	str	r2, [r3, #4]
  aa:	f014 0f02 	tst.w	r4, #2
  ae:	d008      	beq.n	c2 <comConfig+0xc2>
  b0:	4b20      	ldr	r3, [pc, #128]	; (134 <comConfig+0x134>)
  b2:	685a      	ldr	r2, [r3, #4]
  b4:	f422 0270 	bic.w	r2, r2, #15728640	; 0xf00000
  b8:	605a      	str	r2, [r3, #4]
  ba:	685a      	ldr	r2, [r3, #4]
  bc:	f442 0280 	orr.w	r2, r2, #4194304	; 0x400000
  c0:	605a      	str	r2, [r3, #4]
  c2:	4b1c      	ldr	r3, [pc, #112]	; (134 <comConfig+0x134>)
  c4:	4d1c      	ldr	r5, [pc, #112]	; (138 <comConfig+0x138>)
  c6:	685a      	ldr	r2, [r3, #4]
  c8:	f422 6270 	bic.w	r2, r2, #3840	; 0xf00
  cc:	605a      	str	r2, [r3, #4]
  ce:	685a      	ldr	r2, [r3, #4]
  d0:	f442 6230 	orr.w	r2, r2, #2816	; 0xb00
  d4:	605a      	str	r2, [r3, #4]
  d6:	685a      	ldr	r2, [r3, #4]
  d8:	f422 4270 	bic.w	r2, r2, #61440	; 0xf000
  dc:	605a      	str	r2, [r3, #4]
  de:	685a      	ldr	r2, [r3, #4]
  e0:	f442 4280 	orr.w	r2, r2, #16384	; 0x4000
  e4:	605a      	str	r2, [r3, #4]
  e6:	e000      	b.n	ea <comConfig+0xea>
  e8:	4d14      	ldr	r5, [pc, #80]	; (13c <comConfig+0x13c>)
  ea:	2300      	movs	r3, #0
  ec:	f014 0f01 	tst.w	r4, #1
  f0:	82ab      	strh	r3, [r5, #20]
  f2:	d004      	beq.n	fe <comConfig+0xfe>
  f4:	8aab      	ldrh	r3, [r5, #20]
  f6:	b29b      	uxth	r3, r3
  f8:	f443 7380 	orr.w	r3, r3, #256	; 0x100
  fc:	82ab      	strh	r3, [r5, #20]
  fe:	f014 0f02 	tst.w	r4, #2
 102:	d004      	beq.n	10e <comConfig+0x10e>
 104:	8aab      	ldrh	r3, [r5, #20]
 106:	b29b      	uxth	r3, r3
 108:	f443 7300 	orr.w	r3, r3, #512	; 0x200
 10c:	82ab      	strh	r3, [r5, #20]
 10e:	f7ff fffe 	bl	0 <sysGetMainClock>
 112:	4631      	mov	r1, r6
 114:	f7ff fffe 	bl	0 <comConfig>
 118:	f014 0f10 	tst.w	r4, #16
 11c:	bf14      	ite	ne
 11e:	f242 03ac 	movwne	r3, #8364	; 0x20ac
 122:	f242 032c 	movweq	r3, #8236	; 0x202c
 126:	8128      	strh	r0, [r5, #8]
 128:	81ab      	strh	r3, [r5, #12]
 12a:	bd70      	pop	{r4, r5, r6, pc}
 12c:	40021000 	.word	0x40021000
 130:	40010800 	.word	0x40010800
 134:	40010c00 	.word	0x40010c00
 138:	40004800 	.word	0x40004800
 13c:	40004400 	.word	0x40004400

Disassembly of section .text.putsUSART2:

00000000 <putsUSART2>:
putsUSART2():
   0:	4a06e005 	.word	0x4a06e005
   4:	8811      	ldrh	r1, [r2, #0]
   6:	f011 0f80 	tst.w	r1, #128	; 0x80
   a:	d0fa      	beq.n	2 <putsUSART2+0x2>
   c:	8093      	strh	r3, [r2, #4]
   e:	f810 3b01 	ldrb.w	r3, [r0], #1
  12:	2b00      	cmp	r3, #0
  14:	d1f5      	bne.n	2 <putsUSART2+0x2>
  16:	2001      	movs	r0, #1
  18:	4770      	bx	lr
  1a:	bf00      	nop
  1c:	40004400 	.word	0x40004400

Disassembly of section .text.putsUSART3:

00000000 <putsUSART3>:
putsUSART3():
   0:	e005      	b.n	e <putsUSART3+0xe>
   2:	4a06      	ldr	r2, [pc, #24]	; (1c <putsUSART3+0x1c>)
   4:	8811      	ldrh	r1, [r2, #0]
   6:	f011 0f80 	tst.w	r1, #128	; 0x80
   a:	d0fa      	beq.n	2 <putsUSART3+0x2>
   c:	8093      	strh	r3, [r2, #4]
   e:	f810 3b01 	ldrb.w	r3, [r0], #1
  12:	2b00      	cmp	r3, #0
  14:	d1f5      	bne.n	2 <putsUSART3+0x2>
  16:	2001      	movs	r0, #1
  18:	4770      	bx	lr
  1a:	bf00      	nop
  1c:	40004800 	.word	0x40004800

Disassembly of section .text.parallelConfig:

00000000 <parallelConfig>:
parallelConfig():
   0:	e92d 4ff1 	stmdb	sp!, {r0, r4, r5, r6, r7, r8, r9, sl, fp, lr}
   4:	469a      	mov	sl, r3
   6:	460d      	mov	r5, r1
   8:	f89d 9028 	ldrb.w	r9, [sp, #40]	; 0x28
   c:	2103      	movs	r1, #3
   e:	4604      	mov	r4, r0
  10:	4610      	mov	r0, r2
  12:	4616      	mov	r6, r2
  14:	f89d 802c 	ldrb.w	r8, [sp, #44]	; 0x2c
  18:	f89d 7030 	ldrb.w	r7, [sp, #48]	; 0x30
  1c:	f7ff fffe 	bl	0 <pinConfig>
  20:	2103      	movs	r1, #3
  22:	4650      	mov	r0, sl
  24:	f7ff fffe 	bl	0 <pinConfig>
  28:	2103      	movs	r1, #3
  2a:	4648      	mov	r0, r9
  2c:	f7ff fffe 	bl	0 <pinConfig>
  30:	2103      	movs	r1, #3
  32:	4640      	mov	r0, r8
  34:	f7ff fffe 	bl	0 <pinConfig>
  38:	2d10      	cmp	r5, #16
  3a:	d802      	bhi.n	42 <parallelConfig+0x42>
  3c:	f884 5020 	strb.w	r5, [r4, #32]
  40:	e002      	b.n	48 <parallelConfig+0x48>
  42:	2308      	movs	r3, #8
  44:	f884 3020 	strb.w	r3, [r4, #32]
  48:	2300      	movs	r3, #0
  4a:	83e3      	strh	r3, [r4, #30]
  4c:	2500      	movs	r5, #0
  4e:	e00f      	b.n	70 <parallelConfig+0x70>
  50:	f007 030f 	and.w	r3, r7, #15
  54:	f85b 2023 	ldr.w	r2, [fp, r3, lsl #2]
  58:	8be3      	ldrh	r3, [r4, #30]
  5a:	4638      	mov	r0, r7
  5c:	ea42 0303 	orr.w	r3, r2, r3
  60:	83e3      	strh	r3, [r4, #30]
  62:	2103      	movs	r1, #3
  64:	f7ff fffe 	bl	0 <pinConfig>
  68:	3501      	adds	r5, #1
  6a:	3701      	adds	r7, #1
  6c:	b2ed      	uxtb	r5, r5
  6e:	b2ff      	uxtb	r7, r7
  70:	f894 3020 	ldrb.w	r3, [r4, #32]
  74:	f8df b088 	ldr.w	fp, [pc, #136]	; 100 <parallelConfig+0x100>
  78:	42ab      	cmp	r3, r5
  7a:	d8e9      	bhi.n	50 <parallelConfig+0x50>
  7c:	4630      	mov	r0, r6
  7e:	f7ff fffe 	bl	0 <pinGetPort>
  82:	6020      	str	r0, [r4, #0]
  84:	4650      	mov	r0, sl
  86:	f7ff fffe 	bl	0 <pinGetPort>
  8a:	6060      	str	r0, [r4, #4]
  8c:	4648      	mov	r0, r9
  8e:	f7ff fffe 	bl	0 <pinGetPort>
  92:	60a0      	str	r0, [r4, #8]
  94:	4640      	mov	r0, r8
  96:	f7ff fffe 	bl	0 <pinGetPort>
  9a:	60e0      	str	r0, [r4, #12]
  9c:	4638      	mov	r0, r7
  9e:	f7ff fffe 	bl	0 <pinGetPort>
  a2:	f006 030f 	and.w	r3, r6, #15
  a6:	f83b 3023 	ldrh.w	r3, [fp, r3, lsl #2]
  aa:	f007 070f 	and.w	r7, r7, #15
  ae:	82a3      	strh	r3, [r4, #20]
  b0:	f00a 030f 	and.w	r3, sl, #15
  b4:	f83b 3023 	ldrh.w	r3, [fp, r3, lsl #2]
  b8:	6120      	str	r0, [r4, #16]
  ba:	82e3      	strh	r3, [r4, #22]
  bc:	f009 030f 	and.w	r3, r9, #15
  c0:	f83b 3023 	ldrh.w	r3, [fp, r3, lsl #2]
  c4:	4630      	mov	r0, r6
  c6:	8323      	strh	r3, [r4, #24]
  c8:	f008 030f 	and.w	r3, r8, #15
  cc:	f83b 3023 	ldrh.w	r3, [fp, r3, lsl #2]
  d0:	f83b b027 	ldrh.w	fp, [fp, r7, lsl #2]
  d4:	8363      	strh	r3, [r4, #26]
  d6:	2101      	movs	r1, #1
  d8:	f8a4 b01c 	strh.w	fp, [r4, #28]
  dc:	f7ff fffe 	bl	0 <pinSet>
  e0:	4650      	mov	r0, sl
  e2:	2101      	movs	r1, #1
  e4:	f7ff fffe 	bl	0 <pinSet>
  e8:	4648      	mov	r0, r9
  ea:	2101      	movs	r1, #1
  ec:	f7ff fffe 	bl	0 <pinSet>
  f0:	4640      	mov	r0, r8
  f2:	2101      	movs	r1, #1
  f4:	b001      	add	sp, #4
  f6:	e8bd 4ff0 	ldmia.w	sp!, {r4, r5, r6, r7, r8, r9, sl, fp, lr}
  fa:	f7ff bffe 	b.w	0 <pinSet>
  fe:	bf00      	nop
 100:	00000000 	.word	0x00000000

Disassembly of section .text.parallelWrite:

00000000 <parallelWrite>:
parallelWrite():
   0:	b570      	push	{r4, r5, r6, lr}
   2:	8b84      	ldrh	r4, [r0, #28]
   4:	8bc3      	ldrh	r3, [r0, #30]
   6:	fa12 f404 	lsls.w	r4, r2, r4
   a:	6845      	ldr	r5, [r0, #4]
   c:	401c      	ands	r4, r3
   e:	8ac6      	ldrh	r6, [r0, #22]
  10:	b109      	cbz	r1, 16 <parallelWrite+0x16>
  12:	612e      	str	r6, [r5, #16]
  14:	e000      	b.n	18 <parallelWrite+0x18>
  16:	616e      	str	r6, [r5, #20]
  18:	6801      	ldr	r1, [r0, #0]
  1a:	8a85      	ldrh	r5, [r0, #20]
  1c:	6902      	ldr	r2, [r0, #16]
  1e:	614d      	str	r5, [r1, #20]
  20:	68d6      	ldr	r6, [r2, #12]
  22:	ea26 0303 	bic.w	r3, r6, r3
  26:	60d3      	str	r3, [r2, #12]
  28:	68d3      	ldr	r3, [r2, #12]
  2a:	431c      	orrs	r4, r3
  2c:	60d4      	str	r4, [r2, #12]
  2e:	6883      	ldr	r3, [r0, #8]
  30:	8b02      	ldrh	r2, [r0, #24]
  32:	615a      	str	r2, [r3, #20]
  34:	611a      	str	r2, [r3, #16]
  36:	610d      	str	r5, [r1, #16]
  38:	bd70      	pop	{r4, r5, r6, pc}

Disassembly of section .text.parallelRead:

00000000 <parallelRead>:
parallelRead():
   0:	6903      	ldr	r3, [r0, #16]
   2:	689a      	ldr	r2, [r3, #8]
   4:	8bc3      	ldrh	r3, [r0, #30]
   6:	401a      	ands	r2, r3
   8:	8b83      	ldrh	r3, [r0, #28]
   a:	fa52 f003 	asrs.w	r0, r2, r3
   e:	b280      	uxth	r0, r0
  10:	4770      	bx	lr

Disassembly of section .text.spiWriteByte:

00000000 <spiWriteByte>:
spiWriteByte():
   0:	b5f0      	push	{r4, r5, r6, r7, lr}
   2:	6842      	ldr	r2, [r0, #4]
   4:	8a44      	ldrh	r4, [r0, #18]
   6:	4b08      	ldr	r3, [pc, #32]	; (28 <spiWriteByte+0x28>)
   8:	6154      	str	r4, [r2, #20]
   a:	f103 0720 	add.w	r7, r3, #32
   e:	f853 5b04 	ldr.w	r5, [r3], #4
  12:	8a86      	ldrh	r6, [r0, #20]
  14:	4229      	tst	r1, r5
  16:	6885      	ldr	r5, [r0, #8]
  18:	bf14      	ite	ne
  1a:	612e      	strne	r6, [r5, #16]
  1c:	616e      	streq	r6, [r5, #20]
  1e:	42bb      	cmp	r3, r7
  20:	6114      	str	r4, [r2, #16]
  22:	6154      	str	r4, [r2, #20]
  24:	d1f3      	bne.n	e <spiWriteByte+0xe>
  26:	bdf0      	pop	{r4, r5, r6, r7, pc}
  28:	00000060 	.word	0x00000060

Disassembly of section .text.spiWriteWord:

00000000 <spiWriteWord>:
spiWriteWord():
   0:	b5f0      	push	{r4, r5, r6, r7, lr}
   2:	6842      	ldr	r2, [r0, #4]
   4:	8a44      	ldrh	r4, [r0, #18]
   6:	4b08      	ldr	r3, [pc, #32]	; (28 <spiWriteWord+0x28>)
   8:	6154      	str	r4, [r2, #20]
   a:	f103 0740 	add.w	r7, r3, #64	; 0x40
   e:	f853 5b04 	ldr.w	r5, [r3], #4
  12:	8a86      	ldrh	r6, [r0, #20]
  14:	4229      	tst	r1, r5
  16:	6885      	ldr	r5, [r0, #8]
  18:	bf14      	ite	ne
  1a:	612e      	strne	r6, [r5, #16]
  1c:	616e      	streq	r6, [r5, #20]
  1e:	42bb      	cmp	r3, r7
  20:	6114      	str	r4, [r2, #16]
  22:	6154      	str	r4, [r2, #20]
  24:	d1f3      	bne.n	e <spiWriteWord+0xe>
  26:	bdf0      	pop	{r4, r5, r6, r7, pc}
  28:	00000040 	.word	0x00000040

Disassembly of section .text.spiWriteLong:

00000000 <spiWriteLong>:
spiWriteLong():
   0:	b570      	push	{r4, r5, r6, lr}
   2:	6842      	ldr	r2, [r0, #4]
   4:	8a44      	ldrh	r4, [r0, #18]
   6:	2300      	movs	r3, #0
   8:	6154      	str	r4, [r2, #20]
   a:	4d07      	ldr	r5, [pc, #28]	; (28 <spiWriteLong+0x28>)
   c:	8a86      	ldrh	r6, [r0, #20]
   e:	595d      	ldr	r5, [r3, r5]
  10:	4229      	tst	r1, r5
  12:	6885      	ldr	r5, [r0, #8]
  14:	bf14      	ite	ne
  16:	612e      	strne	r6, [r5, #16]
  18:	616e      	streq	r6, [r5, #20]
  1a:	3304      	adds	r3, #4
  1c:	2b80      	cmp	r3, #128	; 0x80
  1e:	6114      	str	r4, [r2, #16]
  20:	6154      	str	r4, [r2, #20]
  22:	d1f2      	bne.n	a <spiWriteLong+0xa>
  24:	bd70      	pop	{r4, r5, r6, pc}
  26:	bf00      	nop
  28:	00000000 	.word	0x00000000

Disassembly of section .text.spiReadByte:

00000000 <spiReadByte>:
spiReadByte():
   0:	6842      	ldr	r2, [r0, #4]
   2:	8a41      	ldrh	r1, [r0, #18]
   4:	4b09      	ldr	r3, [pc, #36]	; (2c <spiReadByte+0x2c>)
   6:	b5f0      	push	{r4, r5, r6, r7, lr}
   8:	68c6      	ldr	r6, [r0, #12]
   a:	8ac5      	ldrh	r5, [r0, #22]
   c:	6151      	str	r1, [r2, #20]
   e:	f103 0420 	add.w	r4, r3, #32
  12:	2000      	movs	r0, #0
  14:	6111      	str	r1, [r2, #16]
  16:	68b7      	ldr	r7, [r6, #8]
  18:	6151      	str	r1, [r2, #20]
  1a:	423d      	tst	r5, r7
  1c:	bf1c      	itt	ne
  1e:	f893 7060 	ldrbne.w	r7, [r3, #96]	; 0x60
  22:	4338      	orrne	r0, r7
  24:	3304      	adds	r3, #4
  26:	42a3      	cmp	r3, r4
  28:	d1f4      	bne.n	14 <spiReadByte+0x14>
  2a:	bdf0      	pop	{r4, r5, r6, r7, pc}
  2c:	00000000 	.word	0x00000000

Disassembly of section .text.spiReadBuffer:

00000000 <spiReadBuffer>:
spiReadBuffer():
   0:	b5f8      	push	{r3, r4, r5, r6, r7, lr}
   2:	4615      	mov	r5, r2
   4:	6803      	ldr	r3, [r0, #0]
   6:	8a02      	ldrh	r2, [r0, #16]
   8:	4604      	mov	r4, r0
   a:	615a      	str	r2, [r3, #20]
   c:	460f      	mov	r7, r1
   e:	2600      	movs	r6, #0
  10:	e006      	b.n	20 <spiReadBuffer+0x20>
  12:	4620      	mov	r0, r4
  14:	f7ff fffe 	bl	0 <spiReadBuffer>
  18:	3601      	adds	r6, #1
  1a:	f807 0b01 	strb.w	r0, [r7], #1
  1e:	b2b6      	uxth	r6, r6
  20:	42ae      	cmp	r6, r5
  22:	d3f6      	bcc.n	12 <spiReadBuffer+0x12>
  24:	6823      	ldr	r3, [r4, #0]
  26:	8a22      	ldrh	r2, [r4, #16]
  28:	611a      	str	r2, [r3, #16]
  2a:	bdf8      	pop	{r3, r4, r5, r6, r7, pc}

Disassembly of section .text.spiWriteBuffer:

00000000 <spiWriteBuffer>:
spiWriteBuffer():
   0:	b5f8      	push	{r3, r4, r5, r6, r7, lr}
   2:	4617      	mov	r7, r2
   4:	6803      	ldr	r3, [r0, #0]
   6:	8a02      	ldrh	r2, [r0, #16]
   8:	4604      	mov	r4, r0
   a:	615a      	str	r2, [r3, #20]
   c:	460e      	mov	r6, r1
   e:	2500      	movs	r5, #0
  10:	e006      	b.n	20 <spiWriteBuffer+0x20>
  12:	4620      	mov	r0, r4
  14:	f816 1b01 	ldrb.w	r1, [r6], #1
  18:	f7ff fffe 	bl	0 <spiWriteBuffer>
  1c:	3501      	adds	r5, #1
  1e:	b2ad      	uxth	r5, r5
  20:	42bd      	cmp	r5, r7
  22:	d3f6      	bcc.n	12 <spiWriteBuffer+0x12>
  24:	6823      	ldr	r3, [r4, #0]
  26:	8a22      	ldrh	r2, [r4, #16]
  28:	611a      	str	r2, [r3, #16]
  2a:	bdf8      	pop	{r3, r4, r5, r6, r7, pc}

Disassembly of section .text.spiConfig:

00000000 <spiConfig>:
spiConfig():
   0:	e92d 47f0 	stmdb	sp!, {r4, r5, r6, r7, r8, r9, sl, lr}
   4:	4616      	mov	r6, r2
   6:	f89d 9020 	ldrb.w	r9, [sp, #32]
   a:	4604      	mov	r4, r0
   c:	460d      	mov	r5, r1
   e:	4608      	mov	r0, r1
  10:	2103      	movs	r1, #3
  12:	4698      	mov	r8, r3
  14:	f7ff fffe 	bl	0 <pinConfig>
  18:	2103      	movs	r1, #3
  1a:	4630      	mov	r0, r6
  1c:	f7ff fffe 	bl	0 <pinConfig>
  20:	f1b9 0fff 	cmp.w	r9, #255	; 0xff
  24:	4f1f      	ldr	r7, [pc, #124]	; (a4 <spiConfig+0xa4>)
  26:	d00d      	beq.n	44 <spiConfig+0x44>
  28:	4648      	mov	r0, r9
  2a:	2103      	movs	r1, #3
  2c:	f7ff fffe 	bl	0 <pinConfig>
  30:	4648      	mov	r0, r9
  32:	f7ff fffe 	bl	0 <pinGetPort>
  36:	f009 090f 	and.w	r9, r9, #15
  3a:	f837 9029 	ldrh.w	r9, [r7, r9, lsl #2]
  3e:	60a0      	str	r0, [r4, #8]
  40:	f8a4 9014 	strh.w	r9, [r4, #20]
  44:	f1b8 0fff 	cmp.w	r8, #255	; 0xff
  48:	d00d      	beq.n	66 <spiConfig+0x66>
  4a:	4640      	mov	r0, r8
  4c:	2104      	movs	r1, #4
  4e:	f7ff fffe 	bl	0 <pinConfig>
  52:	4640      	mov	r0, r8
  54:	f7ff fffe 	bl	0 <pinGetPort>
  58:	f008 080f 	and.w	r8, r8, #15
  5c:	f837 8028 	ldrh.w	r8, [r7, r8, lsl #2]
  60:	60e0      	str	r0, [r4, #12]
  62:	f8a4 8016 	strh.w	r8, [r4, #22]
  66:	4628      	mov	r0, r5
  68:	f7ff fffe 	bl	0 <pinGetPort>
  6c:	6020      	str	r0, [r4, #0]
  6e:	4630      	mov	r0, r6
  70:	f7ff fffe 	bl	0 <pinGetPort>
  74:	f005 030f 	and.w	r3, r5, #15
  78:	f837 3023 	ldrh.w	r3, [r7, r3, lsl #2]
  7c:	6060      	str	r0, [r4, #4]
  7e:	8223      	strh	r3, [r4, #16]
  80:	f006 030f 	and.w	r3, r6, #15
  84:	f837 7023 	ldrh.w	r7, [r7, r3, lsl #2]
  88:	23ff      	movs	r3, #255	; 0xff
  8a:	4630      	mov	r0, r6
  8c:	2100      	movs	r1, #0
  8e:	8267      	strh	r7, [r4, #18]
  90:	8323      	strh	r3, [r4, #24]
  92:	f7ff fffe 	bl	0 <pinSet>
  96:	4628      	mov	r0, r5
  98:	2101      	movs	r1, #1
  9a:	e8bd 47f0 	ldmia.w	sp!, {r4, r5, r6, r7, r8, r9, sl, lr}
  9e:	f7ff bffe 	b.w	0 <pinSet>
  a2:	bf00      	nop
  a4:	00000000 	.word	0x00000000

Disassembly of section .text.i2cInit:

00000000 <i2cInit>:
i2cInit():
   0:	2100b538 	.word	0x2100b538
   4:	4c0f      	ldr	r4, [pc, #60]	; (44 <i2cInit+0x44>)
   6:	4605      	mov	r5, r0
   8:	2210      	movs	r2, #16
   a:	480f      	ldr	r0, [pc, #60]	; (48 <i2cInit+0x48>)
   c:	47a0      	blx	r4
   e:	2101      	movs	r1, #1
  10:	2213      	movs	r2, #19
  12:	480d      	ldr	r0, [pc, #52]	; (48 <i2cInit+0x48>)
  14:	47a0      	blx	r4
  16:	2100      	movs	r1, #0
  18:	2211      	movs	r2, #17
  1a:	480c      	ldr	r0, [pc, #48]	; (4c <i2cInit+0x4c>)
  1c:	47a0      	blx	r4
  1e:	2101      	movs	r1, #1
  20:	2214      	movs	r2, #20
  22:	480a      	ldr	r0, [pc, #40]	; (4c <i2cInit+0x4c>)
  24:	47a0      	blx	r4
  26:	2100      	movs	r1, #0
  28:	2212      	movs	r2, #18
  2a:	4809      	ldr	r0, [pc, #36]	; (50 <i2cInit+0x50>)
  2c:	47a0      	blx	r4
  2e:	4808      	ldr	r0, [pc, #32]	; (50 <i2cInit+0x50>)
  30:	2101      	movs	r1, #1
  32:	2215      	movs	r2, #21
  34:	47a0      	blx	r4
  36:	f44f 7349 	mov.w	r3, #804	; 0x324
  3a:	80ab      	strh	r3, [r5, #4]
  3c:	f240 6301 	movw	r3, #1537	; 0x601
  40:	802b      	strh	r3, [r5, #0]
  42:	bd38      	pop	{r3, r4, r5, pc}
  44:	00000000 	.word	0x00000000
  48:	40005400 	.word	0x40005400
  4c:	40005800 	.word	0x40005800
  50:	40005c00 	.word	0x40005c00

Disassembly of section .text.i2cReset:

00000000 <i2cReset>:
i2cReset():
   0:	8803      	ldrh	r3, [r0, #0]
   2:	ea6f 4343 	mvn.w	r3, r3, lsl #17
   6:	ea6f 4353 	mvn.w	r3, r3, lsr #17
   a:	b29b      	uxth	r3, r3
   c:	8003      	strh	r3, [r0, #0]
   e:	4770      	bx	lr

Disassembly of section .text.I2C1_ER_IRQHandler:

00000000 <I2C1_ER_IRQHandler>:
I2C1_ER_IRQHandler():
   0:	4770      	bx	lr

Disassembly of section .text.I2C2_EV_IRQHandler:

00000000 <I2C2_EV_IRQHandler>:
I2C2_EV_IRQHandler():
   0:	4770      	bx	lr

Disassembly of section .text.I2C2_ER_IRQHandler:

00000000 <I2C2_ER_IRQHandler>:
I2C2_ER_IRQHandler():
   0:	4770      	bx	lr

Disassembly of section .text.I2C3_EV_IRQHandler:

00000000 <I2C3_EV_IRQHandler>:
I2C3_EV_IRQHandler():
   0:	4770      	bx	lr

Disassembly of section .text.I2C3_ER_IRQHandler:

00000000 <I2C3_ER_IRQHandler>:
I2C3_ER_IRQHandler():
   0:	4770      	bx	lr

Disassembly of section .text.i2cConfig:

00000000 <i2cConfig>:
i2cConfig():
   0:	e92d 41f0 	stmdb	sp!, {r4, r5, r6, r7, r8, lr}
   4:	4604      	mov	r4, r0
   6:	4616      	mov	r6, r2
   8:	460d      	mov	r5, r1
   a:	4608      	mov	r0, r1
   c:	2118      	movs	r1, #24
   e:	4698      	mov	r8, r3
  10:	f8bd 7018 	ldrh.w	r7, [sp, #24]
  14:	f7ff fffe 	bl	0 <pinConfig>
  18:	4630      	mov	r0, r6
  1a:	2118      	movs	r1, #24
  1c:	f7ff fffe 	bl	0 <pinConfig>
  20:	7025      	strb	r5, [r4, #0]
  22:	7066      	strb	r6, [r4, #1]
  24:	4628      	mov	r0, r5
  26:	f7ff fffe 	bl	0 <pinGetPort>
  2a:	6060      	str	r0, [r4, #4]
  2c:	4630      	mov	r0, r6
  2e:	f7ff fffe 	bl	0 <pinGetPort>
  32:	4b0c      	ldr	r3, [pc, #48]	; (64 <i2cConfig+0x64>)
  34:	f005 050f 	and.w	r5, r5, #15
  38:	f006 060f 	and.w	r6, r6, #15
  3c:	f833 5025 	ldrh.w	r5, [r3, r5, lsl #2]
  40:	f833 6026 	ldrh.w	r6, [r3, r6, lsl #2]
  44:	ea4f 0848 	mov.w	r8, r8, lsl #1
  48:	60a0      	str	r0, [r4, #8]
  4a:	81a5      	strh	r5, [r4, #12]
  4c:	81e6      	strh	r6, [r4, #14]
  4e:	f884 8002 	strb.w	r8, [r4, #2]
  52:	b117      	cbz	r7, 5a <i2cConfig+0x5a>
  54:	8267      	strh	r7, [r4, #18]
  56:	e8bd 81f0 	ldmia.w	sp!, {r4, r5, r6, r7, r8, pc}
  5a:	2308      	movs	r3, #8
  5c:	8263      	strh	r3, [r4, #18]
  5e:	e8bd 81f0 	ldmia.w	sp!, {r4, r5, r6, r7, r8, pc}
  62:	bf00      	nop
  64:	00000000 	.word	0x00000000

Disassembly of section .text.i2cDelay:

00000000 <i2cDelay>:
i2cDelay():
   0:	2300      	movs	r3, #0
   2:	b082      	sub	sp, #8
   4:	f8ad 3006 	strh.w	r3, [sp, #6]
   8:	8a03      	ldrh	r3, [r0, #16]
   a:	e005      	b.n	18 <i2cDelay+0x18>
   c:	f8bd 2006 	ldrh.w	r2, [sp, #6]
  10:	3201      	adds	r2, #1
  12:	b292      	uxth	r2, r2
  14:	f8ad 2006 	strh.w	r2, [sp, #6]
  18:	f8bd 2006 	ldrh.w	r2, [sp, #6]
  1c:	b292      	uxth	r2, r2
  1e:	429a      	cmp	r2, r3
  20:	d3f4      	bcc.n	c <i2cDelay+0xc>
  22:	b002      	add	sp, #8
  24:	4770      	bx	lr

Disassembly of section .text.i2cStart:

00000000 <i2cStart>:
i2cStart():
   0:	b510      	push	{r4, lr}
   2:	2118      	movs	r1, #24
   4:	4604      	mov	r4, r0
   6:	7840      	ldrb	r0, [r0, #1]
   8:	f7ff fffe 	bl	0 <pinConfig>
   c:	4620      	mov	r0, r4
   e:	f7ff fffe 	bl	0 <i2cStart>
  12:	2118      	movs	r1, #24
  14:	7820      	ldrb	r0, [r4, #0]
  16:	f7ff fffe 	bl	0 <pinConfig>
  1a:	6861      	ldr	r1, [r4, #4]
  1c:	89a2      	ldrh	r2, [r4, #12]
  1e:	f64f 73ff 	movw	r3, #65535	; 0xffff
  22:	6888      	ldr	r0, [r1, #8]
  24:	4202      	tst	r2, r0
  26:	d103      	bne.n	30 <i2cStart+0x30>
  28:	3b01      	subs	r3, #1
  2a:	b29b      	uxth	r3, r3
  2c:	2b00      	cmp	r3, #0
  2e:	d1f8      	bne.n	22 <i2cStart+0x22>
  30:	68a3      	ldr	r3, [r4, #8]
  32:	89e1      	ldrh	r1, [r4, #14]
  34:	689a      	ldr	r2, [r3, #8]
  36:	68da      	ldr	r2, [r3, #12]
  38:	ea22 0201 	bic.w	r2, r2, r1
  3c:	60da      	str	r2, [r3, #12]
  3e:	2103      	movs	r1, #3
  40:	7860      	ldrb	r0, [r4, #1]
  42:	f7ff fffe 	bl	0 <pinConfig>
  46:	4620      	mov	r0, r4
  48:	f7ff fffe 	bl	0 <i2cStart>
  4c:	6863      	ldr	r3, [r4, #4]
  4e:	89a1      	ldrh	r1, [r4, #12]
  50:	68da      	ldr	r2, [r3, #12]
  52:	ea22 0201 	bic.w	r2, r2, r1
  56:	60da      	str	r2, [r3, #12]
  58:	7820      	ldrb	r0, [r4, #0]
  5a:	2103      	movs	r1, #3
  5c:	e8bd 4010 	ldmia.w	sp!, {r4, lr}
  60:	f7ff bffe 	b.w	0 <pinConfig>

Disassembly of section .text.i2cStop:

00000000 <i2cStop>:
i2cStop():
   0:	b510      	push	{r4, lr}
   2:	6883      	ldr	r3, [r0, #8]
   4:	89c1      	ldrh	r1, [r0, #14]
   6:	68da      	ldr	r2, [r3, #12]
   8:	4604      	mov	r4, r0
   a:	ea22 0201 	bic.w	r2, r2, r1
   e:	60da      	str	r2, [r3, #12]
  10:	2103      	movs	r1, #3
  12:	7840      	ldrb	r0, [r0, #1]
  14:	f7ff fffe 	bl	0 <pinConfig>
  18:	4620      	mov	r0, r4
  1a:	f7ff fffe 	bl	0 <i2cStop>
  1e:	2118      	movs	r1, #24
  20:	7820      	ldrb	r0, [r4, #0]
  22:	f7ff fffe 	bl	0 <pinConfig>
  26:	6861      	ldr	r1, [r4, #4]
  28:	89a2      	ldrh	r2, [r4, #12]
  2a:	f64f 73ff 	movw	r3, #65535	; 0xffff
  2e:	6888      	ldr	r0, [r1, #8]
  30:	4202      	tst	r2, r0
  32:	d003      	beq.n	3c <i2cStop+0x3c>
  34:	3b01      	subs	r3, #1
  36:	b29b      	uxth	r3, r3
  38:	2b00      	cmp	r3, #0
  3a:	d1f8      	bne.n	2e <i2cStop+0x2e>
  3c:	2118      	movs	r1, #24
  3e:	7860      	ldrb	r0, [r4, #1]
  40:	f7ff fffe 	bl	0 <pinConfig>
  44:	68a3      	ldr	r3, [r4, #8]
  46:	89e2      	ldrh	r2, [r4, #14]
  48:	689b      	ldr	r3, [r3, #8]
  4a:	421a      	tst	r2, r3
  4c:	d103      	bne.n	56 <i2cStop+0x56>
  4e:	2002      	movs	r0, #2
  50:	4903      	ldr	r1, [pc, #12]	; (60 <i2cStop+0x60>)
  52:	f7ff fffe 	bl	0 <print>
  56:	4620      	mov	r0, r4
  58:	e8bd 4010 	ldmia.w	sp!, {r4, lr}
  5c:	f7ff bffe 	b.w	0 <i2cStop>
  60:	00000000 	.word	0x00000000

Disassembly of section .text.i2cWriteBit:

00000000 <i2cWriteBit>:
i2cWriteBit():
   0:	b570      	push	{r4, r5, r6, lr}
   2:	4604      	mov	r4, r0
   4:	460d      	mov	r5, r1
   6:	b111      	cbz	r1, e <i2cWriteBit+0xe>
   8:	7840      	ldrb	r0, [r0, #1]
   a:	2118      	movs	r1, #24
   c:	e007      	b.n	1e <i2cWriteBit+0x1e>
   e:	6883      	ldr	r3, [r0, #8]
  10:	89c1      	ldrh	r1, [r0, #14]
  12:	68da      	ldr	r2, [r3, #12]
  14:	ea22 0201 	bic.w	r2, r2, r1
  18:	60da      	str	r2, [r3, #12]
  1a:	7840      	ldrb	r0, [r0, #1]
  1c:	2103      	movs	r1, #3
  1e:	f7ff fffe 	bl	0 <pinConfig>
  22:	4620      	mov	r0, r4
  24:	f7ff fffe 	bl	0 <i2cWriteBit>
  28:	2118      	movs	r1, #24
  2a:	7820      	ldrb	r0, [r4, #0]
  2c:	f7ff fffe 	bl	0 <pinConfig>
  30:	6861      	ldr	r1, [r4, #4]
  32:	89a2      	ldrh	r2, [r4, #12]
  34:	f64f 73ff 	movw	r3, #65535	; 0xffff
  38:	6888      	ldr	r0, [r1, #8]
  3a:	4202      	tst	r2, r0
  3c:	d003      	beq.n	46 <i2cWriteBit+0x46>
  3e:	3b01      	subs	r3, #1
  40:	b29b      	uxth	r3, r3
  42:	2b00      	cmp	r3, #0
  44:	d1f8      	bne.n	38 <i2cWriteBit+0x38>
  46:	b12d      	cbz	r5, 54 <i2cWriteBit+0x54>
  48:	7860      	ldrb	r0, [r4, #1]
  4a:	2118      	movs	r1, #24
  4c:	f7ff fffe 	bl	0 <pinConfig>
  50:	68a3      	ldr	r3, [r4, #8]
  52:	689b      	ldr	r3, [r3, #8]
  54:	4620      	mov	r0, r4
  56:	f7ff fffe 	bl	0 <i2cWriteBit>
  5a:	6863      	ldr	r3, [r4, #4]
  5c:	89a1      	ldrh	r1, [r4, #12]
  5e:	68da      	ldr	r2, [r3, #12]
  60:	ea22 0201 	bic.w	r2, r2, r1
  64:	60da      	str	r2, [r3, #12]
  66:	7820      	ldrb	r0, [r4, #0]
  68:	2103      	movs	r1, #3
  6a:	e8bd 4070 	ldmia.w	sp!, {r4, r5, r6, lr}
  6e:	f7ff bffe 	b.w	0 <pinConfig>

Disassembly of section .text.i2cReadBit:

00000000 <i2cReadBit>:
i2cReadBit():
   0:	b538      	push	{r3, r4, r5, lr}
   2:	2118      	movs	r1, #24
   4:	4604      	mov	r4, r0
   6:	7840      	ldrb	r0, [r0, #1]
   8:	f7ff fffe 	bl	0 <pinConfig>
   c:	4620      	mov	r0, r4
   e:	f7ff fffe 	bl	0 <i2cReadBit>
  12:	2118      	movs	r1, #24
  14:	7820      	ldrb	r0, [r4, #0]
  16:	f7ff fffe 	bl	0 <pinConfig>
  1a:	6861      	ldr	r1, [r4, #4]
  1c:	89a2      	ldrh	r2, [r4, #12]
  1e:	f64f 73ff 	movw	r3, #65535	; 0xffff
  22:	6888      	ldr	r0, [r1, #8]
  24:	4202      	tst	r2, r0
  26:	d003      	beq.n	30 <i2cReadBit+0x30>
  28:	3b01      	subs	r3, #1
  2a:	b29b      	uxth	r3, r3
  2c:	2b00      	cmp	r3, #0
  2e:	d1f8      	bne.n	22 <i2cReadBit+0x22>
  30:	68a3      	ldr	r3, [r4, #8]
  32:	89e2      	ldrh	r2, [r4, #14]
  34:	689b      	ldr	r3, [r3, #8]
  36:	4620      	mov	r0, r4
  38:	421a      	tst	r2, r3
  3a:	bf0c      	ite	eq
  3c:	2500      	moveq	r5, #0
  3e:	2501      	movne	r5, #1
  40:	f7ff fffe 	bl	0 <i2cReadBit>
  44:	6863      	ldr	r3, [r4, #4]
  46:	89a1      	ldrh	r1, [r4, #12]
  48:	68da      	ldr	r2, [r3, #12]
  4a:	ea22 0201 	bic.w	r2, r2, r1
  4e:	60da      	str	r2, [r3, #12]
  50:	7820      	ldrb	r0, [r4, #0]
  52:	2103      	movs	r1, #3
  54:	f7ff fffe 	bl	0 <pinConfig>
  58:	4628      	mov	r0, r5
  5a:	bd38      	pop	{r3, r4, r5, pc}

Disassembly of section .text.i2cWriteByte:

00000000 <i2cWriteByte>:
i2cWriteByte():
   0:	b570      	push	{r4, r5, r6, lr}
   2:	460c      	mov	r4, r1
   4:	4605      	mov	r5, r0
   6:	4910      	ldr	r1, [pc, #64]	; (48 <i2cWriteByte+0x48>)
   8:	2002      	movs	r0, #2
   a:	4622      	mov	r2, r4
   c:	f7ff fffe 	bl	0 <print>
  10:	2608      	movs	r6, #8
  12:	f014 0f80 	tst.w	r4, #128	; 0x80
  16:	d002      	beq.n	1e <i2cWriteByte+0x1e>
  18:	4628      	mov	r0, r5
  1a:	2101      	movs	r1, #1
  1c:	e001      	b.n	22 <i2cWriteByte+0x22>
  1e:	4628      	mov	r0, r5
  20:	2100      	movs	r1, #0
  22:	3e01      	subs	r6, #1
  24:	b2f6      	uxtb	r6, r6
  26:	f7ff fffe 	bl	0 <i2cWriteByte>
  2a:	b116      	cbz	r6, 32 <i2cWriteByte+0x32>
  2c:	0064      	lsls	r4, r4, #1
  2e:	b2e4      	uxtb	r4, r4
  30:	e7ef      	b.n	12 <i2cWriteByte+0x12>
  32:	4628      	mov	r0, r5
  34:	f7ff fffe 	bl	0 <i2cWriteByte>
  38:	4604      	mov	r4, r0
  3a:	b118      	cbz	r0, 44 <i2cWriteByte+0x44>
  3c:	2002      	movs	r0, #2
  3e:	4903      	ldr	r1, [pc, #12]	; (4c <i2cWriteByte+0x4c>)
  40:	f7ff fffe 	bl	0 <print>
  44:	4620      	mov	r0, r4
  46:	bd70      	pop	{r4, r5, r6, pc}
  48:	0000000b 	.word	0x0000000b
  4c:	0000001a 	.word	0x0000001a

Disassembly of section .text.i2cWriteBuffer:

00000000 <i2cWriteBuffer>:
i2cWriteBuffer():
   0:	b5f8      	push	{r3, r4, r5, r6, r7, lr}
   2:	4604      	mov	r4, r0
   4:	461f      	mov	r7, r3
   6:	460d      	mov	r5, r1
   8:	4616      	mov	r6, r2
   a:	f7ff fffe 	bl	0 <i2cWriteBuffer>
   e:	4620      	mov	r0, r4
  10:	78a1      	ldrb	r1, [r4, #2]
  12:	f7ff fffe 	bl	0 <i2cWriteBuffer>
  16:	8a63      	ldrh	r3, [r4, #18]
  18:	f013 0f02 	tst.w	r3, #2
  1c:	d003      	beq.n	26 <i2cWriteBuffer+0x26>
  1e:	4620      	mov	r0, r4
  20:	0a29      	lsrs	r1, r5, #8
  22:	f7ff fffe 	bl	0 <i2cWriteBuffer>
  26:	b2e9      	uxtb	r1, r5
  28:	4620      	mov	r0, r4
  2a:	f7ff fffe 	bl	0 <i2cWriteBuffer>
  2e:	2500      	movs	r5, #0
  30:	e006      	b.n	40 <i2cWriteBuffer+0x40>
  32:	4620      	mov	r0, r4
  34:	f816 1b01 	ldrb.w	r1, [r6], #1
  38:	f7ff fffe 	bl	0 <i2cWriteBuffer>
  3c:	3501      	adds	r5, #1
  3e:	b2ad      	uxth	r5, r5
  40:	42bd      	cmp	r5, r7
  42:	d3f6      	bcc.n	32 <i2cWriteBuffer+0x32>
  44:	4620      	mov	r0, r4
  46:	f7ff fffe 	bl	0 <i2cWriteBuffer>
  4a:	bdf8      	pop	{r3, r4, r5, r6, r7, pc}

Disassembly of section .text.i2cReadByte:

00000000 <i2cReadByte>:
i2cReadByte():
   0:	b570      	push	{r4, r5, r6, lr}
   2:	4606      	mov	r6, r0
   4:	2508      	movs	r5, #8
   6:	2400      	movs	r4, #0
   8:	4630      	mov	r0, r6
   a:	f7ff fffe 	bl	0 <i2cReadByte>
   e:	3d01      	subs	r5, #1
  10:	ea40 0444 	orr.w	r4, r0, r4, lsl #1
  14:	b2ed      	uxtb	r5, r5
  16:	b2e4      	uxtb	r4, r4
  18:	2d00      	cmp	r5, #0
  1a:	d1f5      	bne.n	8 <i2cReadByte+0x8>
  1c:	4630      	mov	r0, r6
  1e:	4629      	mov	r1, r5
  20:	f7ff fffe 	bl	0 <i2cReadByte>
  24:	4620      	mov	r0, r4
  26:	bd70      	pop	{r4, r5, r6, pc}

Disassembly of section .text.i2cReadBuffer:

00000000 <i2cReadBuffer>:
i2cReadBuffer():
   0:	b5f8      	push	{r3, r4, r5, r6, r7, lr}
   2:	4604      	mov	r4, r0
   4:	461e      	mov	r6, r3
   6:	2300      	movs	r3, #0
   8:	4615      	mov	r5, r2
   a:	f7ff fffe 	bl	0 <i2cReadBuffer>
   e:	4620      	mov	r0, r4
  10:	f7ff fffe 	bl	0 <i2cReadBuffer>
  14:	78a1      	ldrb	r1, [r4, #2]
  16:	4620      	mov	r0, r4
  18:	f041 0101 	orr.w	r1, r1, #1
  1c:	f7ff fffe 	bl	0 <i2cReadBuffer>
  20:	2700      	movs	r7, #0
  22:	e006      	b.n	32 <i2cReadBuffer+0x32>
  24:	4620      	mov	r0, r4
  26:	f7ff fffe 	bl	0 <i2cReadBuffer>
  2a:	3701      	adds	r7, #1
  2c:	f805 0b01 	strb.w	r0, [r5], #1
  30:	b2bf      	uxth	r7, r7
  32:	42b7      	cmp	r7, r6
  34:	d3f6      	bcc.n	24 <i2cReadBuffer+0x24>
  36:	4620      	mov	r0, r4
  38:	2100      	movs	r1, #0
  3a:	f7ff fffe 	bl	0 <i2cReadBuffer>
  3e:	4620      	mov	r0, r4
  40:	f7ff fffe 	bl	0 <i2cReadBuffer>
  44:	bdf8      	pop	{r3, r4, r5, r6, r7, pc}

Disassembly of section .text.i2cResetBus:

00000000 <i2cResetBus>:
i2cResetBus():
   0:	2100      	movs	r1, #0
   2:	f7ff bffe 	b.w	0 <i2cResetBus>

Disassembly of section .text.streamReset:

00000000 <streamReset>:
streamReset():
   0:	2803      	cmp	r0, #3
   2:	b510      	push	{r4, lr}
   4:	d816      	bhi.n	34 <streamReset+0x34>
   6:	2324      	movs	r3, #36	; 0x24
   8:	4358      	muls	r0, r3
   a:	490b      	ldr	r1, [pc, #44]	; (38 <streamReset+0x38>)
   c:	2200      	movs	r2, #0
   e:	180b      	adds	r3, r1, r0
  10:	520a      	strh	r2, [r1, r0]
  12:	4614      	mov	r4, r2
  14:	4909      	ldr	r1, [pc, #36]	; (3c <streamReset+0x3c>)
  16:	805a      	strh	r2, [r3, #2]
  18:	809a      	strh	r2, [r3, #4]
  1a:	80da      	strh	r2, [r3, #6]
  1c:	811a      	strh	r2, [r3, #8]
  1e:	815a      	strh	r2, [r3, #10]
  20:	615a      	str	r2, [r3, #20]
  22:	619a      	str	r2, [r3, #24]
  24:	f883 2020 	strb.w	r2, [r3, #32]
  28:	4a05      	ldr	r2, [pc, #20]	; (40 <streamReset+0x40>)
  2a:	60d9      	str	r1, [r3, #12]
  2c:	6119      	str	r1, [r3, #16]
  2e:	61da      	str	r2, [r3, #28]
  30:	2001      	movs	r0, #1
  32:	bd10      	pop	{r4, pc}
  34:	2000      	movs	r0, #0
  36:	bd10      	pop	{r4, pc}
	...
  40:	00000029 	.word	0x00000029

Disassembly of section .text.streamInit:

00000000 <streamInit>:
streamInit():
   0:	b510      	push	{r4, lr}
   2:	2400      	movs	r4, #0
   4:	4620      	mov	r0, r4
   6:	3401      	adds	r4, #1
   8:	b2e4      	uxtb	r4, r4
   a:	f7ff fffe 	bl	0 <streamInit>
   e:	2c04      	cmp	r4, #4
  10:	d1f8      	bne.n	4 <streamInit+0x4>
  12:	bd10      	pop	{r4, pc}

Disassembly of section .text.streamGetSTDIO:

00000000 <streamGetSTDIO>:
streamGetSTDIO():
   0:	4b01      	ldr	r3, [pc, #4]	; (8 <streamGetSTDIO+0x8>)
   2:	7818      	ldrb	r0, [r3, #0]
   4:	4770      	bx	lr
   6:	bf00      	nop
   8:	00000000 	.word	0x00000000

Disassembly of section .text.streamSetSTDIO:

00000000 <streamSetSTDIO>:
streamSetSTDIO():
   0:	4b10      	ldr	r3, [pc, #64]	; (44 <streamSetSTDIO+0x44>)
   2:	2224      	movs	r2, #36	; 0x24
   4:	7018      	strb	r0, [r3, #0]
   6:	4350      	muls	r0, r2
   8:	4b0f      	ldr	r3, [pc, #60]	; (48 <streamSetSTDIO+0x48>)
   a:	181a      	adds	r2, r3, r0
   c:	8851      	ldrh	r1, [r2, #2]
   e:	5a18      	ldrh	r0, [r3, r0]
  10:	8059      	strh	r1, [r3, #2]
  12:	8891      	ldrh	r1, [r2, #4]
  14:	8018      	strh	r0, [r3, #0]
  16:	8099      	strh	r1, [r3, #4]
  18:	88d1      	ldrh	r1, [r2, #6]
  1a:	80d9      	strh	r1, [r3, #6]
  1c:	8911      	ldrh	r1, [r2, #8]
  1e:	8119      	strh	r1, [r3, #8]
  20:	8951      	ldrh	r1, [r2, #10]
  22:	8159      	strh	r1, [r3, #10]
  24:	68d1      	ldr	r1, [r2, #12]
  26:	60d9      	str	r1, [r3, #12]
  28:	6911      	ldr	r1, [r2, #16]
  2a:	6119      	str	r1, [r3, #16]
  2c:	6951      	ldr	r1, [r2, #20]
  2e:	6159      	str	r1, [r3, #20]
  30:	6991      	ldr	r1, [r2, #24]
  32:	6199      	str	r1, [r3, #24]
  34:	f892 1020 	ldrb.w	r1, [r2, #32]
  38:	69d2      	ldr	r2, [r2, #28]
  3a:	f883 1020 	strb.w	r1, [r3, #32]
  3e:	61da      	str	r2, [r3, #28]
  40:	4770      	bx	lr
  42:	bf00      	nop
	...

Disassembly of section .text.streamResetRX:

00000000 <streamResetRX>:
streamResetRX():
   0:	2803      	cmp	r0, #3
   2:	d806      	bhi.n	12 <streamResetRX+0x12>
   4:	4b03      	ldr	r3, [pc, #12]	; (14 <streamResetRX+0x14>)
   6:	2224      	movs	r2, #36	; 0x24
   8:	fb02 3000 	mla	r0, r2, r0, r3
   c:	2300      	movs	r3, #0
   e:	8043      	strh	r3, [r0, #2]
  10:	8083      	strh	r3, [r0, #4]
  12:	4770      	bx	lr
  14:	00000000 	.word	0x00000000

Disassembly of section .text.streamResetTX:

00000000 <streamResetTX>:
streamResetTX():
   0:	2803      	cmp	r0, #3
   2:	d806      	bhi.n	12 <streamResetTX+0x12>
   4:	4b03      	ldr	r3, [pc, #12]	; (14 <streamResetTX+0x14>)
   6:	2224      	movs	r2, #36	; 0x24
   8:	fb02 3000 	mla	r0, r2, r0, r3
   c:	2300      	movs	r3, #0
   e:	8103      	strh	r3, [r0, #8]
  10:	8143      	strh	r3, [r0, #10]
  12:	4770      	bx	lr
  14:	00000000 	.word	0x00000000

Disassembly of section .text.streamTXChar:

00000000 <streamTXChar>:
streamTXChar():
   0:	2803      	cmp	r0, #3
   2:	d813      	bhi.n	2c <streamTXChar+0x2c>
   4:	4b0d      	ldr	r3, [pc, #52]	; (3c <streamTXChar+0x3c>)
   6:	2224      	movs	r2, #36	; 0x24
   8:	fb02 3000 	mla	r0, r2, r0, r3
   c:	8942      	ldrh	r2, [r0, #10]
   e:	b16a      	cbz	r2, 2c <streamTXChar+0x2c>
  10:	3a01      	subs	r2, #1
  12:	8142      	strh	r2, [r0, #10]
  14:	6983      	ldr	r3, [r0, #24]
  16:	8902      	ldrh	r2, [r0, #8]
  18:	5c9b      	ldrb	r3, [r3, r2]
  1a:	3201      	adds	r2, #1
  1c:	808b      	strh	r3, [r1, #4]
  1e:	88c3      	ldrh	r3, [r0, #6]
  20:	fb92 f1f3 	sdiv	r1, r2, r3
  24:	fb03 2311 	mls	r3, r3, r1, r2
  28:	8103      	strh	r3, [r0, #8]
  2a:	4770      	bx	lr
  2c:	898b      	ldrh	r3, [r1, #12]
  2e:	f023 0380 	bic.w	r3, r3, #128	; 0x80
  32:	041b      	lsls	r3, r3, #16
  34:	0c1b      	lsrs	r3, r3, #16
  36:	818b      	strh	r3, [r1, #12]
  38:	4770      	bx	lr
  3a:	bf00      	nop
  3c:	00000000 	.word	0x00000000

Disassembly of section .text.streamGetChar:

00000000 <streamGetChar>:
streamGetChar():
   0:	b5302803 	.word	0xb5302803
   4:	d812      	bhi.n	2c <streamGetChar+0x2c>
   6:	2124      	movs	r1, #36	; 0x24
   8:	4341      	muls	r1, r0
   a:	4d09      	ldr	r5, [pc, #36]	; (30 <streamGetChar+0x30>)
   c:	186b      	adds	r3, r5, r1
   e:	8898      	ldrh	r0, [r3, #4]
  10:	b168      	cbz	r0, 2e <streamGetChar+0x2e>
  12:	885a      	ldrh	r2, [r3, #2]
  14:	5a69      	ldrh	r1, [r5, r1]
  16:	1c54      	adds	r4, r2, #1
  18:	fb94 f5f1 	sdiv	r5, r4, r1
  1c:	fb01 4115 	mls	r1, r1, r5, r4
  20:	3801      	subs	r0, #1
  22:	8059      	strh	r1, [r3, #2]
  24:	8098      	strh	r0, [r3, #4]
  26:	695b      	ldr	r3, [r3, #20]
  28:	5c98      	ldrb	r0, [r3, r2]
  2a:	bd30      	pop	{r4, r5, pc}
  2c:	2000      	movs	r0, #0
  2e:	bd30      	pop	{r4, r5, pc}
  30:	00000000 	.word	0x00000000

Disassembly of section .text.streamPutChar:

00000000 <streamPutChar>:
streamPutChar():
   0:	2803      	cmp	r0, #3
   2:	b530      	push	{r4, r5, lr}
   4:	d818      	bhi.n	38 <streamPutChar+0x38>
   6:	4b0e      	ldr	r3, [pc, #56]	; (40 <streamPutChar+0x40>)
   8:	2224      	movs	r2, #36	; 0x24
   a:	fb02 3000 	mla	r0, r2, r0, r3
   e:	88c2      	ldrh	r2, [r0, #6]
  10:	8944      	ldrh	r4, [r0, #10]
  12:	1e55      	subs	r5, r2, #1
  14:	42ac      	cmp	r4, r5
  16:	f100 0308 	add.w	r3, r0, #8
  1a:	da0f      	bge.n	3c <streamPutChar+0x3c>
  1c:	8905      	ldrh	r5, [r0, #8]
  1e:	6980      	ldr	r0, [r0, #24]
  20:	192c      	adds	r4, r5, r4
  22:	fb94 f5f2 	sdiv	r5, r4, r2
  26:	fb02 4215 	mls	r2, r2, r5, r4
  2a:	b292      	uxth	r2, r2
  2c:	5481      	strb	r1, [r0, r2]
  2e:	885a      	ldrh	r2, [r3, #2]
  30:	2001      	movs	r0, #1
  32:	3201      	adds	r2, #1
  34:	805a      	strh	r2, [r3, #2]
  36:	bd30      	pop	{r4, r5, pc}
  38:	2000      	movs	r0, #0
  3a:	bd30      	pop	{r4, r5, pc}
  3c:	2000      	movs	r0, #0
  3e:	bd30      	pop	{r4, r5, pc}
  40:	00000000 	.word	0x00000000

Disassembly of section .text.putsUSART3FIFO:

00000000 <putsUSART3FIFO>:
putsUSART3FIFO():
   0:	b570      	push	{r4, r5, r6, lr}
   2:	4606      	mov	r6, r0
   4:	2400      	movs	r4, #0
   6:	e018      	b.n	3a <putsUSART3FIFO+0x3a>
   8:	4a0e      	ldr	r2, [pc, #56]	; (44 <putsUSART3FIFO+0x44>)
   a:	2580      	movs	r5, #128	; 0x80
   c:	8993      	ldrh	r3, [r2, #12]
   e:	f023 0380 	bic.w	r3, r3, #128	; 0x80
  12:	041b      	lsls	r3, r3, #16
  14:	0c1b      	lsrs	r3, r3, #16
  16:	8193      	strh	r3, [r2, #12]
  18:	2002      	movs	r0, #2
  1a:	5d31      	ldrb	r1, [r6, r4]
  1c:	f7ff fffe 	bl	0 <putsUSART3FIFO>
  20:	b108      	cbz	r0, 26 <putsUSART3FIFO+0x26>
  22:	3401      	adds	r4, #1
  24:	e009      	b.n	3a <putsUSART3FIFO+0x3a>
  26:	4b07      	ldr	r3, [pc, #28]	; (44 <putsUSART3FIFO+0x44>)
  28:	3d01      	subs	r5, #1
  2a:	899a      	ldrh	r2, [r3, #12]
  2c:	b2ad      	uxth	r5, r5
  2e:	b292      	uxth	r2, r2
  30:	f042 0280 	orr.w	r2, r2, #128	; 0x80
  34:	819a      	strh	r2, [r3, #12]
  36:	2d00      	cmp	r5, #0
  38:	d1ee      	bne.n	18 <putsUSART3FIFO+0x18>
  3a:	5d33      	ldrb	r3, [r6, r4]
  3c:	2b00      	cmp	r3, #0
  3e:	d1e3      	bne.n	8 <putsUSART3FIFO+0x8>
  40:	2001      	movs	r0, #1
  42:	bd70      	pop	{r4, r5, r6, pc}
  44:	40004800 	.word	0x40004800

Disassembly of section .text.putsUSART2FIFO:

00000000 <putsUSART2FIFO>:
putsUSART2FIFO():
   0:	b570      	push	{r4, r5, r6, lr}
   2:	4606      	mov	r6, r0
   4:	2400      	movs	r4, #0
   6:	e018      	b.n	3a <putsUSART2FIFO+0x3a>
   8:	4a0e      	ldr	r2, [pc, #56]	; (44 <putsUSART2FIFO+0x44>)
   a:	2580      	movs	r5, #128	; 0x80
   c:	8993      	ldrh	r3, [r2, #12]
   e:	f023 0380 	bic.w	r3, r3, #128	; 0x80
  12:	041b      	lsls	r3, r3, #16
  14:	0c1b      	lsrs	r3, r3, #16
  16:	8193      	strh	r3, [r2, #12]
  18:	2001      	movs	r0, #1
  1a:	5d31      	ldrb	r1, [r6, r4]
  1c:	f7ff fffe 	bl	0 <putsUSART2FIFO>
  20:	b108      	cbz	r0, 26 <putsUSART2FIFO+0x26>
  22:	3401      	adds	r4, #1
  24:	e009      	b.n	3a <putsUSART2FIFO+0x3a>
  26:	4b07      	ldr	r3, [pc, #28]	; (44 <putsUSART2FIFO+0x44>)
  28:	3d01      	subs	r5, #1
  2a:	899a      	ldrh	r2, [r3, #12]
  2c:	b2ad      	uxth	r5, r5
  2e:	b292      	uxth	r2, r2
  30:	f042 0280 	orr.w	r2, r2, #128	; 0x80
  34:	819a      	strh	r2, [r3, #12]
  36:	2d00      	cmp	r5, #0
  38:	d1ee      	bne.n	18 <putsUSART2FIFO+0x18>
  3a:	5d33      	ldrb	r3, [r6, r4]
  3c:	2b00      	cmp	r3, #0
  3e:	d1e3      	bne.n	8 <putsUSART2FIFO+0x8>
  40:	2001      	movs	r0, #1
  42:	bd70      	pop	{r4, r5, r6, pc}
  44:	40004400 	.word	0x40004400

Disassembly of section .text.streamIsEmpty:

00000000 <streamIsEmpty>:
streamIsEmpty():
   0:	22244b04 	.word	0x22244b04
   4:	fb02 3300 	mla	r3, r2, r0, r3
   8:	8898      	ldrh	r0, [r3, #4]
   a:	f1d0 0001 	rsbs	r0, r0, #1
   e:	bf38      	it	cc
  10:	2000      	movcc	r0, #0
  12:	4770      	bx	lr
  14:	00000000 	.word	0x00000000

Disassembly of section .text.streamFIFOToString:

00000000 <streamFIFOToString>:
streamFIFOToString():
   0:	b538      	push	{r3, r4, r5, lr}
   2:	4604      	mov	r4, r0
   4:	460d      	mov	r5, r1
   6:	e004      	b.n	12 <streamFIFOToString+0x12>
   8:	4620      	mov	r0, r4
   a:	f7ff fffe 	bl	0 <streamFIFOToString>
   e:	f805 0b01 	strb.w	r0, [r5], #1
  12:	4620      	mov	r0, r4
  14:	f7ff fffe 	bl	0 <streamFIFOToString>
  18:	2800      	cmp	r0, #0
  1a:	d0f5      	beq.n	8 <streamFIFOToString+0x8>
  1c:	2300      	movs	r3, #0
  1e:	702b      	strb	r3, [r5, #0]
  20:	bd38      	pop	{r3, r4, r5, pc}

Disassembly of section .text.streamPopChar:

00000000 <streamPopChar>:
streamPopChar():
   0:	2803      	cmp	r0, #3
   2:	b530      	push	{r4, r5, lr}
   4:	d813      	bhi.n	2e <streamPopChar+0x2e>
   6:	2424      	movs	r4, #36	; 0x24
   8:	4344      	muls	r4, r0
   a:	4d0a      	ldr	r5, [pc, #40]	; (34 <streamPopChar+0x34>)
   c:	192b      	adds	r3, r5, r4
   e:	8898      	ldrh	r0, [r3, #4]
  10:	b170      	cbz	r0, 30 <streamPopChar+0x30>
  12:	8859      	ldrh	r1, [r3, #2]
  14:	3801      	subs	r0, #1
  16:	b280      	uxth	r0, r0
  18:	5b2a      	ldrh	r2, [r5, r4]
  1a:	1841      	adds	r1, r0, r1
  1c:	8098      	strh	r0, [r3, #4]
  1e:	fb91 f0f2 	sdiv	r0, r1, r2
  22:	fb02 1210 	mls	r2, r2, r0, r1
  26:	695b      	ldr	r3, [r3, #20]
  28:	b292      	uxth	r2, r2
  2a:	5c98      	ldrb	r0, [r3, r2]
  2c:	bd30      	pop	{r4, r5, pc}
  2e:	2000      	movs	r0, #0
  30:	bd30      	pop	{r4, r5, pc}
  32:	bf00      	nop
  34:	00000000 	.word	0x00000000

Disassembly of section .text.streamPeekChar:

00000000 <streamPeekChar>:
streamPeekChar():
   0:	b5102803 	.word	0xb5102803
   4:	d811      	bhi.n	2a <streamPeekChar+0x2a>
   6:	2124      	movs	r1, #36	; 0x24
   8:	4341      	muls	r1, r0
   a:	4c09      	ldr	r4, [pc, #36]	; (30 <streamPeekChar+0x30>)
   c:	1863      	adds	r3, r4, r1
   e:	8898      	ldrh	r0, [r3, #4]
  10:	b160      	cbz	r0, 2c <streamPeekChar+0x2c>
  12:	885a      	ldrh	r2, [r3, #2]
  14:	695b      	ldr	r3, [r3, #20]
  16:	1810      	adds	r0, r2, r0
  18:	5a62      	ldrh	r2, [r4, r1]
  1a:	3801      	subs	r0, #1
  1c:	fb90 f1f2 	sdiv	r1, r0, r2
  20:	fb02 0011 	mls	r0, r2, r1, r0
  24:	b280      	uxth	r0, r0
  26:	5c18      	ldrb	r0, [r3, r0]
  28:	bd10      	pop	{r4, pc}
  2a:	2000      	movs	r0, #0
  2c:	bd10      	pop	{r4, pc}
  2e:	bf00      	nop
  30:	00000000 	.word	0x00000000

Disassembly of section .text.streamPushChar:

00000000 <streamPushChar>:
streamPushChar():
   0:	2803      	cmp	r0, #3
   2:	b530      	push	{r4, r5, lr}
   4:	d812      	bhi.n	2c <streamPushChar+0x2c>
   6:	2324      	movs	r3, #36	; 0x24
   8:	4358      	muls	r0, r3
   a:	4c09      	ldr	r4, [pc, #36]	; (30 <streamPushChar+0x30>)
   c:	1823      	adds	r3, r4, r0
   e:	889a      	ldrh	r2, [r3, #4]
  10:	5a20      	ldrh	r0, [r4, r0]
  12:	4282      	cmp	r2, r0
  14:	d20a      	bcs.n	2c <streamPushChar+0x2c>
  16:	885c      	ldrh	r4, [r3, #2]
  18:	1914      	adds	r4, r2, r4
  1a:	fb94 f5f0 	sdiv	r5, r4, r0
  1e:	fb00 4015 	mls	r0, r0, r5, r4
  22:	3201      	adds	r2, #1
  24:	809a      	strh	r2, [r3, #4]
  26:	695b      	ldr	r3, [r3, #20]
  28:	b280      	uxth	r0, r0
  2a:	5419      	strb	r1, [r3, r0]
  2c:	bd30      	pop	{r4, r5, pc}
  2e:	bf00      	nop
  30:	00000000 	.word	0x00000000

Disassembly of section .text.streamSetPut:

00000000 <streamSetPut>:
streamSetPut():
   0:	d8062803 	.word	0xd8062803
   4:	4b04      	ldr	r3, [pc, #16]	; (18 <streamSetPut+0x18>)
   6:	2224      	movs	r2, #36	; 0x24
   8:	fb02 3000 	mla	r0, r2, r0, r3
   c:	60c1      	str	r1, [r0, #12]
   e:	2001      	movs	r0, #1
  10:	4770      	bx	lr
  12:	2000      	movs	r0, #0
  14:	4770      	bx	lr
  16:	bf00      	nop
  18:	00000000 	.word	0x00000000

Disassembly of section .text.streamSetGet:

00000000 <streamSetGet>:
streamSetGet():
   0:	2803      	cmp	r0, #3
   2:	d806      	bhi.n	12 <streamSetGet+0x12>
   4:	4b04      	ldr	r3, [pc, #16]	; (18 <streamSetGet+0x18>)
   6:	2224      	movs	r2, #36	; 0x24
   8:	fb02 3000 	mla	r0, r2, r0, r3
   c:	6101      	str	r1, [r0, #16]
   e:	2001      	movs	r0, #1
  10:	4770      	bx	lr
  12:	2000      	movs	r0, #0
  14:	4770      	bx	lr
  16:	bf00      	nop
  18:	00000000 	.word	0x00000000

Disassembly of section .text.streamSetRXBuffer:

00000000 <streamSetRXBuffer>:
streamSetRXBuffer():
   0:	2803      	cmp	r0, #3
   2:	b510      	push	{r4, lr}
   4:	d807      	bhi.n	16 <streamSetRXBuffer+0x16>
   6:	2424      	movs	r4, #36	; 0x24
   8:	4360      	muls	r0, r4
   a:	4b04      	ldr	r3, [pc, #16]	; (1c <streamSetRXBuffer+0x1c>)
   c:	181c      	adds	r4, r3, r0
   e:	521a      	strh	r2, [r3, r0]
  10:	6161      	str	r1, [r4, #20]
  12:	2001      	movs	r0, #1
  14:	bd10      	pop	{r4, pc}
  16:	2000      	movs	r0, #0
  18:	bd10      	pop	{r4, pc}
  1a:	bf00      	nop
  1c:	00000000 	.word	0x00000000

Disassembly of section .text.streamSetTXBuffer:

00000000 <streamSetTXBuffer>:
streamSetTXBuffer():
   0:	2803      	cmp	r0, #3
   2:	b510      	push	{r4, lr}
   4:	d807      	bhi.n	16 <streamSetTXBuffer+0x16>
   6:	4b05      	ldr	r3, [pc, #20]	; (1c <streamSetTXBuffer+0x1c>)
   8:	2424      	movs	r4, #36	; 0x24
   a:	fb04 3000 	mla	r0, r4, r0, r3
   e:	6181      	str	r1, [r0, #24]
  10:	80c2      	strh	r2, [r0, #6]
  12:	2001      	movs	r0, #1
  14:	bd10      	pop	{r4, pc}
  16:	2000      	movs	r0, #0
  18:	bd10      	pop	{r4, pc}
  1a:	bf00      	nop
  1c:	00000000 	.word	0x00000000

Disassembly of section .text.streamSetActionChars:

00000000 <streamSetActionChars>:
streamSetActionChars():
   0:	22244b02 	.word	0x22244b02
   4:	fb02 3300 	mla	r3, r2, r0, r3
   8:	61d9      	str	r1, [r3, #28]
   a:	4770      	bx	lr
   c:	00000000 	.word	0x00000000

Disassembly of section .text.streamGetEcho:

00000000 <streamGetEcho>:
streamGetEcho():
   0:	4b04      	ldr	r3, [pc, #16]	; (14 <streamGetEcho+0x14>)
   2:	2224      	movs	r2, #36	; 0x24
   4:	fb02 3300 	mla	r3, r2, r0, r3
   8:	f893 0020 	ldrb.w	r0, [r3, #32]
   c:	f000 0002 	and.w	r0, r0, #2
  10:	4770      	bx	lr
  12:	bf00      	nop
  14:	00000000 	.word	0x00000000

Disassembly of section .text.streamEnableEcho:

00000000 <streamEnableEcho>:
streamEnableEcho():
   0:	4b05      	ldr	r3, [pc, #20]	; (18 <streamEnableEcho+0x18>)
   2:	2224      	movs	r2, #36	; 0x24
   4:	fb02 3300 	mla	r3, r2, r0, r3
   8:	f893 2020 	ldrb.w	r2, [r3, #32]
   c:	f042 0202 	orr.w	r2, r2, #2
  10:	f883 2020 	strb.w	r2, [r3, #32]
  14:	4770      	bx	lr
  16:	bf00      	nop
  18:	00000000 	.word	0x00000000

Disassembly of section .text.streamDisableEcho:

00000000 <streamDisableEcho>:
streamDisableEcho():
   0:	4b05      	ldr	r3, [pc, #20]	; (18 <streamDisableEcho+0x18>)
   2:	2224      	movs	r2, #36	; 0x24
   4:	fb02 3300 	mla	r3, r2, r0, r3
   8:	f893 2020 	ldrb.w	r2, [r3, #32]
   c:	f022 0202 	bic.w	r2, r2, #2
  10:	f883 2020 	strb.w	r2, [r3, #32]
  14:	4770      	bx	lr
  16:	bf00      	nop
  18:	00000000 	.word	0x00000000

Disassembly of section .text.streamEnableActionChars:

00000000 <streamEnableActionChars>:
streamEnableActionChars():
   0:	4b05      	ldr	r3, [pc, #20]	; (18 <streamEnableActionChars+0x18>)
   2:	2224      	movs	r2, #36	; 0x24
   4:	fb02 3300 	mla	r3, r2, r0, r3
   8:	f893 2020 	ldrb.w	r2, [r3, #32]
   c:	f042 0208 	orr.w	r2, r2, #8
  10:	f883 2020 	strb.w	r2, [r3, #32]
  14:	4770      	bx	lr
  16:	bf00      	nop
  18:	00000000 	.word	0x00000000

Disassembly of section .text.streamDisableActionChars:

00000000 <streamDisableActionChars>:
streamDisableActionChars():
   0:	4b05      	ldr	r3, [pc, #20]	; (18 <streamDisableActionChars+0x18>)
   2:	2224      	movs	r2, #36	; 0x24
   4:	fb02 3300 	mla	r3, r2, r0, r3
   8:	f893 2020 	ldrb.w	r2, [r3, #32]
   c:	f022 0208 	bic.w	r2, r2, #8
  10:	f883 2020 	strb.w	r2, [r3, #32]
  14:	4770      	bx	lr
  16:	bf00      	nop
  18:	00000000 	.word	0x00000000

Disassembly of section .text.streamEnableBackspace:

00000000 <streamEnableBackspace>:
streamEnableBackspace():
   0:	4b05      	ldr	r3, [pc, #20]	; (18 <streamEnableBackspace+0x18>)
   2:	2224      	movs	r2, #36	; 0x24
   4:	fb02 3300 	mla	r3, r2, r0, r3
   8:	f893 2020 	ldrb.w	r2, [r3, #32]
   c:	f042 0204 	orr.w	r2, r2, #4
  10:	f883 2020 	strb.w	r2, [r3, #32]
  14:	4770      	bx	lr
  16:	bf00      	nop
  18:	00000000 	.word	0x00000000

Disassembly of section .text.streamDisableBackspace:

00000000 <streamDisableBackspace>:
streamDisableBackspace():
   0:	4b05      	ldr	r3, [pc, #20]	; (18 <streamDisableBackspace+0x18>)
   2:	2224      	movs	r2, #36	; 0x24
   4:	fb02 3300 	mla	r3, r2, r0, r3
   8:	f893 2020 	ldrb.w	r2, [r3, #32]
   c:	f022 0204 	bic.w	r2, r2, #4
  10:	f883 2020 	strb.w	r2, [r3, #32]
  14:	4770      	bx	lr
  16:	bf00      	nop
  18:	00000000 	.word	0x00000000

Disassembly of section .text.USART2_IRQHandler:

00000000 <USART2_IRQHandler>:
USART2_IRQHandler():
   0:	b5f8      	push	{r3, r4, r5, r6, r7, lr}
   2:	4d1c      	ldr	r5, [pc, #112]	; (74 <USART2_IRQHandler+0x74>)
   4:	882b      	ldrh	r3, [r5, #0]
   6:	f013 0f20 	tst.w	r3, #32
   a:	d027      	beq.n	5c <USART2_IRQHandler+0x5c>
   c:	88ac      	ldrh	r4, [r5, #4]
   e:	4e1a      	ldr	r6, [pc, #104]	; (78 <USART2_IRQHandler+0x78>)
  10:	b2e4      	uxtb	r4, r4
  12:	4620      	mov	r0, r4
  14:	6c31      	ldr	r1, [r6, #64]	; 0x40
  16:	f7ff fffe 	bl	0 <isCharInString>
  1a:	f896 3044 	ldrb.w	r3, [r6, #68]	; 0x44
  1e:	b2c7      	uxtb	r7, r0
  20:	f013 0f02 	tst.w	r3, #2
  24:	d001      	beq.n	2a <USART2_IRQHandler+0x2a>
  26:	b907      	cbnz	r7, 2a <USART2_IRQHandler+0x2a>
  28:	80ac      	strh	r4, [r5, #4]
  2a:	f896 3044 	ldrb.w	r3, [r6, #68]	; 0x44
  2e:	f013 0f04 	tst.w	r3, #4
  32:	d005      	beq.n	40 <USART2_IRQHandler+0x40>
  34:	2c08      	cmp	r4, #8
  36:	d103      	bne.n	40 <USART2_IRQHandler+0x40>
  38:	2001      	movs	r0, #1
  3a:	f7ff fffe 	bl	0 <USART2_IRQHandler>
  3e:	e003      	b.n	48 <USART2_IRQHandler+0x48>
  40:	2001      	movs	r0, #1
  42:	4621      	mov	r1, r4
  44:	f7ff fffe 	bl	0 <USART2_IRQHandler>
  48:	6b73      	ldr	r3, [r6, #52]	; 0x34
  4a:	b13b      	cbz	r3, 5c <USART2_IRQHandler+0x5c>
  4c:	4a0a      	ldr	r2, [pc, #40]	; (78 <USART2_IRQHandler+0x78>)
  4e:	f892 2044 	ldrb.w	r2, [r2, #68]	; 0x44
  52:	f012 0f08 	tst.w	r2, #8
  56:	d000      	beq.n	5a <USART2_IRQHandler+0x5a>
  58:	b107      	cbz	r7, 5c <USART2_IRQHandler+0x5c>
  5a:	4798      	blx	r3
  5c:	4c05      	ldr	r4, [pc, #20]	; (74 <USART2_IRQHandler+0x74>)
  5e:	8823      	ldrh	r3, [r4, #0]
  60:	f013 0f80 	tst.w	r3, #128	; 0x80
  64:	d003      	beq.n	6e <USART2_IRQHandler+0x6e>
  66:	2001      	movs	r0, #1
  68:	4621      	mov	r1, r4
  6a:	f7ff fffe 	bl	0 <USART2_IRQHandler>
  6e:	2300      	movs	r3, #0
  70:	8023      	strh	r3, [r4, #0]
  72:	bdf8      	pop	{r3, r4, r5, r6, r7, pc}
  74:	40004400 	.word	0x40004400
  78:	00000000 	.word	0x00000000

Disassembly of section .text.USART3_IRQHandler:

00000000 <USART3_IRQHandler>:
USART3_IRQHandler():
   0:	b5f8      	push	{r3, r4, r5, r6, r7, lr}
   2:	4d1c      	ldr	r5, [pc, #112]	; (74 <USART3_IRQHandler+0x74>)
   4:	882b      	ldrh	r3, [r5, #0]
   6:	f013 0f20 	tst.w	r3, #32
   a:	d027      	beq.n	5c <USART3_IRQHandler+0x5c>
   c:	88ac      	ldrh	r4, [r5, #4]
   e:	4e1a      	ldr	r6, [pc, #104]	; (78 <USART3_IRQHandler+0x78>)
  10:	b2e4      	uxtb	r4, r4
  12:	4620      	mov	r0, r4
  14:	6e71      	ldr	r1, [r6, #100]	; 0x64
  16:	f7ff fffe 	bl	0 <isCharInString>
  1a:	f896 3068 	ldrb.w	r3, [r6, #104]	; 0x68
  1e:	b2c7      	uxtb	r7, r0
  20:	f013 0f02 	tst.w	r3, #2
  24:	d001      	beq.n	2a <USART3_IRQHandler+0x2a>
  26:	b907      	cbnz	r7, 2a <USART3_IRQHandler+0x2a>
  28:	80ac      	strh	r4, [r5, #4]
  2a:	f896 3068 	ldrb.w	r3, [r6, #104]	; 0x68
  2e:	f013 0f04 	tst.w	r3, #4
  32:	d005      	beq.n	40 <USART3_IRQHandler+0x40>
  34:	2c08      	cmp	r4, #8
  36:	d103      	bne.n	40 <USART3_IRQHandler+0x40>
  38:	2002      	movs	r0, #2
  3a:	f7ff fffe 	bl	0 <USART3_IRQHandler>
  3e:	e003      	b.n	48 <USART3_IRQHandler+0x48>
  40:	2002      	movs	r0, #2
  42:	4621      	mov	r1, r4
  44:	f7ff fffe 	bl	0 <USART3_IRQHandler>
  48:	6db3      	ldr	r3, [r6, #88]	; 0x58
  4a:	b13b      	cbz	r3, 5c <USART3_IRQHandler+0x5c>
  4c:	4a0a      	ldr	r2, [pc, #40]	; (78 <USART3_IRQHandler+0x78>)
  4e:	f892 2068 	ldrb.w	r2, [r2, #104]	; 0x68
  52:	f012 0f08 	tst.w	r2, #8
  56:	d000      	beq.n	5a <USART3_IRQHandler+0x5a>
  58:	b107      	cbz	r7, 5c <USART3_IRQHandler+0x5c>
  5a:	4798      	blx	r3
  5c:	4c05      	ldr	r4, [pc, #20]	; (74 <USART3_IRQHandler+0x74>)
  5e:	8823      	ldrh	r3, [r4, #0]
  60:	f013 0f80 	tst.w	r3, #128	; 0x80
  64:	d003      	beq.n	6e <USART3_IRQHandler+0x6e>
  66:	2002      	movs	r0, #2
  68:	4621      	mov	r1, r4
  6a:	f7ff fffe 	bl	0 <USART3_IRQHandler>
  6e:	2300      	movs	r3, #0
  70:	8023      	strh	r3, [r4, #0]
  72:	bdf8      	pop	{r3, r4, r5, r6, r7, pc}
  74:	40004800 	.word	0x40004800
  78:	00000000 	.word	0x00000000
